#
# A fatal error has been detected by the Java Runtime Environment:
#
#  SIGSEGV (0xb) at pc=0x00007ff80bc8071d, pid=12076, tid=0x0000000000000103
#
# JRE version: Java(TM) SE Runtime Environment (8.0_202-b08) (build 1.8.0_202-b08)
# Java VM: Java HotSpot(TM) 64-Bit Server VM (25.202-b08 mixed mode bsd-amd64 compressed oops)
# Problematic frame:
# C  [libobjc.A.dylib+0x671d]  objc_msgSend+0x1d
#
# Failed to write core dump. Core dumps have been disabled. To enable core dumping, try "ulimit -c unlimited" before starting Java again
#
# If you would like to submit a bug report, please visit:
#   http://bugreport.java.com/bugreport/crash.jsp
# The crash happened outside the Java Virtual Machine in native code.
# See problematic frame for where to report the bug.
#

---------------  T H R E A D  ---------------

Current thread (0x00007fc42d0b4000):  JavaThread "AWT-AppKit" daemon [_thread_in_native, id=259, stack(0x000000030cfa5000,0x000000030d7a5000)]

siginfo: si_signo: 11 (SIGSEGV), si_code: 1 (SEGV_MAPERR), si_addr: 0x00000721fb564298

Registers:
RAX=0x0000600003d9d450, RBX=0x000000019e94b450, RCX=0x0000000000000000, RDX=0x0000000000000001
RSP=0x000000030d7a02d8, RBP=0x000000030d7a0390, RSI=0x00007ff82665583e, RDI=0x0000600001e24280
R8 =0x0000000000000017, R9 =0x0000000000000018, R10=0x00000721fb564280, R11=0x00007ff82665583e
R12=0x0000000000000000, R13=0x00000001a1cedfc0, R14=0x000000019e94b440, R15=0x00007fc42d0b4000
RIP=0x00007ff80bc8071d, EFLAGS=0x0000000000000247, ERR=0x0000000000000004
  TRAPNO=0x000000000000000e

Top of Stack: (sp=0x000000030d7a02d8)
0x000000030d7a02d8:   000000019e949157 000000030d7a0330
0x000000030d7a02e8:   0000000000000003 000000030d7a0310
0x000000030d7a02f8:   000000010e21d952 00000001a1cedfc0
0x000000030d7a0308:   00000001a1cedfc0 0000600003d9d450
0x000000030d7a0318:   000000019e94b6a0 000000019e94b710
0x000000030d7a0328:   00007ff84eab9918 00007ff84d852570
0x000000030d7a0338:   000000019e94b450 000000019e94b690
0x000000030d7a0348:   0000600003d9d450 0000600001e24280
0x000000030d7a0358:   00006000010e0030 0000600003d9d450
0x000000030d7a0368:   0000600001e24280 000000030d7a0418
0x000000030d7a0378:   00007fc42d0b41f8 00000001a1cedfc0
0x000000030d7a0388:   000000030d7a0440 000000030d7a0408
0x000000030d7a0398:   000000010ffa90c7 00000001a1cedfc0
0x000000030d7a03a8:   000000030d7a0440 000000030d7a0408
0x000000030d7a03b8:   000000010ffa8e27 000000010ffa8de2
0x000000030d7a03c8:   000000030d7a03c8 00000001a1cedfc0
0x000000030d7a03d8:   000000030d7a0440 00000001a1a4e9e8
0x000000030d7a03e8:   0000000000000000 00000001a1cedfc0
0x000000030d7a03f8:   0000000000000000 000000030d7a0428
0x000000030d7a0408:   000000030d7a0488 000000010ff992bd
0x000000030d7a0418:   00000006c00787e8 000000010ffa2d18
0x000000030d7a0428:   0000600003d9d450 000000030d7a0488
0x000000030d7a0438:   0000600001e24280 000000010ffa4782
0x000000030d7a0448:   000000030d7a0448 00000001a1cee18a
0x000000030d7a0458:   000000030d7a04b0 00000001a1a4e9e8
0x000000030d7a0468:   0000000000000000 00000001a1cee198
0x000000030d7a0478:   000000030d7a0428 000000030d7a0498
0x000000030d7a0488:   000000030d7a04f8 000000010ff992bd
0x000000030d7a0498:   0000600003d9d450 00000006c018ef50
0x000000030d7a04a8:   0000600001e24280 00000006c018ef50
0x000000030d7a04b8:   000000030d7a04b8 00000001a766c266
0x000000030d7a04c8:   000000030d7a0508 00000001a766c320 

Instructions: (pc=0x00007ff80bc8071d)
0x00007ff80bc806fd:   44 00 00 48 85 ff 2e 74 72 40 f6 c7 01 2e 75 76
0x00007ff80bc8070d:   49 ba f8 ff ff ff ff 7f 00 00 4c 23 17 49 89 f3
0x00007ff80bc8071d:   45 23 5a 18 49 c1 e3 04 4d 03 5a 10 49 3b 33 75
0x00007ff80bc8072d:   0a 4d 8b 5b 08 4d 31 d3 41 ff e3 49 83 3b 01 76 

Register to memory mapping:

RAX=0x0000600003d9d450 is an unknown value
RBX=0x000000019e94b450: <offset 0x7450> in /private/var/folders/tx/05p5n4rd23xbchspt80kwzyc0000gn/T/jogamp_0000/file_cache/jln3203878752883203195/jln7053184237854299228/libnativewindow_macosx.jnilib at 0x000000019e944000
RCX=0x0000000000000000 is an unknown value
RDX=0x0000000000000001 is an unknown value
RSP=0x000000030d7a02d8 is pointing into the stack for thread: 0x00007fc42d0b4000
RBP=0x000000030d7a0390 is pointing into the stack for thread: 0x00007fc42d0b4000
RSI=0x00007ff82665583e: <offset 0x1a9db83e> in /usr/lib/libobjc.A.dylib at 0x00007ff80bc7a000
RDI=0x0000600001e24280 is an unknown value
R8 =0x0000000000000017 is an unknown value
R9 =0x0000000000000018 is an unknown value
R10=0x00000721fb564280 is an unknown value
R11=0x00007ff82665583e: <offset 0x1a9db83e> in /usr/lib/libobjc.A.dylib at 0x00007ff80bc7a000
R12=0x0000000000000000 is an unknown value
R13={method} {0x00000001a1cedfc0} 'UnsetJAWTRootSurfaceLayer0' '(JJ)V' in 'jogamp/nativewindow/jawt/macosx/MacOSXJAWTWindow'
R14=0x000000019e94b440: <offset 0x7440> in /private/var/folders/tx/05p5n4rd23xbchspt80kwzyc0000gn/T/jogamp_0000/file_cache/jln3203878752883203195/jln7053184237854299228/libnativewindow_macosx.jnilib at 0x000000019e944000
R15=0x00007fc42d0b4000 is a thread


Stack: [0x000000030cfa5000,0x000000030d7a5000],  sp=0x000000030d7a02d8,  free space=8172k
Native frames: (J=compiled Java code, j=interpreted, Vv=VM code, C=native code)
C  [libobjc.A.dylib+0x671d]  objc_msgSend+0x1d
j  jogamp.nativewindow.jawt.macosx.MacOSXJAWTWindow.UnsetJAWTRootSurfaceLayer0(JJ)V+0
j  jogamp.nativewindow.jawt.macosx.MacOSXJAWTWindow.access$200(JJ)V+2
j  jogamp.nativewindow.jawt.macosx.MacOSXJAWTWindow$1.run()V+38
J 3599 C2 com.jogamp.common.util.RunnableTask.run()V (345 bytes) @ 0x000000011081e478 [0x000000011081e3c0+0xb8]
v  ~StubRoutines::call_stub
V  [libjvm.dylib+0x2f0d1e]
V  [libjvm.dylib+0x32805c]
V  [libjvm.dylib+0x31a83f]
C  [libnativewindow_macosx.jnilib+0x5326]  Java_jogamp_nativewindow_jawt_macosx_MacOSXJAWTWindow_UnsetJAWTRootSurfaceLayer0+0x2b6
C  [Foundation+0x81557]  __NSThreadPerformPerform+0xb3
C  [CoreFoundation+0x7f35a]  __CFRUNLOOP_IS_CALLING_OUT_TO_A_SOURCE0_PERFORM_FUNCTION__+0x11
C  [CoreFoundation+0x7f2c2]  __CFRunLoopDoSource0+0xb4
C  [CoreFoundation+0x7f040]  __CFRunLoopDoSources0+0xf2
C  [CoreFoundation+0x7da50]  __CFRunLoopRun+0x37c
C  [CoreFoundation+0x7d014]  CFRunLoopRunSpecific+0x232
C  [HIToolbox+0x2e5e6]  RunCurrentEventLoopInMode+0x124
C  [HIToolbox+0x2e213]  ReceiveNextEventCommon+0x11b
C  [HIToolbox+0x2e0e5]  _BlockUntilNextEventMatchingListInModeWithFilter+0x46
C  [AppKit+0x3f1fd]  _DPSNextEvent+0x39f
C  [AppKit+0x3d8ba]  -[NSApplication(NSEvent) _nextEventMatchingEventMask:untilDate:inMode:dequeue:]+0x572
C  [libosxapp.dylib+0x2328]  -[NSApplicationAWT nextEventMatchingMask:untilDate:inMode:dequeue:]+0x7c
C  [AppKit+0x2ff69]  -[NSApplication run]+0x24a
C  [libosxapp.dylib+0x1f72]  +[NSApplicationAWT runAWTLoopWithApp:]+0x9c
C  [libawt_lwawt.dylib+0x480bf]  -[AWTStarter starter:]+0x389
C  [Foundation+0x81557]  __NSThreadPerformPerform+0xb3
C  [CoreFoundation+0x7f35a]  __CFRUNLOOP_IS_CALLING_OUT_TO_A_SOURCE0_PERFORM_FUNCTION__+0x11
C  [CoreFoundation+0x7f2c2]  __CFRunLoopDoSource0+0xb4
C  [CoreFoundation+0x7f040]  __CFRunLoopDoSources0+0xf2
C  [CoreFoundation+0x7da50]  __CFRunLoopRun+0x37c
C  [CoreFoundation+0x7d014]  CFRunLoopRunSpecific+0x232
C  [java+0x646e]  CreateExecutionEnvironment+0x367
C  [java+0x203c]  JLI_Launch+0x7a0
C  [java+0x84cb]  main+0x65
C  [java+0x1894]  start+0x34
C  0x0000000000000007

Java frames: (J=compiled Java code, j=interpreted, Vv=VM code)
j  jogamp.nativewindow.jawt.macosx.MacOSXJAWTWindow.UnsetJAWTRootSurfaceLayer0(JJ)V+0
j  jogamp.nativewindow.jawt.macosx.MacOSXJAWTWindow.access$200(JJ)V+2
j  jogamp.nativewindow.jawt.macosx.MacOSXJAWTWindow$1.run()V+38
J 3599 C2 com.jogamp.common.util.RunnableTask.run()V (345 bytes) @ 0x000000011081e478 [0x000000011081e3c0+0xb8]
v  ~StubRoutines::call_stub

---------------  P R O C E S S  ---------------

Java Threads: ( => current thread )
  0x00007fc3ccd3a800 JavaThread "Thread-19" [_thread_blocked, id=14135, stack(0x000000030f847000,0x000000030f947000)]
  0x00007fc42e38c800 JavaThread "AWT-EventQueue-1" [_thread_blocked, id=87859, stack(0x000000030f5ad000,0x000000030f6ad000)]
  0x00007fc42d13d800 JavaThread "DestroyJavaVM" [_thread_blocked, id=9219, stack(0x000000030d829000,0x000000030d929000)]
  0x00007fc42da94800 JavaThread "AWT-EventQueue-0" [_thread_blocked, id=56331, stack(0x000000030f2a4000,0x000000030f3a4000)]
  0x00007fc42e1d1000 JavaThread "Java2D Disposer" daemon [_thread_blocked, id=52071, stack(0x000000030f1a1000,0x000000030f2a1000)]
  0x00007fc42d0ea000 JavaThread "Java2D Queue Flusher" daemon [_thread_blocked, id=80539, stack(0x000000030f09e000,0x000000030f19e000)]
  0x00007fc42c051800 JavaThread "AWT-Shutdown" [_thread_blocked, id=34315, stack(0x000000030ecf8000,0x000000030edf8000)]
=>0x00007fc42d0b4000 JavaThread "AWT-AppKit" daemon [_thread_in_native, id=259, stack(0x000000030cfa5000,0x000000030d7a5000)]
  0x00007fc42d00a000 JavaThread "Service Thread" daemon [_thread_blocked, id=41479, stack(0x000000030eaf2000,0x000000030ebf2000)]
  0x00007fc42e079000 JavaThread "C1 CompilerThread3" daemon [_thread_blocked, id=41987, stack(0x000000030e9ef000,0x000000030eaef000)]
  0x00007fc42e078000 JavaThread "C2 CompilerThread2" daemon [_thread_blocked, id=42755, stack(0x000000030e8ec000,0x000000030e9ec000)]
  0x00007fc42e06a000 JavaThread "C2 CompilerThread1" daemon [_thread_blocked, id=43267, stack(0x000000030e7e9000,0x000000030e8e9000)]
  0x00007fc42e076000 JavaThread "C2 CompilerThread0" daemon [_thread_blocked, id=15875, stack(0x000000030e6e6000,0x000000030e7e6000)]
  0x00007fc42e075800 JavaThread "Signal Dispatcher" daemon [_thread_blocked, id=16131, stack(0x000000030e5e3000,0x000000030e6e3000)]
  0x00007fc42e047800 JavaThread "Finalizer" daemon [_thread_blocked, id=13599, stack(0x000000030e34a000,0x000000030e44a000)]
  0x00007fc42d82c800 JavaThread "Reference Handler" daemon [_thread_blocked, id=13091, stack(0x000000030e247000,0x000000030e347000)]

Other Threads:
  0x00007fc42d826000 VMThread [stack: 0x000000030e144000,0x000000030e244000] [id=12803]
  0x00007fc42c00e800 WatcherThread [stack: 0x000000030ebf5000,0x000000030ecf5000] [id=40983]

VM state:not at safepoint (normal execution)

VM Mutex/Monitor currently owned by a thread: None

heap address: 0x00000006c0000000, size: 4096 MB, Compressed Oops mode: Zero based, Oop shift amount: 3
Narrow klass base: 0x0000000000000000, Narrow klass shift: 3
Compressed class space size: 1073741824 Address: 0x00000007c0000000

Heap:
 PSYoungGen      total 34304K, used 9958K [0x000000076ab00000, 0x000000076cd80000, 0x00000007c0000000)
  eden space 33792K, 28% used [0x000000076ab00000,0x000000076b4799e0,0x000000076cc00000)
  from space 512K, 50% used [0x000000076cd00000,0x000000076cd40000,0x000000076cd80000)
  to   space 512K, 0% used [0x000000076cc80000,0x000000076cc80000,0x000000076cd00000)
 ParOldGen       total 84992K, used 21458K [0x00000006c0000000, 0x00000006c5300000, 0x000000076ab00000)
  object space 84992K, 25% used [0x00000006c0000000,0x00000006c14f49b8,0x00000006c5300000)
 Metaspace       used 25213K, capacity 25641K, committed 25984K, reserved 1073152K
  class space    used 2519K, capacity 2629K, committed 2688K, reserved 1048576K

Card table byte_map: [0x000000010d638000,0x000000010de39000] byte_map_base: 0x000000010a038000

Marking Bits: (ParMarkBitMap*) 0x000000010e9d5e40
 Begin Bits: [0x000000011f4e7000, 0x00000001234e7000)
 End Bits:   [0x00000001234e7000, 0x00000001274e7000)

Polling page: 0x000000010d161000

CodeCache: size=245760Kb used=11268Kb max_used=11824Kb free=234491Kb
 bounds [0x000000010ff91000, 0x0000000110b51000, 0x000000011ef91000]
 total_blobs=4126 nmethods=3172 adapters=868
 compilation: enabled

Compilation events (10 events):
Event: 45525.074 Thread 0x00007fc42e079000 3833       3       sun.awt.AWTAccessor::getEventQueueAccessor (18 bytes)
Event: 45525.074 Thread 0x00007fc42e079000 nmethod 3833 0x0000000110178a10 code [0x0000000110178b80, 0x0000000110178de8]
Event: 45525.089 Thread 0x00007fc42e078000 3834       4       java.awt.EventQueue::postEvent (172 bytes)
Event: 45525.106 Thread 0x00007fc42e078000 nmethod 3834 0x0000000110923d10 code [0x0000000110923f80, 0x0000000110925100]
Event: 45525.834 Thread 0x00007fc42e079000 3835       1       java.awt.AlphaComposite::getRule (5 bytes)
Event: 45525.835 Thread 0x00007fc42e079000 nmethod 3835 0x000000011092cf90 code [0x000000011092d0e0, 0x000000011092d1f0]
Event: 45525.845 Thread 0x00007fc42e06a000 3836       4       jogamp.opengl.awt.AWTThreadingPlugin::invokeOnOpenGLThread (118 bytes)
Event: 45525.848 Thread 0x00007fc42e06a000 nmethod 3836 0x000000011078b010 code [0x000000011078b180, 0x000000011078b318]
Event: 45525.854 Thread 0x00007fc42e076000 3837       4       java.awt.EventQueue::dispatchEventImpl (149 bytes)
Event: 45525.883 Thread 0x00007fc42e076000 nmethod 3837 0x000000011036a750 code [0x000000011036aa60, 0x000000011036b958]

GC Heap History (10 events):
Event: 45503.110 GC heap before
{Heap before GC invocations=9097 (full 1):
 PSYoungGen      total 34304K, used 33920K [0x000000076ab00000, 0x000000076cd80000, 0x00000007c0000000)
  eden space 33792K, 100% used [0x000000076ab00000,0x000000076cc00000,0x000000076cc00000)
  from space 512K, 25% used [0x000000076cc80000,0x000000076cca0000,0x000000076cd00000)
  to   space 512K, 0% used [0x000000076cd00000,0x000000076cd00000,0x000000076cd80000)
 ParOldGen       total 84992K, used 21458K [0x00000006c0000000, 0x00000006c5300000, 0x000000076ab00000)
  object space 84992K, 25% used [0x00000006c0000000,0x00000006c14f49b8,0x00000006c5300000)
 Metaspace       used 24934K, capacity 25331K, committed 25728K, reserved 1073152K
  class space    used 2466K, capacity 2592K, committed 2688K, reserved 1048576K
Event: 45503.113 GC heap after
Heap after GC invocations=9097 (full 1):
 PSYoungGen      total 34304K, used 128K [0x000000076ab00000, 0x000000076cd80000, 0x00000007c0000000)
  eden space 33792K, 0% used [0x000000076ab00000,0x000000076ab00000,0x000000076cc00000)
  from space 512K, 25% used [0x000000076cd00000,0x000000076cd20000,0x000000076cd80000)
  to   space 512K, 0% used [0x000000076cc80000,0x000000076cc80000,0x000000076cd00000)
 ParOldGen       total 84992K, used 21458K [0x00000006c0000000, 0x00000006c5300000, 0x000000076ab00000)
  object space 84992K, 25% used [0x00000006c0000000,0x00000006c14f49b8,0x00000006c5300000)
 Metaspace       used 24934K, capacity 25331K, committed 25728K, reserved 1073152K
  class space    used 2466K, capacity 2592K, committed 2688K, reserved 1048576K
}
Event: 45508.095 GC heap before
{Heap before GC invocations=9098 (full 1):
 PSYoungGen      total 34304K, used 33920K [0x000000076ab00000, 0x000000076cd80000, 0x00000007c0000000)
  eden space 33792K, 100% used [0x000000076ab00000,0x000000076cc00000,0x000000076cc00000)
  from space 512K, 25% used [0x000000076cd00000,0x000000076cd20000,0x000000076cd80000)
  to   space 512K, 0% used [0x000000076cc80000,0x000000076cc80000,0x000000076cd00000)
 ParOldGen       total 84992K, used 21458K [0x00000006c0000000, 0x00000006c5300000, 0x000000076ab00000)
  object space 84992K, 25% used [0x00000006c0000000,0x00000006c14f49b8,0x00000006c5300000)
 Metaspace       used 24934K, capacity 25331K, committed 25728K, reserved 1073152K
  class space    used 2466K, capacity 2592K, committed 2688K, reserved 1048576K
Event: 45508.098 GC heap after
Heap after GC invocations=9098 (full 1):
 PSYoungGen      total 34304K, used 128K [0x000000076ab00000, 0x000000076cd80000, 0x00000007c0000000)
  eden space 33792K, 0% used [0x000000076ab00000,0x000000076ab00000,0x000000076cc00000)
  from space 512K, 25% used [0x000000076cc80000,0x000000076cca0000,0x000000076cd00000)
  to   space 512K, 0% used [0x000000076cd00000,0x000000076cd00000,0x000000076cd80000)
 ParOldGen       total 84992K, used 21458K [0x00000006c0000000, 0x00000006c5300000, 0x000000076ab00000)
  object space 84992K, 25% used [0x00000006c0000000,0x00000006c14f49b8,0x00000006c5300000)
 Metaspace       used 24934K, capacity 25331K, committed 25728K, reserved 1073152K
  class space    used 2466K, capacity 2592K, committed 2688K, reserved 1048576K
}
Event: 45513.091 GC heap before
{Heap before GC invocations=9099 (full 1):
 PSYoungGen      total 34304K, used 33920K [0x000000076ab00000, 0x000000076cd80000, 0x00000007c0000000)
  eden space 33792K, 100% used [0x000000076ab00000,0x000000076cc00000,0x000000076cc00000)
  from space 512K, 25% used [0x000000076cc80000,0x000000076cca0000,0x000000076cd00000)
  to   space 512K, 0% used [0x000000076cd00000,0x000000076cd00000,0x000000076cd80000)
 ParOldGen       total 84992K, used 21458K [0x00000006c0000000, 0x00000006c5300000, 0x000000076ab00000)
  object space 84992K, 25% used [0x00000006c0000000,0x00000006c14f49b8,0x00000006c5300000)
 Metaspace       used 24934K, capacity 25331K, committed 25728K, reserved 1073152K
  class space    used 2466K, capacity 2592K, committed 2688K, reserved 1048576K
Event: 45513.094 GC heap after
Heap after GC invocations=9099 (full 1):
 PSYoungGen      total 34304K, used 128K [0x000000076ab00000, 0x000000076cd80000, 0x00000007c0000000)
  eden space 33792K, 0% used [0x000000076ab00000,0x000000076ab00000,0x000000076cc00000)
  from space 512K, 25% used [0x000000076cd00000,0x000000076cd20000,0x000000076cd80000)
  to   space 512K, 0% used [0x000000076cc80000,0x000000076cc80000,0x000000076cd00000)
 ParOldGen       total 84992K, used 21458K [0x00000006c0000000, 0x00000006c5300000, 0x000000076ab00000)
  object space 84992K, 25% used [0x00000006c0000000,0x00000006c14f49b8,0x00000006c5300000)
 Metaspace       used 24934K, capacity 25331K, committed 25728K, reserved 1073152K
  class space    used 2466K, capacity 2592K, committed 2688K, reserved 1048576K
}
Event: 45518.090 GC heap before
{Heap before GC invocations=9100 (full 1):
 PSYoungGen      total 34304K, used 33920K [0x000000076ab00000, 0x000000076cd80000, 0x00000007c0000000)
  eden space 33792K, 100% used [0x000000076ab00000,0x000000076cc00000,0x000000076cc00000)
  from space 512K, 25% used [0x000000076cd00000,0x000000076cd20000,0x000000076cd80000)
  to   space 512K, 0% used [0x000000076cc80000,0x000000076cc80000,0x000000076cd00000)
 ParOldGen       total 84992K, used 21458K [0x00000006c0000000, 0x00000006c5300000, 0x000000076ab00000)
  object space 84992K, 25% used [0x00000006c0000000,0x00000006c14f49b8,0x00000006c5300000)
 Metaspace       used 24934K, capacity 25331K, committed 25728K, reserved 1073152K
  class space    used 2466K, capacity 2592K, committed 2688K, reserved 1048576K
Event: 45518.093 GC heap after
Heap after GC invocations=9100 (full 1):
 PSYoungGen      total 34304K, used 64K [0x000000076ab00000, 0x000000076cd80000, 0x00000007c0000000)
  eden space 33792K, 0% used [0x000000076ab00000,0x000000076ab00000,0x000000076cc00000)
  from space 512K, 12% used [0x000000076cc80000,0x000000076cc90000,0x000000076cd00000)
  to   space 512K, 0% used [0x000000076cd00000,0x000000076cd00000,0x000000076cd80000)
 ParOldGen       total 84992K, used 21458K [0x00000006c0000000, 0x00000006c5300000, 0x000000076ab00000)
  object space 84992K, 25% used [0x00000006c0000000,0x00000006c14f49b8,0x00000006c5300000)
 Metaspace       used 24934K, capacity 25331K, committed 25728K, reserved 1073152K
  class space    used 2466K, capacity 2592K, committed 2688K, reserved 1048576K
}
Event: 45524.805 GC heap before
{Heap before GC invocations=9101 (full 1):
 PSYoungGen      total 34304K, used 33856K [0x000000076ab00000, 0x000000076cd80000, 0x00000007c0000000)
  eden space 33792K, 100% used [0x000000076ab00000,0x000000076cc00000,0x000000076cc00000)
  from space 512K, 12% used [0x000000076cc80000,0x000000076cc90000,0x000000076cd00000)
  to   space 512K, 0% used [0x000000076cd00000,0x000000076cd00000,0x000000076cd80000)
 ParOldGen       total 84992K, used 21458K [0x00000006c0000000, 0x00000006c5300000, 0x000000076ab00000)
  object space 84992K, 25% used [0x00000006c0000000,0x00000006c14f49b8,0x00000006c5300000)
 Metaspace       used 25148K, capacity 25573K, committed 25984K, reserved 1073152K
  class space    used 2506K, capacity 2627K, committed 2688K, reserved 1048576K
Event: 45524.806 GC heap after
Heap after GC invocations=9101 (full 1):
 PSYoungGen      total 34304K, used 256K [0x000000076ab00000, 0x000000076cd80000, 0x00000007c0000000)
  eden space 33792K, 0% used [0x000000076ab00000,0x000000076ab00000,0x000000076cc00000)
  from space 512K, 50% used [0x000000076cd00000,0x000000076cd40000,0x000000076cd80000)
  to   space 512K, 0% used [0x000000076cc80000,0x000000076cc80000,0x000000076cd00000)
 ParOldGen       total 84992K, used 21458K [0x00000006c0000000, 0x00000006c5300000, 0x000000076ab00000)
  object space 84992K, 25% used [0x00000006c0000000,0x00000006c14f49b8,0x00000006c5300000)
 Metaspace       used 25148K, capacity 25573K, committed 25984K, reserved 1073152K
  class space    used 2506K, capacity 2627K, committed 2688K, reserved 1048576K
}

Deoptimization events (10 events):
Event: 45525.831 Thread 0x00007fc42e38c800 Uncommon trap: reason=unstable_if action=reinterpret pc=0x00000001108fe728 method=com.jogamp.common.util.VersionNumber.compareTo(Lcom/jogamp/common/util/VersionNumber;)I @ 21
Event: 45525.831 Thread 0x00007fc42da94800 Uncommon trap: reason=unstable_if action=reinterpret pc=0x0000000110b29a24 method=sun.lwawt.LWContainerPeer.cutChildren(Lsun/java2d/pipe/Region;Lsun/lwawt/LWComponentPeer;)Lsun/java2d/pipe/Region; @ 67
Event: 45525.876 Thread 0x00007fc42c0b3000 Uncommon trap: reason=bimorphic action=maybe_recompile pc=0x0000000110a56564 method=java.util.HashMap.putVal(ILjava/lang/Object;Ljava/lang/Object;ZZ)Ljava/lang/Object; @ 91
Event: 45525.877 Thread 0x00007fc42c0b3000 Uncommon trap: reason=bimorphic action=maybe_recompile pc=0x0000000110a56564 method=java.util.HashMap.putVal(ILjava/lang/Object;Ljava/lang/Object;ZZ)Ljava/lang/Object; @ 91
Event: 45525.877 Thread 0x00007fc42c0b3000 Uncommon trap: reason=bimorphic action=maybe_recompile pc=0x0000000110a56564 method=java.util.HashMap.putVal(ILjava/lang/Object;Ljava/lang/Object;ZZ)Ljava/lang/Object; @ 91
Event: 45525.877 Thread 0x00007fc42c0b3000 Uncommon trap: reason=bimorphic action=maybe_recompile pc=0x0000000110a56564 method=java.util.HashMap.putVal(ILjava/lang/Object;Ljava/lang/Object;ZZ)Ljava/lang/Object; @ 91
Event: 45525.917 Thread 0x00007fc42d0b4000 Uncommon trap: reason=unstable_if action=reinterpret pc=0x000000011072e27c method=jogamp.nativewindow.macosx.OSXUtil.RunOnMainThread(ZZLjava/lang/Runnable;)V @ 3
Event: 45525.922 Thread 0x00007fc42e38c800 Uncommon trap: reason=unstable_if action=reinterpret pc=0x0000000110a8a00c method=jogamp.opengl.GLContextImpl.release(Z)V @ 161
Event: 45525.928 Thread 0x00007fc42e38c800 Uncommon trap: reason=unstable_if action=reinterpret pc=0x0000000110a8fcb0 method=java.awt.EventQueue.isDispatchThreadImpl()Z @ 65
Event: 45525.932 Thread 0x00007fc42e38c800 Uncommon trap: reason=unstable_if action=reinterpret pc=0x0000000110729898 method=java.util.LinkedList$ListItr.<init>(Ljava/util/LinkedList;I)V @ 26

Classes redefined (0 events):
No events

Internal exceptions (10 events):
Event: 0.907 Thread 0x00007fc42d80f800 Exception <a 'java/io/FileNotFoundException'> (0x000000076ae3ccf0) thrown at [/Users/java_re/workspace/8-2-build-macosx-x86_64/jdk8u202/12323/hotspot/src/share/vm/prims/jni.cpp, line 710]
Event: 0.941 Thread 0x00007fc42d80f800 Exception <a 'java/io/FileNotFoundException'> (0x000000076ae85590) thrown at [/Users/java_re/workspace/8-2-build-macosx-x86_64/jdk8u202/12323/hotspot/src/share/vm/prims/jni.cpp, line 710]
Event: 1.178 Thread 0x00007fc42d80f800 Exception <a 'java/io/FileNotFoundException'> (0x000000076aec1c80) thrown at [/Users/java_re/workspace/8-2-build-macosx-x86_64/jdk8u202/12323/hotspot/src/share/vm/prims/jni.cpp, line 710]
Event: 5.188 Thread 0x00007fc42c13a000 Exception <a 'java/lang/UnsatisfiedLinkError': com.jogamp.common.util.JarUtil.fixNativeLibAttribs(Ljava/lang/String;)Z> (0x000000076c78fa38) thrown at [/Users/java_re/workspace/8-2-build-macosx-x86_64/jdk8u202/12323/hotspot/src/share/vm/prims/nativeLookup
Event: 8.278 Thread 0x00007fc42e38c800 Exception <a 'java/io/FileNotFoundException'> (0x000000076d961d68) thrown at [/Users/java_re/workspace/8-2-build-macosx-x86_64/jdk8u202/12323/hotspot/src/share/vm/prims/jni.cpp, line 710]
Event: 8.278 Thread 0x00007fc42e38c800 Exception <a 'java/io/FileNotFoundException'> (0x000000076d967be8) thrown at [/Users/java_re/workspace/8-2-build-macosx-x86_64/jdk8u202/12323/hotspot/src/share/vm/prims/jni.cpp, line 710]
Event: 8.278 Thread 0x00007fc42e38c800 Implicit null exception at 0x00000001101824b6 to 0x0000000110182865
Event: 8.849 Thread 0x00007fc42e38c800 Implicit null exception at 0x00000001100b3786 to 0x00000001100b39cd
Event: 8.944 Thread 0x00007fc42e047800 Exception <a 'java/lang/NullPointerException'> (0x000000076ac47fc0) thrown at [/Users/java_re/workspace/8-2-build-macosx-x86_64/jdk8u202/12323/hotspot/src/share/vm/interpreter/linkResolver.cpp, line 1185]
Event: 118.793 Thread 0x00007fc42c13a000 Implicit null exception at 0x000000011072fc2e to 0x00000001107307d5

Events (10 events):
Event: 45525.932 Thread 0x00007fc42e38c800 DEOPT UNPACKING pc=0x000000010ffd673a sp=0x000000030f6aaa20 mode 2
Event: 45525.933 loading class java/awt/LightweightDispatcher$2
Event: 45525.934 loading class java/awt/LightweightDispatcher$2 done
Event: 45525.934 loading class java/awt/event/AWTEventListenerProxy
Event: 45525.934 loading class java/awt/event/AWTEventListenerProxy done
Event: 45525.934 loading class java/awt/Toolkit$ToolkitEventMulticaster
Event: 45525.934 loading class java/awt/Toolkit$ToolkitEventMulticaster done
Event: 45525.934 Executing VM operation: RevokeBias
Event: 45525.935 Executing VM operation: RevokeBias done
Event: 45525.936 Thread 0x00007fc42c0b3000 Thread exited: 0x00007fc42c0b3000


Dynamic libraries:
0x00007ff8230fc000 	/System/Library/Frameworks/Cocoa.framework/Versions/A/Cocoa
0x00007ff80e7e8000 	/System/Library/Frameworks/AppKit.framework/Versions/C/AppKit
0x00007ff811d59000 	/System/Library/Frameworks/CoreData.framework/Versions/A/CoreData
0x00007ff80cbec000 	/System/Library/Frameworks/Foundation.framework/Versions/C/Foundation
0x00007ff816fd3000 	/usr/lib/libSystem.B.dylib
0x00007ff80f677000 	/System/Library/PrivateFrameworks/UIFoundation.framework/Versions/A/UIFoundation
0x00007ff81d000000 	/System/Library/PrivateFrameworks/RemoteViewServices.framework/Versions/A/RemoteViewServices
0x00007ff81529f000 	/System/Library/PrivateFrameworks/XCTTargetBootstrap.framework/Versions/A/XCTTargetBootstrap
0x00007ff818e98000 	/System/Library/PrivateFrameworks/InternationalSupport.framework/Versions/A/InternationalSupport
0x00007ff818f22000 	/System/Library/PrivateFrameworks/UserActivity.framework/Versions/A/UserActivity
0x00007ff81827c000 	/usr/lib/libspindump.dylib
0x00007ff80f905000 	/System/Library/Frameworks/UniformTypeIdentifiers.framework/Versions/A/UniformTypeIdentifiers
0x00007ff8139c7000 	/usr/lib/libapp_launch_measurement.dylib
0x00007ff81273a000 	/System/Library/PrivateFrameworks/CoreAnalytics.framework/Versions/A/CoreAnalytics
0x00007ff8139ca000 	/System/Library/PrivateFrameworks/CoreAutoLayout.framework/Versions/A/CoreAutoLayout
0x00007ff814bf9000 	/System/Library/Frameworks/Metal.framework/Versions/A/Metal
0x00007ff815925000 	/usr/lib/liblangid.dylib
0x00007ff8152a4000 	/System/Library/PrivateFrameworks/CoreSVG.framework/Versions/A/CoreSVG
0x00007ff810cf0000 	/System/Library/PrivateFrameworks/SkyLight.framework/Versions/A/SkyLight
0x00007ff81108e000 	/System/Library/Frameworks/CoreGraphics.framework/Versions/A/CoreGraphics
0x00007ff81d6c0000 	/System/Library/Frameworks/Accelerate.framework/Versions/A/Accelerate
0x00007ff817cfb000 	/System/Library/PrivateFrameworks/IconServices.framework/Versions/A/IconServices
0x00007ff814bde000 	/System/Library/Frameworks/IOSurface.framework/Versions/A/IOSurface
0x00007ff812768000 	/usr/lib/libDiagnosticMessagesClient.dylib
0x00007ff816eed000 	/usr/lib/libz.1.dylib
0x00007ff820da0000 	/System/Library/Frameworks/ApplicationServices.framework/Versions/A/ApplicationServices
0x00007ff81528b000 	/System/Library/PrivateFrameworks/DFRFoundation.framework/Versions/A/DFRFoundation
0x00007ff80e0d0000 	/usr/lib/libicucore.A.dylib
0x00007ff819c8d000 	/System/Library/Frameworks/AudioToolbox.framework/Versions/A/AudioToolbox
0x00007ff818ea4000 	/System/Library/PrivateFrameworks/DataDetectorsCore.framework/Versions/A/DataDetectorsCore
0x00007ff914f9c000 	/System/Library/PrivateFrameworks/TextInput.framework/Versions/A/TextInput
0x00007ff810c73000 	/usr/lib/libMobileGestalt.dylib
0x00007ff814f97000 	/System/Library/Frameworks/Carbon.framework/Versions/A/Frameworks/HIToolbox.framework/Versions/A/HIToolbox
0x00007ff8133cd000 	/System/Library/Frameworks/QuartzCore.framework/Versions/A/QuartzCore
0x00007ff80dd75000 	/System/Library/Frameworks/Security.framework/Versions/A/Security
0x00007ff81d038000 	/System/Library/Frameworks/Carbon.framework/Versions/A/Frameworks/SpeechRecognition.framework/Versions/A/SpeechRecognition
0x00007ff813727000 	/System/Library/PrivateFrameworks/CoreUI.framework/Versions/A/CoreUI
0x00007ff80d640000 	/System/Library/Frameworks/CoreAudio.framework/Versions/A/CoreAudio
0x00007ff812857000 	/System/Library/Frameworks/DiskArbitration.framework/Versions/A/DiskArbitration
0x00007ff818668000 	/System/Library/PrivateFrameworks/MultitouchSupport.framework/Versions/A/MultitouchSupport
0x00007ff810c72000 	/usr/lib/libenergytrace.dylib
0x00007ff80e6d4000 	/System/Library/Frameworks/IOKit.framework/Versions/A/IOKit
0x00007ff81d428000 	/System/Library/Frameworks/CoreServices.framework/Versions/A/CoreServices
0x00007ff813961000 	/System/Library/PrivateFrameworks/PerformanceAnalysis.framework/Versions/A/PerformanceAnalysis
0x00007ffa24bcd000 	/System/Library/Frameworks/OpenGL.framework/Versions/A/OpenGL
0x00007ff816509000 	/System/Library/PrivateFrameworks/MobileKeyBag.framework/Versions/A/MobileKeyBag
0x00007ff80bc7a000 	/usr/lib/libobjc.A.dylib
0x00007ff8117b8000 	/System/Library/Frameworks/ColorSync.framework/Versions/A/ColorSync
0x00007ff80be34000 	/System/Library/Frameworks/CoreFoundation.framework/Versions/A/CoreFoundation
0x00007ff81551b000 	/System/Library/Frameworks/CoreImage.framework/Versions/A/CoreImage
0x00007ff80d454000 	/System/Library/Frameworks/CoreText.framework/Versions/A/CoreText
0x00007ff8152d4000 	/System/Library/Frameworks/ImageIO.framework/Versions/A/ImageIO
0x00007ff816fd9000 	/System/Library/PrivateFrameworks/SoftLinking.framework/Versions/A/SoftLinking
0x00007ff813a12000 	/usr/lib/libxml2.2.dylib
0x00007ff80bd40000 	/usr/lib/libc++.1.dylib
0x00007ff81725a000 	/usr/lib/libcompression.dylib
0x00007ff818dcb000 	/System/Library/PrivateFrameworks/TextureIO.framework/Versions/A/TextureIO
0x00007ff817974000 	/usr/lib/libate.dylib
0x00007ff816fce000 	/usr/lib/system/libcache.dylib
0x00007ff816f8a000 	/usr/lib/system/libcommonCrypto.dylib
0x00007ff816fb3000 	/usr/lib/system/libcompiler_rt.dylib
0x00007ff816fa9000 	/usr/lib/system/libcopyfile.dylib
0x00007ff80bb75000 	/usr/lib/system/libcorecrypto.dylib
0x00007ff80bc33000 	/usr/lib/system/libdispatch.dylib
0x00007ff80bdf3000 	/usr/lib/system/libdyld.dylib
0x00007ff816fc5000 	/usr/lib/system/libkeymgr.dylib
0x00007ff816f68000 	/usr/lib/system/libmacho.dylib
0x00007ff8165e3000 	/usr/lib/system/libquarantine.dylib
0x00007ff816fc3000 	/usr/lib/system/libremovefile.dylib
0x00007ff810cc0000 	/usr/lib/system/libsystem_asl.dylib
0x00007ff80bb1e000 	/usr/lib/system/libsystem_blocks.dylib
0x00007ff80bcb7000 	/usr/lib/system/libsystem_c.dylib
0x00007ff816fbb000 	/usr/lib/system/libsystem_collections.dylib
0x00007ff815915000 	/usr/lib/system/libsystem_configuration.dylib
0x00007ff814bc1000 	/usr/lib/system/libsystem_containermanager.dylib
0x00007ff816c9a000 	/usr/lib/system/libsystem_coreservices.dylib
0x00007ff80e364000 	/usr/lib/system/libsystem_darwin.dylib
0x00007ff816fc6000 	/usr/lib/system/libsystem_dnssd.dylib
0x00007ff80bcb4000 	/usr/lib/system/libsystem_featureflags.dylib
0x00007ff80be09000 	/usr/lib/system/libsystem_info.dylib
0x00007ff816f00000 	/usr/lib/system/libsystem_m.dylib
0x00007ff80bc07000 	/usr/lib/system/libsystem_malloc.dylib
0x00007ff810c5b000 	/usr/lib/system/libsystem_networkextension.dylib
0x00007ff80e78a000 	/usr/lib/system/libsystem_notify.dylib
0x00007ff81d2fd000 	/usr/lib/system/libsystem_product_info_filter.dylib
0x00007ff815919000 	/usr/lib/system/libsystem_sandbox.dylib
0x00007ff816fc0000 	/usr/lib/system/libsystem_secinit.dylib
0x00007ff80bdaf000 	/usr/lib/system/libsystem_kernel.dylib
0x00007ff80bdff000 	/usr/lib/system/libsystem_platform.dylib
0x00007ff80bde7000 	/usr/lib/system/libsystem_pthread.dylib
0x00007ff81257a000 	/usr/lib/system/libsystem_symptoms.dylib
0x00007ff80bb5c000 	/usr/lib/system/libsystem_trace.dylib
0x00007ff816f96000 	/usr/lib/system/libunwind.dylib
0x00007ff80bb20000 	/usr/lib/system/libxpc.dylib
0x00007ff80bd99000 	/usr/lib/libc++abi.dylib
0x00007ff816fa1000 	/usr/lib/liboah.dylib
0x00007ff817732000 	/usr/lib/liblzma.5.dylib
0x00007ff80c8fb000 	/System/Library/Frameworks/SystemConfiguration.framework/Versions/A/SystemConfiguration
0x00007ff816fd5000 	/usr/lib/libfakelink.dylib
0x00007ff8107cc000 	/System/Library/Frameworks/CFNetwork.framework/Versions/A/CFNetwork
0x00007ff817116000 	/usr/lib/libarchive.2.dylib
0x00007ff815921000 	/System/Library/PrivateFrameworks/AppleSystemInfo.framework/Versions/A/AppleSystemInfo
0x00007ff81660a000 	/usr/lib/libbsm.0.dylib
0x00007ff80fddb000 	/usr/lib/libnetwork.dylib
0x00007ff816f6e000 	/usr/lib/system/libkxld.dylib
0x00007ff81623d000 	/System/Library/PrivateFrameworks/IOMobileFramebuffer.framework/Versions/A/IOMobileFramebuffer
0x00007ffb23f91000 	/usr/lib/libCoreEntitlements.dylib
0x00007ff816c7c000 	/System/Library/PrivateFrameworks/AppleFSCompression.framework/Versions/A/AppleFSCompression
0x00007ff8165f2000 	/usr/lib/libcoretls.dylib
0x00007ff81774c000 	/usr/lib/libcoretls_cfhelpers.dylib
0x00007ff817255000 	/usr/lib/libpam.2.dylib
0x00007ff81219d000 	/usr/lib/libsqlite3.dylib
0x00007ff8177bb000 	/usr/lib/libxar.1.dylib
0x00007ff816c8c000 	/usr/lib/libbz2.1.0.dylib
0x00007ff816fda000 	/usr/lib/libpcap.A.dylib
0x00007ff812572000 	/usr/lib/libdns_services.dylib
0x00007ff817228000 	/usr/lib/libapple_nghttp2.dylib
0x00007ff817014000 	/usr/lib/libiconv.2.dylib
0x00007ff816f67000 	/usr/lib/libcharset.1.dylib
0x00007ff813995000 	/System/Library/Frameworks/CoreServices.framework/Versions/A/Frameworks/FSEvents.framework/Versions/A/FSEvents
0x00007ff80e36e000 	/System/Library/Frameworks/CoreServices.framework/Versions/A/Frameworks/CarbonCore.framework/Versions/A/CarbonCore
0x00007ff8127bb000 	/System/Library/Frameworks/CoreServices.framework/Versions/A/Frameworks/Metadata.framework/Versions/A/Metadata
0x00007ff816c9f000 	/System/Library/Frameworks/CoreServices.framework/Versions/A/Frameworks/OSServices.framework/Versions/A/OSServices
0x00007ff81719d000 	/System/Library/Frameworks/CoreServices.framework/Versions/A/Frameworks/SearchKit.framework/Versions/A/SearchKit
0x00007ff812505000 	/System/Library/Frameworks/CoreServices.framework/Versions/A/Frameworks/AE.framework/Versions/A/AE
0x00007ff80c335000 	/System/Library/Frameworks/CoreServices.framework/Versions/A/Frameworks/LaunchServices.framework/Versions/A/LaunchServices
0x00007ff8176e3000 	/System/Library/Frameworks/CoreServices.framework/Versions/A/Frameworks/DictionaryServices.framework/Versions/A/DictionaryServices
0x00007ff8139a2000 	/System/Library/Frameworks/CoreServices.framework/Versions/A/Frameworks/SharedFileList.framework/Versions/A/SharedFileList
0x00007ff8165e6000 	/usr/lib/libCheckFix.dylib
0x00007ff810cd7000 	/System/Library/PrivateFrameworks/TCC.framework/Versions/A/TCC
0x00007ff815927000 	/System/Library/PrivateFrameworks/CoreNLP.framework/Versions/A/CoreNLP
0x00007ff81276b000 	/System/Library/PrivateFrameworks/MetadataUtilities.framework/Versions/A/MetadataUtilities
0x00007ff80c9af000 	/usr/lib/libmecabra.dylib
0x00007ff81661a000 	/usr/lib/libmecab.dylib
0x00007ff80c97a000 	/usr/lib/libCRFSuite.dylib
0x00007ff816674000 	/usr/lib/libgermantok.dylib
0x00007ff817203000 	/usr/lib/libThaiTokenizer.dylib
0x00007ff81285e000 	/System/Library/Frameworks/Accelerate.framework/Versions/A/Frameworks/vImage.framework/Versions/A/vImage
0x00007ff81d3ff000 	/System/Library/Frameworks/Accelerate.framework/Versions/A/Frameworks/vecLib.framework/Versions/A/vecLib
0x00007ff8177fc000 	/System/Library/Frameworks/Accelerate.framework/Versions/A/Frameworks/vecLib.framework/Versions/A/libvMisc.dylib
0x00007ff81603c000 	/System/Library/Frameworks/Accelerate.framework/Versions/A/Frameworks/vecLib.framework/Versions/A/libvDSP.dylib
0x00007ff80c6b3000 	/System/Library/Frameworks/Accelerate.framework/Versions/A/Frameworks/vecLib.framework/Versions/A/libBLAS.dylib
0x00007ff817338000 	/System/Library/Frameworks/Accelerate.framework/Versions/A/Frameworks/vecLib.framework/Versions/A/libLAPACK.dylib
0x00007ff816677000 	/System/Library/Frameworks/Accelerate.framework/Versions/A/Frameworks/vecLib.framework/Versions/A/libLinearAlgebra.dylib
0x00007ff817240000 	/System/Library/Frameworks/Accelerate.framework/Versions/A/Frameworks/vecLib.framework/Versions/A/libSparseBLAS.dylib
0x00007ff817332000 	/System/Library/Frameworks/Accelerate.framework/Versions/A/Frameworks/vecLib.framework/Versions/A/libQuadrature.dylib
0x00007ff815a12000 	/System/Library/Frameworks/Accelerate.framework/Versions/A/Frameworks/vecLib.framework/Versions/A/libBNNS.dylib
0x00007ff80c885000 	/System/Library/Frameworks/Accelerate.framework/Versions/A/Frameworks/vecLib.framework/Versions/A/libSparse.dylib
0x00007ff815a0b000 	/System/Library/PrivateFrameworks/LinguisticData.framework/Versions/A/LinguisticData
0x00007ff80c83b000 	/System/Library/PrivateFrameworks/Lexicon.framework/Versions/A/Lexicon
0x00007ff8177f5000 	/usr/lib/libChineseTokenizer.dylib
0x00007ff80cfa9000 	/System/Library/PrivateFrameworks/LanguageModeling.framework/Versions/A/LanguageModeling
0x00007ff817205000 	/System/Library/PrivateFrameworks/AppleSauce.framework/Versions/A/AppleSauce
0x00007ff81622b000 	/System/Library/PrivateFrameworks/CoreEmoji.framework/Versions/A/CoreEmoji
0x00007ff817105000 	/usr/lib/libcmph.dylib
0x00007ff813979000 	/System/Library/Frameworks/OpenDirectory.framework/Versions/A/Frameworks/CFOpenDirectory.framework/Versions/A/CFOpenDirectory
0x00007ff81396d000 	/System/Library/Frameworks/OpenDirectory.framework/Versions/A/OpenDirectory
0x00007ff81774e000 	/System/Library/PrivateFrameworks/APFS.framework/Versions/A/APFS
0x00007ff816541000 	/System/Library/Frameworks/SecurityFoundation.framework/Versions/A/SecurityFoundation
0x00007ff8177c9000 	/usr/lib/libutil.dylib
0x00007ff80e698000 	/System/Library/PrivateFrameworks/CoreServicesStore.framework/Versions/A/CoreServicesStore
0x00007ff8177cd000 	/usr/lib/libxslt.1.dylib
0x00007ff8165ce000 	/System/Library/PrivateFrameworks/BackgroundTaskManagement.framework/Versions/A/BackgroundTaskManagement
0x00007ff818cec000 	/System/Library/Frameworks/ImageIO.framework/Versions/A/Resources/libRadiance.dylib
0x00007ff818cf5000 	/System/Library/Frameworks/ImageIO.framework/Versions/A/Resources/libJPEG.dylib
0x00007ff818c47000 	/System/Library/Frameworks/ImageIO.framework/Versions/A/Resources/libPng.dylib
0x00007ff818c68000 	/System/Library/Frameworks/ImageIO.framework/Versions/A/Resources/libTIFF.dylib
0x00007ff818d54000 	/System/Library/Frameworks/ImageIO.framework/Versions/A/Resources/libGIF.dylib
0x00007ff818584000 	/System/Library/Frameworks/ImageIO.framework/Versions/A/Resources/libJP2.dylib
0x00007ff817cc2000 	/usr/lib/libexpat.1.dylib
0x00007ff818539000 	/System/Library/PrivateFrameworks/AppleJPEG.framework/Versions/A/AppleJPEG
0x00007ff814e5b000 	/System/Library/PrivateFrameworks/FontServices.framework/libFontParser.dylib
0x00007ff8124af000 	/System/Library/PrivateFrameworks/RunningBoardServices.framework/Versions/A/RunningBoardServices
0x00007ff8236b7000 	/System/Library/PrivateFrameworks/IOSurfaceAccelerator.framework/Versions/A/IOSurfaceAccelerator
0x00007ff818664000 	/System/Library/PrivateFrameworks/WatchdogClient.framework/Versions/A/WatchdogClient
0x00007ff80d097000 	/System/Library/Frameworks/CoreDisplay.framework/Versions/A/CoreDisplay
0x00007ff814d59000 	/System/Library/Frameworks/CoreMedia.framework/Versions/A/CoreMedia
0x00007ff814bf0000 	/System/Library/PrivateFrameworks/IOAccelerator.framework/Versions/A/IOAccelerator
0x00007ff813af6000 	/System/Library/Frameworks/CoreVideo.framework/Versions/A/CoreVideo
0x00007ff817253000 	/System/Library/Frameworks/MetalPerformanceShaders.framework/Versions/A/MetalPerformanceShaders
0x00007ff8186a1000 	/System/Library/Frameworks/VideoToolbox.framework/Versions/A/VideoToolbox
0x00007ff8123f9000 	/System/Library/PrivateFrameworks/BaseBoard.framework/Versions/A/BaseBoard
0x00007ff812183000 	/System/Library/PrivateFrameworks/ProtocolBuffer.framework/Versions/A/ProtocolBuffer
0x00007ff818ce5000 	/System/Library/PrivateFrameworks/GPUWrangler.framework/Versions/A/GPUWrangler
0x00007ff818cc9000 	/System/Library/PrivateFrameworks/IOPresentment.framework/Versions/A/IOPresentment
0x00007ff818cef000 	/System/Library/PrivateFrameworks/DSExternalDisplay.framework/Versions/A/DSExternalDisplay
0x00007ffa24bc1000 	/System/Library/Frameworks/OpenGL.framework/Versions/A/Libraries/libCoreFSCache.dylib
0x00007ffb116b5000 	/System/Library/PrivateFrameworks/GPUCompiler.framework/Versions/31001/Libraries/libGPUCompilerUtils.dylib
0x00007ff818d59000 	/System/Library/PrivateFrameworks/CMCaptureCore.framework/Versions/A/CMCaptureCore
0x00007ff81826a000 	/System/Library/PrivateFrameworks/AppServerSupport.framework/Versions/A/AppServerSupport
0x00007ff81a525000 	/System/Library/PrivateFrameworks/perfdata.framework/Versions/A/perfdata
0x00007ff80d1c3000 	/System/Library/PrivateFrameworks/AudioToolboxCore.framework/Versions/A/AudioToolboxCore
0x00007ff814d37000 	/System/Library/PrivateFrameworks/caulk.framework/Versions/A/caulk
0x00007ff819e37000 	/usr/lib/libAudioStatistics.dylib
0x00007ff91173f000 	/System/Library/PrivateFrameworks/SystemPolicy.framework/Versions/A/SystemPolicy
0x00007ff81a092000 	/usr/lib/libSMC.dylib
0x00007ff822faf000 	/System/Library/Frameworks/CoreMIDI.framework/Versions/A/CoreMIDI
0x00007ff818c16000 	/usr/lib/libAudioToolboxUtility.dylib
0x00007ff90d974000 	/System/Library/PrivateFrameworks/OSAServicesClient.framework/Versions/A/OSAServicesClient
0x00007ff81a532000 	/usr/lib/libperfcheck.dylib
0x00007ff9121e9000 	/usr/lib/libmis.dylib
0x00007ffa24c1c000 	/System/Library/Frameworks/OpenGL.framework/Versions/A/Libraries/libGLU.dylib
0x00007ffa24be0000 	/System/Library/Frameworks/OpenGL.framework/Versions/A/Libraries/libGFXShared.dylib
0x00007ffa24de9000 	/System/Library/Frameworks/OpenGL.framework/Versions/A/Libraries/libGL.dylib
0x00007ffa24be9000 	/System/Library/Frameworks/OpenGL.framework/Versions/A/Libraries/libGLImage.dylib
0x00007ffa24bdd000 	/System/Library/Frameworks/OpenGL.framework/Versions/A/Libraries/libCVMSPluginSupport.dylib
0x00007ffa24bc8000 	/System/Library/Frameworks/OpenGL.framework/Versions/A/Libraries/libCoreVMClient.dylib
0x00007ff8158a3000 	/System/Library/Frameworks/MetalPerformanceShaders.framework/Versions/A/Frameworks/MPSCore.framework/Versions/A/MPSCore
0x00007ff816be7000 	/System/Library/Frameworks/MetalPerformanceShaders.framework/Versions/A/Frameworks/MPSImage.framework/Versions/A/MPSImage
0x00007ff81668d000 	/System/Library/Frameworks/MetalPerformanceShaders.framework/Versions/A/Frameworks/MPSNeuralNetwork.framework/Versions/A/MPSNeuralNetwork
0x00007ff816b01000 	/System/Library/Frameworks/MetalPerformanceShaders.framework/Versions/A/Frameworks/MPSMatrix.framework/Versions/A/MPSMatrix
0x00007ff8168bc000 	/System/Library/Frameworks/MetalPerformanceShaders.framework/Versions/A/Frameworks/MPSRayIntersector.framework/Versions/A/MPSRayIntersector
0x00007ff816b39000 	/System/Library/Frameworks/MetalPerformanceShaders.framework/Versions/A/Frameworks/MPSNDArray.framework/Versions/A/MPSNDArray
0x00007ffa29de3000 	/System/Library/Frameworks/MetalPerformanceShaders.framework/Versions/A/Frameworks/MPSFunctions.framework/Versions/A/MPSFunctions
0x00007ff80c58c000 	/System/Library/PrivateFrameworks/MetalTools.framework/Versions/A/MetalTools
0x00007ff81591f000 	/System/Library/PrivateFrameworks/AggregateDictionary.framework/Versions/A/AggregateDictionary
0x00007ff817aa4000 	/usr/lib/libIOReport.dylib
0x00007ffa261f8000 	/System/Library/Frameworks/OpenCL.framework/Versions/A/OpenCL
0x00007ff817e08000 	/System/Library/PrivateFrameworks/FaceCore.framework/Versions/A/FaceCore
0x00007ff817df9000 	/System/Library/PrivateFrameworks/GraphVisualizer.framework/Versions/A/GraphVisualizer
0x00007ffb115c0000 	/System/Library/PrivateFrameworks/FontServices.framework/Versions/A/FontServices
0x00007ff818222000 	/System/Library/PrivateFrameworks/OTSVG.framework/Versions/A/OTSVG
0x00007ff8136dd000 	/System/Library/Frameworks/ApplicationServices.framework/Versions/A/Frameworks/ATS.framework/Versions/A/Resources/libFontRegistry.dylib
0x00007ff818272000 	/System/Library/PrivateFrameworks/FontServices.framework/libhvf.dylib
0x00007ffb115c1000 	/System/Library/PrivateFrameworks/FontServices.framework/libXTFontStaticRegistryData.dylib
0x00007ff817c72000 	/System/Library/PrivateFrameworks/AppleVA.framework/Versions/A/AppleVA
0x00007ff819e57000 	/System/Library/Frameworks/ApplicationServices.framework/Versions/A/Frameworks/ATS.framework/Versions/A/ATS
0x00007ff8118b6000 	/System/Library/Frameworks/ApplicationServices.framework/Versions/A/Frameworks/HIServices.framework/Versions/A/HIServices
0x00007ff818d63000 	/System/Library/Frameworks/ApplicationServices.framework/Versions/A/Frameworks/PrintCore.framework/Versions/A/PrintCore
0x00007ff81a1e5000 	/System/Library/Frameworks/ApplicationServices.framework/Versions/A/Frameworks/QD.framework/Versions/A/QD
0x00007ff81a1dd000 	/System/Library/Frameworks/ApplicationServices.framework/Versions/A/Frameworks/ColorSyncLegacy.framework/Versions/A/ColorSyncLegacy
0x00007ff819e47000 	/System/Library/Frameworks/ApplicationServices.framework/Versions/A/Frameworks/SpeechSynthesis.framework/Versions/A/SpeechSynthesis
0x00007ff818d24000 	/System/Library/Frameworks/ApplicationServices.framework/Versions/A/Frameworks/ATSUI.framework/Versions/A/ATSUI
0x00007ff81a172000 	/usr/lib/libcups.2.dylib
0x00007ff81a541000 	/System/Library/Frameworks/Kerberos.framework/Versions/A/Kerberos
0x00007ff81a550000 	/System/Library/Frameworks/GSS.framework/Versions/A/GSS
0x00007ff819ec3000 	/usr/lib/libresolv.9.dylib
0x00007ff818281000 	/System/Library/PrivateFrameworks/Heimdal.framework/Versions/A/Heimdal
0x00007ff821132000 	/System/Library/Frameworks/Kerberos.framework/Versions/A/Libraries/libHeimdalProxy.dylib
0x00007ff812582000 	/System/Library/Frameworks/Network.framework/Versions/A/Network
0x00007ff817cdc000 	/usr/lib/libheimdal-asn1.dylib
0x00007ff81a59b000 	/System/Library/PrivateFrameworks/CommonAuth.framework/Versions/A/CommonAuth
0x00007ff819dc9000 	/System/Library/PrivateFrameworks/AudioSession.framework/Versions/A/AudioSession
0x00007ff817d6c000 	/System/Library/PrivateFrameworks/MediaExperience.framework/Versions/A/MediaExperience
0x00007ff819c5c000 	/System/Library/PrivateFrameworks/AudioSession.framework/libSessionUtility.dylib
0x00007ff81a1f1000 	/System/Library/PrivateFrameworks/AudioResourceArbitration.framework/Versions/A/AudioResourceArbitration
0x00007ff81e272000 	/System/Library/PrivateFrameworks/PowerLog.framework/Versions/A/PowerLog
0x00007ff817ce5000 	/System/Library/PrivateFrameworks/IconFoundation.framework/Versions/A/IconFoundation
0x00007ff81d028000 	/System/Library/PrivateFrameworks/SpeechRecognitionCore.framework/Versions/A/SpeechRecognitionCore
0x000000010e0da000 	/Library/Java/JavaVirtualMachines/jdk1.8.0_202.jdk/Contents/Home/jre/lib/server/libjvm.dylib
0x00007ffb24a1d000 	/usr/lib/libstdc++.6.dylib
0x000000010d16e000 	/Library/Java/JavaVirtualMachines/jdk1.8.0_202.jdk/Contents/Home/jre/lib/libverify.dylib
0x000000010d1c3000 	/Library/Java/JavaVirtualMachines/jdk1.8.0_202.jdk/Contents/Home/jre/lib/libjava.dylib
0x000000010d19e000 	/Library/Java/JavaVirtualMachines/jdk1.8.0_202.jdk/Contents/Home/jre/lib/libzip.dylib
0x000000012a416000 	/Library/Java/JavaVirtualMachines/jdk1.8.0_202.jdk/Contents/Home/jre/lib/libawt.dylib
0x000000012a634000 	/Library/Java/JavaVirtualMachines/jdk1.8.0_202.jdk/Contents/Home/jre/lib/libmlib_image.dylib
0x00007ffa29d40000 	/System/Library/Frameworks/JavaNativeFoundation.framework/Versions/A/JavaNativeFoundation
0x00007ffa29d4c000 	/System/Library/Frameworks/JavaRuntimeSupport.framework/Versions/A/JavaRuntimeSupport
0x00007ff911263000 	/System/Library/Frameworks/Carbon.framework/Versions/A/Carbon
0x00007ff81f4ec000 	/System/Library/PrivateFrameworks/CoreSymbolication.framework/Versions/A/CoreSymbolication
0x00007ff824a4e000 	/System/Library/Frameworks/Carbon.framework/Versions/A/Frameworks/CommonPanels.framework/Versions/A/CommonPanels
0x00007ff820b20000 	/System/Library/Frameworks/Carbon.framework/Versions/A/Frameworks/Help.framework/Versions/A/Help
0x00007ff824a52000 	/System/Library/Frameworks/Carbon.framework/Versions/A/Frameworks/ImageCapture.framework/Versions/A/ImageCapture
0x00007ff824a22000 	/System/Library/Frameworks/Carbon.framework/Versions/A/Frameworks/OpenScripting.framework/Versions/A/OpenScripting
0x00007ff824a4a000 	/System/Library/Frameworks/Carbon.framework/Versions/A/Frameworks/Ink.framework/Versions/A/Ink
0x00007ff91125f000 	/System/Library/Frameworks/Carbon.framework/Versions/A/Frameworks/Print.framework/Versions/A/Print
0x00007ff824a46000 	/System/Library/Frameworks/Carbon.framework/Versions/A/Frameworks/SecurityHI.framework/Versions/A/SecurityHI
0x00007ff81f4b1000 	/System/Library/PrivateFrameworks/DebugSymbols.framework/Versions/A/DebugSymbols
0x000000012a7bc000 	/Library/Java/JavaVirtualMachines/jdk1.8.0_202.jdk/Contents/Home/jre/lib/libawt_lwawt.dylib
0x000000012a3ab000 	/Library/Java/JavaVirtualMachines/jdk1.8.0_202.jdk/Contents/Home/jre/lib/libosxapp.dylib
0x00007ff910535000 	/System/Library/Frameworks/ExceptionHandling.framework/Versions/A/ExceptionHandling
0x00007ff80e65a000 	/System/Library/PrivateFrameworks/CoreServicesInternal.framework/Versions/A/CoreServicesInternal
0x00007ff81e863000 	/System/Library/Frameworks/FileProvider.framework/Versions/A/FileProvider
0x00007ff812366000 	/System/Library/Frameworks/Accounts.framework/Versions/A/Accounts
0x00007ff81e9dc000 	/System/Library/PrivateFrameworks/GenerationalStorage.framework/Versions/A/GenerationalStorage
0x00007ff81e267000 	/System/Library/PrivateFrameworks/SymptomDiagnosticReporter.framework/Versions/A/SymptomDiagnosticReporter
0x00007ff80f919000 	/System/Library/PrivateFrameworks/DesktopServicesPriv.framework/Versions/A/DesktopServicesPriv
0x00007ff80e799000 	/usr/lib/libsandbox.1.dylib
0x00007ff813b75000 	/System/Library/PrivateFrameworks/UserManagement.framework/Versions/A/UserManagement
0x00007ff81a1d2000 	/System/Library/PrivateFrameworks/NetAuth.framework/Versions/A/NetAuth
0x00007ff81b0e1000 	/System/Library/PrivateFrameworks/Sharing.framework/Versions/A/Sharing
0x00007ff813b48000 	/System/Library/PrivateFrameworks/login.framework/Versions/A/Frameworks/loginsupport.framework/Versions/A/loginsupport
0x00007ff82064f000 	/System/Library/PrivateFrameworks/Apple80211.framework/Versions/A/Apple80211
0x00007ff816ccc000 	/System/Library/PrivateFrameworks/AuthKit.framework/Versions/A/AuthKit
0x00007ff816321000 	/System/Library/PrivateFrameworks/CoreUtils.framework/Versions/A/CoreUtils
0x00007ff816248000 	/System/Library/Frameworks/CoreWLAN.framework/Versions/A/CoreWLAN
0x00007ff81b240000 	/System/Library/Frameworks/IOBluetooth.framework/Versions/A/IOBluetooth
0x00007ff8206b7000 	/System/Library/PrivateFrameworks/CoreWiFi.framework/Versions/A/CoreWiFi
0x00007ff81f086000 	/System/Library/PrivateFrameworks/FrontBoardServices.framework/Versions/A/FrontBoardServices
0x00007ff81f117000 	/System/Library/PrivateFrameworks/BoardServices.framework/Versions/A/BoardServices
0x00007ff816530000 	/System/Library/PrivateFrameworks/AssertionServices.framework/Versions/A/AssertionServices
0x00007ff82083a000 	/System/Library/PrivateFrameworks/BackBoardServices.framework/Versions/A/BackBoardServices
0x00007ff81a62c000 	/System/Library/PrivateFrameworks/CorePhoneNumbers.framework/Versions/A/CorePhoneNumbers
0x00007ff819ef0000 	/System/Library/PrivateFrameworks/MultiverseSupport.framework/Versions/A/MultiverseSupport
0x00007ff820aad000 	/System/Library/PrivateFrameworks/RemoteServiceDiscovery.framework/Versions/A/RemoteServiceDiscovery
0x00007ff81e384000 	/System/Library/PrivateFrameworks/DiskManagement.framework/Versions/A/DiskManagement
0x00007ff81e298000 	/System/Library/PrivateFrameworks/AppleIDAuthSupport.framework/Versions/A/AppleIDAuthSupport
0x00007ffb0bf57000 	/System/Library/PrivateFrameworks/AAAFoundation.framework/Versions/A/AAAFoundation
0x00007ff81a60d000 	/System/Library/PrivateFrameworks/KeychainCircle.framework/Versions/A/KeychainCircle
0x00007ff820abd000 	/System/Library/PrivateFrameworks/RemoteXPC.framework/Versions/A/RemoteXPC
0x00007ff81e350000 	/System/Library/PrivateFrameworks/MediaKit.framework/Versions/A/MediaKit
0x00007ff81e2a4000 	/System/Library/Frameworks/DiscRecording.framework/Versions/A/DiscRecording
0x00007ff817bea000 	/usr/lib/libCoreStorage.dylib
0x00007ff820b28000 	/usr/lib/libcsfde.dylib
0x00007ff81b30d000 	/System/Library/PrivateFrameworks/ProtectedCloudStorage.framework/Versions/A/ProtectedCloudStorage
0x00007ff820b24000 	/System/Library/PrivateFrameworks/EFILogin.framework/Versions/A/EFILogin
0x00007ff81ea02000 	/System/Library/PrivateFrameworks/OctagonTrust.framework/Versions/A/OctagonTrust
0x00007ffb10823000 	/System/Library/PrivateFrameworks/CoreUtilsExtras.framework/Versions/A/CoreUtilsExtras
0x00007ff81e1cb000 	/System/Library/Frameworks/CoreBluetooth.framework/Versions/A/CoreBluetooth
0x00007ff8211b7000 	/System/Library/Frameworks/AudioUnit.framework/Versions/A/AudioUnit
0x00007ff817be2000 	/usr/lib/libMatch.1.dylib
0x00007ff918fd1000 	/System/Library/CoreServices/RawCamera.bundle/Contents/MacOS/RawCamera
0x00007ff81a5ab000 	/System/Library/PrivateFrameworks/MobileAsset.framework/Versions/A/MobileAsset
0x00007ff8211de000 	/System/Library/PrivateFrameworks/StreamingZip.framework/Versions/A/StreamingZip
0x00007ffb0db17000 	/System/Library/PrivateFrameworks/CMPhoto.framework/Versions/A/CMPhoto
0x00007ff81f387000 	/System/Library/PrivateFrameworks/AppleVPA.framework/Versions/A/AppleVPA
0x00007ff818f8d000 	/System/Library/Frameworks/MediaToolbox.framework/Versions/A/MediaToolbox
0x00007ff81e833000 	/System/Library/PrivateFrameworks/CoreAVCHD.framework/Versions/A/CoreAVCHD
0x00007ff81d708000 	/System/Library/Frameworks/MediaAccessibility.framework/Versions/A/MediaAccessibility
0x00007ff81e82f000 	/System/Library/PrivateFrameworks/Mangrove.framework/Versions/A/Mangrove
0x00007ff81d713000 	/System/Library/PrivateFrameworks/AlgosScoreFramework.framework/Versions/A/AlgosScoreFramework
0x00007ff81e474000 	/System/Library/PrivateFrameworks/CoreAUC.framework/Versions/A/CoreAUC
0x00007ff9167fb000 	/System/Library/Frameworks/Accelerate.framework/Versions/A/Frameworks/vImage.framework/Versions/A/Libraries/libCGInterfaces.dylib
0x000000012cd94000 	/usr/lib/libobjc-trampolines.dylib
0x00007ff8236bf000 	/System/Library/PrivateFrameworks/FamilyControls.framework/Versions/A/FamilyControls
0x00007ff8236e3000 	/System/Library/PrivateFrameworks/CommerceKit.framework/Versions/A/Frameworks/CommerceCore.framework/Versions/A/CommerceCore
0x00007ff81d744000 	/System/Library/PrivateFrameworks/SystemAdministration.framework/Versions/A/SystemAdministration
0x00007ff81b2f4000 	/System/Library/PrivateFrameworks/AppContainer.framework/Versions/A/AppContainer
0x00007ff81b309000 	/System/Library/PrivateFrameworks/SecCodeWrapper.framework/Versions/A/SecCodeWrapper
0x00007ff817aad000 	/System/Library/PrivateFrameworks/CrashReporterSupport.framework/Versions/A/CrashReporterSupport
0x00007ff91e1ff000 	/System/Library/PrivateFrameworks/OSAnalytics.framework/Versions/A/OSAnalytics
0x00007ff929394000 	/System/Library/PrivateFrameworks/Symbolication.framework/Versions/A/Symbolication
0x00007ff9121c6000 	/System/Library/PrivateFrameworks/MallocStackLogging.framework/Versions/A/MallocStackLogging
0x00007ff818338000 	/System/Library/PrivateFrameworks/login.framework/Versions/A/login
0x00007ff81cff4000 	/System/Library/Frameworks/DirectoryService.framework/Versions/A/DirectoryService
0x00007ff8209c6000 	/System/Library/PrivateFrameworks/DiskImages.framework/Versions/A/DiskImages
0x00007ff8165d8000 	/System/Library/Frameworks/ServiceManagement.framework/Versions/A/ServiceManagement
0x00007ff820ba2000 	/System/Library/PrivateFrameworks/LoginUIKit.framework/Versions/A/Frameworks/LoginUICore.framework/Versions/A/LoginUICore
0x00007ff8184e1000 	/usr/lib/libodfde.dylib
0x00007ff820b34000 	/usr/lib/libcurl.4.dylib
0x00007ffb244ec000 	/usr/lib/libcrypto.46.dylib
0x00007ffb249e1000 	/usr/lib/libssl.48.dylib
0x00007ff820858000 	/System/Library/Frameworks/LDAP.framework/Versions/A/LDAP
0x00007ff820890000 	/System/Library/PrivateFrameworks/TrustEvaluationAgent.framework/Versions/A/TrustEvaluationAgent
0x00007ff819edc000 	/usr/lib/libsasl2.2.dylib
0x00007ff81d738000 	/System/Library/PrivateFrameworks/CoreDaemon.framework/Versions/B/CoreDaemon
0x00007ff81d733000 	/System/Library/PrivateFrameworks/AppleSRP.framework/Versions/A/AppleSRP
0x00007ff81386d000 	/System/Library/PrivateFrameworks/ViewBridge.framework/Versions/A/ViewBridge
0x00007ffb24080000 	/usr/lib/libRosetta.dylib
0x00007ffa24df4000 	/System/Library/Frameworks/OpenGL.framework/Versions/A/Resources/GLEngine.bundle/GLEngine
0x00007ffa24c5a000 	/System/Library/Frameworks/OpenGL.framework/Versions/A/Libraries/libGLProgrammability.dylib
0x000000012e719000 	/System/Library/Extensions/AppleMetalOpenGLRenderer.bundle/Contents/MacOS/AppleMetalOpenGLRenderer
0x00007ffa24f7e000 	/System/Library/Frameworks/OpenGL.framework/Versions/A/Resources/GLRendererFloat.bundle/GLRendererFloat
0x00007ffa26d96000 	/System/Library/Extensions/AGXMetal13_3.bundle/Contents/MacOS/AGXMetal13_3
0x00007ff912204000 	/System/Library/PrivateFrameworks/GPURawCounter.framework/Versions/A/GPURawCounter
0x00007ff90cb1d000 	/System/Library/PrivateFrameworks/IOGPU.framework/Versions/A/IOGPU
0x000000012eadf000 	/Library/Java/JavaVirtualMachines/jdk1.8.0_202.jdk/Contents/Home/jre/lib/libfontmanager.dylib
0x000000012f375000 	/Library/Java/JavaVirtualMachines/jdk1.8.0_202.jdk/Contents/Home/jre/lib/libosxui.dylib
0x00007ffb0c619000 	/System/Library/PrivateFrameworks/AccessibilityBundles.framework/Versions/A/AccessibilityBundles
0x000000012f851000 	/Library/Java/JavaVirtualMachines/jdk1.8.0_202.jdk/Contents/Home/jre/lib/libnet.dylib
0x000000012f88c000 	/Library/Java/JavaVirtualMachines/jdk1.8.0_202.jdk/Contents/Home/jre/lib/libnio.dylib
0x000000019e8b9000 	/private/var/folders/tx/05p5n4rd23xbchspt80kwzyc0000gn/T/jogamp_0000/file_cache/jln3203878752883203195/jln7053184237854299228/libgluegen-rt.jnilib
0x000000019e8eb000 	/private/var/folders/tx/05p5n4rd23xbchspt80kwzyc0000gn/T/jogamp_0000/file_cache/jln3203878752883203195/jln7053184237854299228/libnativewindow_awt.jnilib
0x000000019e8f6000 	/Library/Java/JavaVirtualMachines/jdk1.8.0_202.jdk/Contents/Home/jre/lib/libjawt.dylib
0x000000019e944000 	/private/var/folders/tx/05p5n4rd23xbchspt80kwzyc0000gn/T/jogamp_0000/file_cache/jln3203878752883203195/jln7053184237854299228/libnativewindow_macosx.jnilib
0x00000001a1f7e000 	/private/var/folders/tx/05p5n4rd23xbchspt80kwzyc0000gn/T/jogamp_0000/file_cache/jln3203878752883203195/jln7053184237854299228/libjogl_desktop.jnilib
0x000000019ee8b000 	/Library/Java/JavaVirtualMachines/jdk1.8.0_202.jdk/Contents/Home/jre/lib/libsunec.dylib
0x00000001a5b30000 	/Library/Java/JavaVirtualMachines/jdk1.8.0_202.jdk/Contents/Home/jre/lib/libt2k.dylib

VM Arguments:
jvm_args: -Djava.security.policy=java.policy.applet -Dfile.encoding=UTF-8 
java_command: sun.applet.AppletViewer module6.EarthquakeCityMap1659528718922.html
java_class_path (initial): /Users/hantang/java_workspace/UCSDUnfoldingMaps/build:/Users/hantang/java_workspace/UCSDUnfoldingMaps/lib/core.jar:/Users/hantang/java_workspace/UCSDUnfoldingMaps/lib/gluegen-rt.jar:/Users/hantang/java_workspace/UCSDUnfoldingMaps/lib/jogl-all.jar:/Users/hantang/java_workspace/UCSDUnfoldingMaps/lib/log4j-1.2.15.jar:/Users/hantang/java_workspace/UCSDUnfoldingMaps/lib/sqlite-jdbc-3.7.2.jar:/Users/hantang/java_workspace/UCSDUnfoldingMaps/lib/json4processing.jar:/Users/hantang/java_workspace/UCSDUnfoldingMaps/lib/libTUIO.jar:/Users/hantang/java_workspace/UCSDUnfoldingMaps/lib/unfolding.0.9.7-uscd.jar
Launcher Type: SUN_STANDARD

Environment Variables:
PATH=/usr/bin:/bin:/usr/sbin:/sbin
SHELL=/bin/zsh

Signal Handlers:
SIGSEGV: [libjvm.dylib+0x5b719d], sa_mask[0]=11111111111111111111111111111111, sa_flags=SA_ONSTACK|SA_RESTART|SA_SIGINFO
SIGBUS: [libjvm.dylib+0x5b719d], sa_mask[0]=11111111111111111111111111111111, sa_flags=SA_RESTART|SA_SIGINFO
SIGFPE: [libjvm.dylib+0x48c8fc], sa_mask[0]=11111111111111111111111111111111, sa_flags=SA_RESTART|SA_SIGINFO
SIGPIPE: [libjvm.dylib+0x48c8fc], sa_mask[0]=11111111111111111111111111111111, sa_flags=SA_RESTART|SA_SIGINFO
SIGXFSZ: [libjvm.dylib+0x48c8fc], sa_mask[0]=11111111111111111111111111111111, sa_flags=SA_RESTART|SA_SIGINFO
SIGILL: [libjvm.dylib+0x48c8fc], sa_mask[0]=11111111111111111111111111111111, sa_flags=SA_RESTART|SA_SIGINFO
SIGUSR1: SIG_DFL, sa_mask[0]=00000000000000000000000000000000, sa_flags=none
SIGUSR2: [libjvm.dylib+0x48c41a], sa_mask[0]=00100000000000000000000000000000, sa_flags=SA_RESTART|SA_SIGINFO
SIGHUP: [libjvm.dylib+0x48a9a5], sa_mask[0]=11111111111111111111111111111111, sa_flags=SA_RESTART|SA_SIGINFO
SIGINT: [libjvm.dylib+0x48a9a5], sa_mask[0]=11111111111111111111111111111111, sa_flags=SA_RESTART|SA_SIGINFO
SIGTERM: [libjvm.dylib+0x48a9a5], sa_mask[0]=11111111111111111111111111111111, sa_flags=SA_RESTART|SA_SIGINFO
SIGQUIT: [libjvm.dylib+0x48a9a5], sa_mask[0]=11111111111111111111111111111111, sa_flags=SA_RESTART|SA_SIGINFO


---------------  S Y S T E M  ---------------

OS:Bsduname:Darwin 21.5.0 Darwin Kernel Version 21.5.0: Tue Apr 26 21:08:29 PDT 2022; root:xnu-8020.121.3~4/RELEASE_ARM64_T8101 x86_64
rlimit: STACK 8176k, CORE 0k, NPROC 2666, NOFILE 10240, AS infinity
load average:2.32 2.63 2.38

CPU:total 8 (initial active 8) (1 cores per cpu, 1 threads per core) family 6 model 44 stepping 0, cmov, cx8, fxsr, mmx, sse, sse2, sse3, ssse3, sse4.1, sse4.2, popcnt, aes, clmul, tsc, tscinvbit, tscinv

Memory: 4k page, physical 16777216k(28852k free)

/proc/meminfo:


vm_info: Java HotSpot(TM) 64-Bit Server VM (25.202-b08) for bsd-amd64 JRE (1.8.0_202-b08), built on Dec 15 2018 20:16:16 by "java_re" with gcc 4.2.1 (Based on Apple Inc. build 5658) (LLVM build 2336.11.00)

time: Fri Aug  5 10:57:22 2022
timezone: CST
elapsed time: 45525 seconds (0d 12h 38m 45s)

