#
# A fatal error has been detected by the Java Runtime Environment:
#
#  SIGSEGV (0xb) at pc=0x00007ff802a1871d, pid=79147, tid=0x0000000000000103
#
# JRE version: Java(TM) SE Runtime Environment (8.0_202-b08) (build 1.8.0_202-b08)
# Java VM: Java HotSpot(TM) 64-Bit Server VM (25.202-b08 mixed mode bsd-amd64 compressed oops)
# Problematic frame:
# C  [libobjc.A.dylib+0x671d]  objc_msgSend+0x1d
#
# Failed to write core dump. Core dumps have been disabled. To enable core dumping, try "ulimit -c unlimited" before starting Java again
#
# If you would like to submit a bug report, please visit:
#   http://bugreport.java.com/bugreport/crash.jsp
# The crash happened outside the Java Virtual Machine in native code.
# See problematic frame for where to report the bug.
#

---------------  T H R E A D  ---------------

Current thread (0x00007fc2dc84b000):  JavaThread "AWT-AppKit" daemon [_thread_in_native, id=259, stack(0x000000030bd47000,0x000000030c547000)]

siginfo: si_signo: 11 (SIGSEGV), si_code: 1 (SEGV_MAPERR), si_addr: 0x00002214daf587d8

Registers:
RAX=0x0000600002673700, RBX=0x000000019da41450, RCX=0x0000000000000000, RDX=0x0000000000000001
RSP=0x000000030c5421a8, RBP=0x000000030c542260, RSI=0x00007ff81d3ed83e, RDI=0x00006000005d87c0
R8 =0x0000000000000000, R9 =0x0000000008000100, R10=0x00002214daf587c0, R11=0x00007ff81d3ed83e
R12=0x0000000000000000, R13=0x00000001a1a3a970, R14=0x000000019da41440, R15=0x00007fc2dc84b000
RIP=0x00007ff802a1871d, EFLAGS=0x0000000000000247, ERR=0x0000000000000004
  TRAPNO=0x000000000000000e

Top of Stack: (sp=0x000000030c5421a8)
0x000000030c5421a8:   000000019da3f157 000000030c542200
0x000000030c5421b8:   0000000000000003 000000030c5421e0
0x000000030c5421c8:   000000010d80c952 00000001a1a3a970
0x000000030c5421d8:   00000001a1a3a970 0000600002673700
0x000000030c5421e8:   000000019da416a0 000000019da41710
0x000000030c5421f8:   00007ff845851918 00007ff8445ea570
0x000000030c542208:   000000019da41450 000000019da41690
0x000000030c542218:   0000600002673700 00006000005d87c0
0x000000030c542228:   0000600000b08180 0000600002673700
0x000000030c542238:   00006000005d87c0 000000030c5422e8
0x000000030c542248:   00007fc2dc84b1f8 00000001a1a3a970
0x000000030c542258:   000000030c542310 000000030c5422d8
0x000000030c542268:   000000010f5980c7 00000001a1a3a970
0x000000030c542278:   000000030c542310 000000030c5422d8
0x000000030c542288:   000000010f597e27 000000010f597de2
0x000000030c542298:   000000030c542298 00000001a1a3a970
0x000000030c5422a8:   000000030c542310 00000001a196b2c8
0x000000030c5422b8:   0000000000000000 00000001a1a3a970
0x000000030c5422c8:   0000000000000000 000000030c5422f8
0x000000030c5422d8:   000000030c542358 000000010f5882bd
0x000000030c5422e8:   00000006c009f538 000000010f591d18
0x000000030c5422f8:   0000600002673700 000000030c542358
0x000000030c542308:   00006000005d87c0 000000010f593782
0x000000030c542318:   000000030c542318 00000001a1a3ab3a
0x000000030c542328:   000000030c542380 00000001a196b2c8
0x000000030c542338:   0000000000000000 00000001a1a3ab48
0x000000030c542348:   000000030c5422f8 000000030c542368
0x000000030c542358:   000000030c5423c8 000000010f5882bd
0x000000030c542368:   0000600002673700 00000006c010a638
0x000000030c542378:   00006000005d87c0 00000006c010a638
0x000000030c542388:   000000030c542388 00000001a340068e
0x000000030c542398:   000000030c5423d8 00000001a3400748 

Instructions: (pc=0x00007ff802a1871d)
0x00007ff802a186fd:   44 00 00 48 85 ff 2e 74 72 40 f6 c7 01 2e 75 76
0x00007ff802a1870d:   49 ba f8 ff ff ff ff 7f 00 00 4c 23 17 49 89 f3
0x00007ff802a1871d:   45 23 5a 18 49 c1 e3 04 4d 03 5a 10 49 3b 33 75
0x00007ff802a1872d:   0a 4d 8b 5b 08 4d 31 d3 41 ff e3 49 83 3b 01 76 

Register to memory mapping:

RAX=0x0000600002673700 is an unknown value
RBX=0x000000019da41450: <offset 0x7450> in /private/var/folders/tx/05p5n4rd23xbchspt80kwzyc0000gn/T/jogamp_0000/file_cache/jln5855903411034858879/jln4227542190083536338/libnativewindow_macosx.jnilib at 0x000000019da3a000
RCX=0x0000000000000000 is an unknown value
RDX=0x0000000000000001 is an unknown value
RSP=0x000000030c5421a8 is pointing into the stack for thread: 0x00007fc2dc84b000
RBP=0x000000030c542260 is pointing into the stack for thread: 0x00007fc2dc84b000
RSI=0x00007ff81d3ed83e: <offset 0x1a9db83e> in /usr/lib/libobjc.A.dylib at 0x00007ff802a12000
RDI=0x00006000005d87c0 is an unknown value
R8 =0x0000000000000000 is an unknown value
R9 =0x0000000008000100 is an unknown value
R10=0x00002214daf587c0 is an unknown value
R11=0x00007ff81d3ed83e: <offset 0x1a9db83e> in /usr/lib/libobjc.A.dylib at 0x00007ff802a12000
R12=0x0000000000000000 is an unknown value
R13={method} {0x00000001a1a3a970} 'UnsetJAWTRootSurfaceLayer0' '(JJ)V' in 'jogamp/nativewindow/jawt/macosx/MacOSXJAWTWindow'
R14=0x000000019da41440: <offset 0x7440> in /private/var/folders/tx/05p5n4rd23xbchspt80kwzyc0000gn/T/jogamp_0000/file_cache/jln5855903411034858879/jln4227542190083536338/libnativewindow_macosx.jnilib at 0x000000019da3a000
R15=0x00007fc2dc84b000 is a thread


Stack: [0x000000030bd47000,0x000000030c547000],  sp=0x000000030c5421a8,  free space=8172k
Native frames: (J=compiled Java code, j=interpreted, Vv=VM code, C=native code)
C  [libobjc.A.dylib+0x671d]  objc_msgSend+0x1d
j  jogamp.nativewindow.jawt.macosx.MacOSXJAWTWindow.UnsetJAWTRootSurfaceLayer0(JJ)V+0
j  jogamp.nativewindow.jawt.macosx.MacOSXJAWTWindow.access$200(JJ)V+2
j  jogamp.nativewindow.jawt.macosx.MacOSXJAWTWindow$1.run()V+38
J 1666 C1 com.jogamp.common.util.RunnableTask.run()V (345 bytes) @ 0x000000010fbb65f4 [0x000000010fbb6460+0x194]
v  ~StubRoutines::call_stub
V  [libjvm.dylib+0x2f0d1e]
V  [libjvm.dylib+0x32805c]
V  [libjvm.dylib+0x31a83f]
C  [libnativewindow_macosx.jnilib+0x5326]  Java_jogamp_nativewindow_jawt_macosx_MacOSXJAWTWindow_UnsetJAWTRootSurfaceLayer0+0x2b6
C  [Foundation+0x81557]  __NSThreadPerformPerform+0xb3
C  [CoreFoundation+0x7f35a]  __CFRUNLOOP_IS_CALLING_OUT_TO_A_SOURCE0_PERFORM_FUNCTION__+0x11
C  [CoreFoundation+0x7f2c2]  __CFRunLoopDoSource0+0xb4
C  [CoreFoundation+0x7f040]  __CFRunLoopDoSources0+0xf2
C  [CoreFoundation+0x7da50]  __CFRunLoopRun+0x37c
C  [CoreFoundation+0x7d014]  CFRunLoopRunSpecific+0x232
C  [HIToolbox+0x2e5e6]  RunCurrentEventLoopInMode+0x124
C  [HIToolbox+0x2e213]  ReceiveNextEventCommon+0x11b
C  [HIToolbox+0x2e0e5]  _BlockUntilNextEventMatchingListInModeWithFilter+0x46
C  [AppKit+0x3f1fd]  _DPSNextEvent+0x39f
C  [AppKit+0x3d8ba]  -[NSApplication(NSEvent) _nextEventMatchingEventMask:untilDate:inMode:dequeue:]+0x572
C  [libosxapp.dylib+0x2328]  -[NSApplicationAWT nextEventMatchingMask:untilDate:inMode:dequeue:]+0x7c
C  [AppKit+0x2ff69]  -[NSApplication run]+0x24a
C  [libosxapp.dylib+0x1f72]  +[NSApplicationAWT runAWTLoopWithApp:]+0x9c
C  [libawt_lwawt.dylib+0x480bf]  -[AWTStarter starter:]+0x389
C  [Foundation+0x81557]  __NSThreadPerformPerform+0xb3
C  [CoreFoundation+0x7f35a]  __CFRUNLOOP_IS_CALLING_OUT_TO_A_SOURCE0_PERFORM_FUNCTION__+0x11
C  [CoreFoundation+0x7f2c2]  __CFRunLoopDoSource0+0xb4
C  [CoreFoundation+0x7f040]  __CFRunLoopDoSources0+0xf2
C  [CoreFoundation+0x7da50]  __CFRunLoopRun+0x37c
C  [CoreFoundation+0x7d014]  CFRunLoopRunSpecific+0x232
C  [java+0x646e]  CreateExecutionEnvironment+0x367
C  [java+0x203c]  JLI_Launch+0x7a0
C  [java+0x84cb]  main+0x65
C  [java+0x1894]  start+0x34
C  0x0000000000000007

Java frames: (J=compiled Java code, j=interpreted, Vv=VM code)
j  jogamp.nativewindow.jawt.macosx.MacOSXJAWTWindow.UnsetJAWTRootSurfaceLayer0(JJ)V+0
j  jogamp.nativewindow.jawt.macosx.MacOSXJAWTWindow.access$200(JJ)V+2
j  jogamp.nativewindow.jawt.macosx.MacOSXJAWTWindow$1.run()V+38
J 1666 C1 com.jogamp.common.util.RunnableTask.run()V (345 bytes) @ 0x000000010fbb65f4 [0x000000010fbb6460+0x194]
v  ~StubRoutines::call_stub

---------------  P R O C E S S  ---------------

Java Threads: ( => current thread )
  0x00007fc2da9c6000 JavaThread "Thread-3" [_thread_blocked, id=36371, stack(0x000000030e454000,0x000000030e554000)]
  0x00007fc2dbb3e800 JavaThread "AWT-EventQueue-1" [_thread_blocked, id=88083, stack(0x000000030e351000,0x000000030e451000)]
  0x00007fc2da9c7000 JavaThread "DestroyJavaVM" [_thread_blocked, id=9731, stack(0x000000030c5cb000,0x000000030c6cb000)]
  0x00007fc2db150000 JavaThread "AWT-EventQueue-0" [_thread_blocked, id=71511, stack(0x000000030e048000,0x000000030e148000)]
  0x00007fc2da9e4000 JavaThread "Java2D Disposer" daemon [_thread_blocked, id=73995, stack(0x000000030df45000,0x000000030e045000)]
  0x00007fc2db931000 JavaThread "Java2D Queue Flusher" daemon [_thread_blocked, id=76819, stack(0x000000030de42000,0x000000030df42000)]
  0x00007fc2dc856800 JavaThread "AWT-Shutdown" [_thread_blocked, id=30219, stack(0x000000030da9b000,0x000000030db9b000)]
=>0x00007fc2dc84b000 JavaThread "AWT-AppKit" daemon [_thread_in_native, id=259, stack(0x000000030bd47000,0x000000030c547000)]
  0x00007fc2db039000 JavaThread "Service Thread" daemon [_thread_blocked, id=22791, stack(0x000000030d80e000,0x000000030d90e000)]
  0x00007fc2db845800 JavaThread "C1 CompilerThread3" daemon [_thread_blocked, id=42499, stack(0x000000030d70b000,0x000000030d80b000)]
  0x00007fc2db83c800 JavaThread "C2 CompilerThread2" daemon [_thread_blocked, id=42755, stack(0x000000030d608000,0x000000030d708000)]
  0x00007fc2db83c000 JavaThread "C2 CompilerThread1" daemon [_thread_blocked, id=43267, stack(0x000000030d505000,0x000000030d605000)]
  0x00007fc2da810000 JavaThread "C2 CompilerThread0" daemon [_thread_blocked, id=15363, stack(0x000000030d402000,0x000000030d502000)]
  0x00007fc2da80f800 JavaThread "Signal Dispatcher" daemon [_thread_blocked, id=15875, stack(0x000000030d2ff000,0x000000030d3ff000)]
  0x00007fc2db036800 JavaThread "Finalizer" daemon [_thread_blocked, id=13851, stack(0x000000030d0ec000,0x000000030d1ec000)]
  0x00007fc2db035800 JavaThread "Reference Handler" daemon [_thread_blocked, id=18467, stack(0x000000030cfe9000,0x000000030d0e9000)]

Other Threads:
  0x00007fc2da808800 VMThread [stack: 0x000000030cee6000,0x000000030cfe6000] [id=13059]
  0x00007fc2db880000 WatcherThread [stack: 0x000000030d911000,0x000000030da11000] [id=41475]

VM state:not at safepoint (normal execution)

VM Mutex/Monitor currently owned by a thread: None

heap address: 0x00000006c0000000, size: 4096 MB, Compressed Oops mode: Zero based, Oop shift amount: 3
Narrow klass base: 0x0000000000000000, Narrow klass shift: 3
Compressed class space size: 1073741824 Address: 0x00000007c0000000

Heap:
 PSYoungGen      total 76288K, used 32456K [0x000000076ab00000, 0x0000000774000000, 0x00000007c0000000)
  eden space 65536K, 49% used [0x000000076ab00000,0x000000076cab23d0,0x000000076eb00000)
  from space 10752K, 0% used [0x000000076f580000,0x000000076f580000,0x0000000770000000)
  to   space 10752K, 0% used [0x000000076eb00000,0x000000076eb00000,0x000000076f580000)
 ParOldGen       total 77824K, used 6888K [0x00000006c0000000, 0x00000006c4c00000, 0x000000076ab00000)
  object space 77824K, 8% used [0x00000006c0000000,0x00000006c06ba278,0x00000006c4c00000)
 Metaspace       used 23833K, capacity 24221K, committed 24704K, reserved 1071104K
  class space    used 2467K, capacity 2587K, committed 2688K, reserved 1048576K

Card table byte_map: [0x000000010cc27000,0x000000010d428000] byte_map_base: 0x0000000109627000

Marking Bits: (ParMarkBitMap*) 0x000000010dfc4e40
 Begin Bits: [0x000000011ead6000, 0x0000000122ad6000)
 End Bits:   [0x0000000122ad6000, 0x0000000126ad6000)

Polling page: 0x000000010c750000

CodeCache: size=245760Kb used=8473Kb max_used=8475Kb free=237287Kb
 bounds [0x000000010f580000, 0x000000010fdd0000, 0x000000011e580000]
 total_blobs=3110 nmethods=2171 adapters=853
 compilation: enabled

Compilation events (10 events):
Event: 1390.207 Thread 0x00007fc2db845800 nmethod 2159 0x000000010fdc9250 code [0x000000010fdc93a0, 0x000000010fdc94b0]
Event: 1390.231 Thread 0x00007fc2db845800 2160       3       java.awt.Component::isValid (20 bytes)
Event: 1390.231 Thread 0x00007fc2db845800 nmethod 2160 0x000000010fdc9510 code [0x000000010fdc9680, 0x000000010fdc9870]
Event: 1390.231 Thread 0x00007fc2db845800 2161   !   3       java.awt.EventQueue::postEventPrivate (104 bytes)
Event: 1390.232 Thread 0x00007fc2db845800 nmethod 2161 0x000000010fdc98d0 code [0x000000010fdc9ae0, 0x000000010fdca3a8]
Event: 1390.232 Thread 0x00007fc2db845800 2162       3       java.util.LinkedList::node (65 bytes)
Event: 1390.233 Thread 0x00007fc2db845800 nmethod 2162 0x000000010fdca710 code [0x000000010fdca8a0, 0x000000010fdcabb0]
Event: 1390.286 Thread 0x00007fc2db83c000 2163       4       java.security.AccessControlContext::combine (205 bytes)
Event: 1390.287 Thread 0x00007fc2da810000 2164       4       java.util.concurrent.locks.ReentrantLock::unlock (10 bytes)
Event: 1390.289 Thread 0x00007fc2da810000 nmethod 2164 0x000000010fdcda10 code [0x000000010fdcdb60, 0x000000010fdcdc68]

GC Heap History (6 events):
Event: 3.934 GC heap before
{Heap before GC invocations=1 (full 0):
 PSYoungGen      total 76288K, used 65536K [0x000000076ab00000, 0x0000000770000000, 0x00000007c0000000)
  eden space 65536K, 100% used [0x000000076ab00000,0x000000076eb00000,0x000000076eb00000)
  from space 10752K, 0% used [0x000000076f580000,0x000000076f580000,0x0000000770000000)
  to   space 10752K, 0% used [0x000000076eb00000,0x000000076eb00000,0x000000076f580000)
 ParOldGen       total 175104K, used 0K [0x00000006c0000000, 0x00000006cab00000, 0x000000076ab00000)
  object space 175104K, 0% used [0x00000006c0000000,0x00000006c0000000,0x00000006cab00000)
 Metaspace       used 20177K, capacity 20527K, committed 20736K, reserved 1067008K
  class space    used 2095K, capacity 2194K, committed 2304K, reserved 1048576K
Event: 3.962 GC heap after
Heap after GC invocations=1 (full 0):
 PSYoungGen      total 76288K, used 9735K [0x000000076ab00000, 0x0000000770000000, 0x00000007c0000000)
  eden space 65536K, 0% used [0x000000076ab00000,0x000000076ab00000,0x000000076eb00000)
  from space 10752K, 90% used [0x000000076eb00000,0x000000076f481c60,0x000000076f580000)
  to   space 10752K, 0% used [0x000000076f580000,0x000000076f580000,0x0000000770000000)
 ParOldGen       total 175104K, used 8K [0x00000006c0000000, 0x00000006cab00000, 0x000000076ab00000)
  object space 175104K, 0% used [0x00000006c0000000,0x00000006c0002000,0x00000006cab00000)
 Metaspace       used 20177K, capacity 20527K, committed 20736K, reserved 1067008K
  class space    used 2095K, capacity 2194K, committed 2304K, reserved 1048576K
}
Event: 4.101 GC heap before
{Heap before GC invocations=2 (full 0):
 PSYoungGen      total 76288K, used 18253K [0x000000076ab00000, 0x0000000770000000, 0x00000007c0000000)
  eden space 65536K, 12% used [0x000000076ab00000,0x000000076b351b30,0x000000076eb00000)
  from space 10752K, 90% used [0x000000076eb00000,0x000000076f481c60,0x000000076f580000)
  to   space 10752K, 0% used [0x000000076f580000,0x000000076f580000,0x0000000770000000)
 ParOldGen       total 175104K, used 8K [0x00000006c0000000, 0x00000006cab00000, 0x000000076ab00000)
  object space 175104K, 0% used [0x00000006c0000000,0x00000006c0002000,0x00000006cab00000)
 Metaspace       used 20742K, capacity 21097K, committed 21248K, reserved 1069056K
  class space    used 2161K, capacity 2295K, committed 2304K, reserved 1048576K
Event: 4.118 GC heap after
Heap after GC invocations=2 (full 0):
 PSYoungGen      total 76288K, used 7121K [0x000000076ab00000, 0x0000000774000000, 0x00000007c0000000)
  eden space 65536K, 0% used [0x000000076ab00000,0x000000076ab00000,0x000000076eb00000)
  from space 10752K, 66% used [0x000000076f580000,0x000000076fc74790,0x0000000770000000)
  to   space 10752K, 0% used [0x000000076eb00000,0x000000076eb00000,0x000000076f580000)
 ParOldGen       total 175104K, used 16K [0x00000006c0000000, 0x00000006cab00000, 0x000000076ab00000)
  object space 175104K, 0% used [0x00000006c0000000,0x00000006c0004000,0x00000006cab00000)
 Metaspace       used 20742K, capacity 21097K, committed 21248K, reserved 1069056K
  class space    used 2161K, capacity 2295K, committed 2304K, reserved 1048576K
}
Event: 4.118 GC heap before
{Heap before GC invocations=3 (full 1):
 PSYoungGen      total 76288K, used 7121K [0x000000076ab00000, 0x0000000774000000, 0x00000007c0000000)
  eden space 65536K, 0% used [0x000000076ab00000,0x000000076ab00000,0x000000076eb00000)
  from space 10752K, 66% used [0x000000076f580000,0x000000076fc74790,0x0000000770000000)
  to   space 10752K, 0% used [0x000000076eb00000,0x000000076eb00000,0x000000076f580000)
 ParOldGen       total 175104K, used 16K [0x00000006c0000000, 0x00000006cab00000, 0x000000076ab00000)
  object space 175104K, 0% used [0x00000006c0000000,0x00000006c0004000,0x00000006cab00000)
 Metaspace       used 20742K, capacity 21097K, committed 21248K, reserved 1069056K
  class space    used 2161K, capacity 2295K, committed 2304K, reserved 1048576K
Event: 4.138 GC heap after
Heap after GC invocations=3 (full 1):
 PSYoungGen      total 76288K, used 0K [0x000000076ab00000, 0x0000000774000000, 0x00000007c0000000)
  eden space 65536K, 0% used [0x000000076ab00000,0x000000076ab00000,0x000000076eb00000)
  from space 10752K, 0% used [0x000000076f580000,0x000000076f580000,0x0000000770000000)
  to   space 10752K, 0% used [0x000000076eb00000,0x000000076eb00000,0x000000076f580000)
 ParOldGen       total 77824K, used 6888K [0x00000006c0000000, 0x00000006c4c00000, 0x000000076ab00000)
  object space 77824K, 8% used [0x00000006c0000000,0x00000006c06ba278,0x00000006c4c00000)
 Metaspace       used 20742K, capacity 21097K, committed 21248K, reserved 1069056K
  class space    used 2161K, capacity 2295K, committed 2304K, reserved 1048576K
}

Deoptimization events (10 events):
Event: 6.925 Thread 0x00007fc2dbb3e800 Uncommon trap: reason=unstable_if action=reinterpret pc=0x000000010fc63424 method=com.sun.org.apache.xerces.internal.impl.XMLEntityScanner.scanChar(Lcom/sun/org/apache/xerces/internal/impl/XMLScanner$NameType;)I @ 212
Event: 6.926 Thread 0x00007fc2dbb3e800 Uncommon trap: reason=class_check action=maybe_recompile pc=0x000000010fc5cac8 method=com.sun.org.apache.xerces.internal.impl.XMLDocumentScannerImpl.next()I @ 4
Event: 6.926 Thread 0x00007fc2dbb3e800 Uncommon trap: reason=class_check action=maybe_recompile pc=0x000000010fc5cac8 method=com.sun.org.apache.xerces.internal.impl.XMLDocumentScannerImpl.next()I @ 4
Event: 6.926 Thread 0x00007fc2dbb3e800 Uncommon trap: reason=unstable_if action=reinterpret pc=0x000000010fc754d4 method=com.sun.org.apache.xerces.internal.impl.XMLEntityScanner.skipSpaces()Z @ 72
Event: 6.927 Thread 0x00007fc2dbb3e800 Uncommon trap: reason=unstable_if action=reinterpret pc=0x000000010fc6f260 method=com.sun.org.apache.xerces.internal.util.SymbolTable.addSymbol([CII)Ljava/lang/String; @ 28
Event: 6.928 Thread 0x00007fc2dbb3e800 Uncommon trap: reason=unstable_if action=reinterpret pc=0x000000010fc63e9c method=com.sun.org.apache.xerces.internal.util.SymbolTable.addSymbol([CII)Ljava/lang/String; @ 28
Event: 7.164 Thread 0x00007fc2dbb3e800 Uncommon trap: reason=unstable_if action=reinterpret pc=0x000000010fd72d64 method=com.sun.org.apache.xerces.internal.impl.XMLEntityScanner.scanContent(Lcom/sun/org/apache/xerces/internal/xni/XMLString;)I @ 418
Event: 7.171 Thread 0x00007fc2dbb3e800 Uncommon trap: reason=unstable_if action=reinterpret pc=0x000000010fc71b28 method=com.sun.org.apache.xerces.internal.impl.XMLEntityScanner.scanLiteral(ILcom/sun/org/apache/xerces/internal/xni/XMLString;Z)I @ 44
Event: 7.173 Thread 0x00007fc2dbb3e800 Uncommon trap: reason=unstable_if action=reinterpret pc=0x000000010fd6b914 method=com.sun.org.apache.xerces.internal.impl.XMLEntityScanner.skipSpaces()Z @ 303
Event: 7.205 Thread 0x00007fc2dbb3e800 Uncommon trap: reason=class_check action=maybe_recompile pc=0x000000010fc5cac8 method=com.sun.org.apache.xerces.internal.impl.XMLDocumentScannerImpl.next()I @ 4

Classes redefined (0 events):
No events

Internal exceptions (10 events):
Event: 0.382 Thread 0x00007fc2db808800 Exception <a 'java/io/FileNotFoundException'> (0x000000076ae85590) thrown at [/Users/java_re/workspace/8-2-build-macosx-x86_64/jdk8u202/12323/hotspot/src/share/vm/prims/jni.cpp, line 710]
Event: 0.506 Thread 0x00007fc2db808800 Exception <a 'java/io/FileNotFoundException'> (0x000000076aec1c80) thrown at [/Users/java_re/workspace/8-2-build-macosx-x86_64/jdk8u202/12323/hotspot/src/share/vm/prims/jni.cpp, line 710]
Event: 1.739 Thread 0x00007fc2dba90800 Exception <a 'java/lang/UnsatisfiedLinkError': com.jogamp.common.util.JarUtil.fixNativeLibAttribs(Ljava/lang/String;)Z> (0x000000076c78b810) thrown at [/Users/java_re/workspace/8-2-build-macosx-x86_64/jdk8u202/12323/hotspot/src/share/vm/prims/nativeLookup
Event: 3.556 Thread 0x00007fc2dbb3e800 Exception <a 'java/io/FileNotFoundException'> (0x000000076d97f930) thrown at [/Users/java_re/workspace/8-2-build-macosx-x86_64/jdk8u202/12323/hotspot/src/share/vm/prims/jni.cpp, line 710]
Event: 3.556 Thread 0x00007fc2dbb3e800 Exception <a 'java/io/FileNotFoundException'> (0x000000076d9857b0) thrown at [/Users/java_re/workspace/8-2-build-macosx-x86_64/jdk8u202/12323/hotspot/src/share/vm/prims/jni.cpp, line 710]
Event: 3.556 Thread 0x00007fc2dbb3e800 Implicit null exception at 0x000000010f772eb6 to 0x000000010f773265
Event: 3.888 Thread 0x00007fc2dbb3e800 Implicit null exception at 0x000000010f957d46 to 0x000000010f957f8d
Event: 3.972 Thread 0x00007fc2db036800 Exception <a 'java/lang/NullPointerException'> (0x000000076ad1c9f8) thrown at [/Users/java_re/workspace/8-2-build-macosx-x86_64/jdk8u202/12323/hotspot/src/share/vm/interpreter/linkResolver.cpp, line 1185]
Event: 7.250 Thread 0x00007fc2dbb3e800 Exception <a 'javax/media/opengl/GLException'> (0x000000076c719ff0) thrown at [/Users/java_re/workspace/8-2-build-macosx-x86_64/jdk8u202/12323/hotspot/src/share/vm/prims/jvm.cpp, line 1506]
Event: 7.250 Thread 0x00007fc2dbb3e800 Exception <a 'javax/media/opengl/GLException'> (0x000000076c719ff0) thrown at [/Users/java_re/workspace/8-2-build-macosx-x86_64/jdk8u202/12323/hotspot/src/share/vm/prims/jvm.cpp, line 1506]

Events (10 events):
Event: 1390.285 loading class jogamp/nativewindow/jawt/macosx/MacOSXJAWTWindow$1
Event: 1390.285 loading class jogamp/nativewindow/jawt/macosx/MacOSXJAWTWindow$1 done
Event: 1390.286 loading class java/awt/LightweightDispatcher$2
Event: 1390.286 loading class java/awt/LightweightDispatcher$2 done
Event: 1390.287 loading class java/awt/event/AWTEventListenerProxy
Event: 1390.287 loading class java/awt/event/AWTEventListenerProxy done
Event: 1390.287 loading class java/awt/Toolkit$ToolkitEventMulticaster
Event: 1390.287 loading class java/awt/Toolkit$ToolkitEventMulticaster done
Event: 1390.287 Executing VM operation: RevokeBias
Event: 1390.287 Executing VM operation: RevokeBias done


Dynamic libraries:
0x00007ff819e94000 	/System/Library/Frameworks/Cocoa.framework/Versions/A/Cocoa
0x00007ff805580000 	/System/Library/Frameworks/AppKit.framework/Versions/C/AppKit
0x00007ff808af1000 	/System/Library/Frameworks/CoreData.framework/Versions/A/CoreData
0x00007ff803984000 	/System/Library/Frameworks/Foundation.framework/Versions/C/Foundation
0x00007ff80dd6b000 	/usr/lib/libSystem.B.dylib
0x00007ff80640f000 	/System/Library/PrivateFrameworks/UIFoundation.framework/Versions/A/UIFoundation
0x00007ff813d98000 	/System/Library/PrivateFrameworks/RemoteViewServices.framework/Versions/A/RemoteViewServices
0x00007ff80c037000 	/System/Library/PrivateFrameworks/XCTTargetBootstrap.framework/Versions/A/XCTTargetBootstrap
0x00007ff80fc30000 	/System/Library/PrivateFrameworks/InternationalSupport.framework/Versions/A/InternationalSupport
0x00007ff80fcba000 	/System/Library/PrivateFrameworks/UserActivity.framework/Versions/A/UserActivity
0x00007ff80f014000 	/usr/lib/libspindump.dylib
0x00007ff80669d000 	/System/Library/Frameworks/UniformTypeIdentifiers.framework/Versions/A/UniformTypeIdentifiers
0x00007ff80a75f000 	/usr/lib/libapp_launch_measurement.dylib
0x00007ff8094d2000 	/System/Library/PrivateFrameworks/CoreAnalytics.framework/Versions/A/CoreAnalytics
0x00007ff80a762000 	/System/Library/PrivateFrameworks/CoreAutoLayout.framework/Versions/A/CoreAutoLayout
0x00007ff80b991000 	/System/Library/Frameworks/Metal.framework/Versions/A/Metal
0x00007ff80c6bd000 	/usr/lib/liblangid.dylib
0x00007ff80c03c000 	/System/Library/PrivateFrameworks/CoreSVG.framework/Versions/A/CoreSVG
0x00007ff807a88000 	/System/Library/PrivateFrameworks/SkyLight.framework/Versions/A/SkyLight
0x00007ff807e26000 	/System/Library/Frameworks/CoreGraphics.framework/Versions/A/CoreGraphics
0x00007ff814458000 	/System/Library/Frameworks/Accelerate.framework/Versions/A/Accelerate
0x00007ff80ea93000 	/System/Library/PrivateFrameworks/IconServices.framework/Versions/A/IconServices
0x00007ff80b976000 	/System/Library/Frameworks/IOSurface.framework/Versions/A/IOSurface
0x00007ff809500000 	/usr/lib/libDiagnosticMessagesClient.dylib
0x00007ff80dc85000 	/usr/lib/libz.1.dylib
0x00007ff817b38000 	/System/Library/Frameworks/ApplicationServices.framework/Versions/A/ApplicationServices
0x00007ff80c023000 	/System/Library/PrivateFrameworks/DFRFoundation.framework/Versions/A/DFRFoundation
0x00007ff804e68000 	/usr/lib/libicucore.A.dylib
0x00007ff810a25000 	/System/Library/Frameworks/AudioToolbox.framework/Versions/A/AudioToolbox
0x00007ff80fc3c000 	/System/Library/PrivateFrameworks/DataDetectorsCore.framework/Versions/A/DataDetectorsCore
0x00007ff90bd34000 	/System/Library/PrivateFrameworks/TextInput.framework/Versions/A/TextInput
0x00007ff807a0b000 	/usr/lib/libMobileGestalt.dylib
0x00007ff80bd2f000 	/System/Library/Frameworks/Carbon.framework/Versions/A/Frameworks/HIToolbox.framework/Versions/A/HIToolbox
0x00007ff80a165000 	/System/Library/Frameworks/QuartzCore.framework/Versions/A/QuartzCore
0x00007ff804b0d000 	/System/Library/Frameworks/Security.framework/Versions/A/Security
0x00007ff813dd0000 	/System/Library/Frameworks/Carbon.framework/Versions/A/Frameworks/SpeechRecognition.framework/Versions/A/SpeechRecognition
0x00007ff80a4bf000 	/System/Library/PrivateFrameworks/CoreUI.framework/Versions/A/CoreUI
0x00007ff8043d8000 	/System/Library/Frameworks/CoreAudio.framework/Versions/A/CoreAudio
0x00007ff8095ef000 	/System/Library/Frameworks/DiskArbitration.framework/Versions/A/DiskArbitration
0x00007ff80f400000 	/System/Library/PrivateFrameworks/MultitouchSupport.framework/Versions/A/MultitouchSupport
0x00007ff807a0a000 	/usr/lib/libenergytrace.dylib
0x00007ff80546c000 	/System/Library/Frameworks/IOKit.framework/Versions/A/IOKit
0x00007ff8141c0000 	/System/Library/Frameworks/CoreServices.framework/Versions/A/CoreServices
0x00007ff80a6f9000 	/System/Library/PrivateFrameworks/PerformanceAnalysis.framework/Versions/A/PerformanceAnalysis
0x00007ffa1b965000 	/System/Library/Frameworks/OpenGL.framework/Versions/A/OpenGL
0x00007ff80d2a1000 	/System/Library/PrivateFrameworks/MobileKeyBag.framework/Versions/A/MobileKeyBag
0x00007ff802a12000 	/usr/lib/libobjc.A.dylib
0x00007ff808550000 	/System/Library/Frameworks/ColorSync.framework/Versions/A/ColorSync
0x00007ff802bcc000 	/System/Library/Frameworks/CoreFoundation.framework/Versions/A/CoreFoundation
0x00007ff80c2b3000 	/System/Library/Frameworks/CoreImage.framework/Versions/A/CoreImage
0x00007ff8041ec000 	/System/Library/Frameworks/CoreText.framework/Versions/A/CoreText
0x00007ff80c06c000 	/System/Library/Frameworks/ImageIO.framework/Versions/A/ImageIO
0x00007ff80dd71000 	/System/Library/PrivateFrameworks/SoftLinking.framework/Versions/A/SoftLinking
0x00007ff80a7aa000 	/usr/lib/libxml2.2.dylib
0x00007ff802ad8000 	/usr/lib/libc++.1.dylib
0x00007ff80dff2000 	/usr/lib/libcompression.dylib
0x00007ff80fb63000 	/System/Library/PrivateFrameworks/TextureIO.framework/Versions/A/TextureIO
0x00007ff80e70c000 	/usr/lib/libate.dylib
0x00007ff80dd66000 	/usr/lib/system/libcache.dylib
0x00007ff80dd22000 	/usr/lib/system/libcommonCrypto.dylib
0x00007ff80dd4b000 	/usr/lib/system/libcompiler_rt.dylib
0x00007ff80dd41000 	/usr/lib/system/libcopyfile.dylib
0x00007ff80290d000 	/usr/lib/system/libcorecrypto.dylib
0x00007ff8029cb000 	/usr/lib/system/libdispatch.dylib
0x00007ff802b8b000 	/usr/lib/system/libdyld.dylib
0x00007ff80dd5d000 	/usr/lib/system/libkeymgr.dylib
0x00007ff80dd00000 	/usr/lib/system/libmacho.dylib
0x00007ff80d37b000 	/usr/lib/system/libquarantine.dylib
0x00007ff80dd5b000 	/usr/lib/system/libremovefile.dylib
0x00007ff807a58000 	/usr/lib/system/libsystem_asl.dylib
0x00007ff8028b6000 	/usr/lib/system/libsystem_blocks.dylib
0x00007ff802a4f000 	/usr/lib/system/libsystem_c.dylib
0x00007ff80dd53000 	/usr/lib/system/libsystem_collections.dylib
0x00007ff80c6ad000 	/usr/lib/system/libsystem_configuration.dylib
0x00007ff80b959000 	/usr/lib/system/libsystem_containermanager.dylib
0x00007ff80da32000 	/usr/lib/system/libsystem_coreservices.dylib
0x00007ff8050fc000 	/usr/lib/system/libsystem_darwin.dylib
0x00007ff80dd5e000 	/usr/lib/system/libsystem_dnssd.dylib
0x00007ff802a4c000 	/usr/lib/system/libsystem_featureflags.dylib
0x00007ff802ba1000 	/usr/lib/system/libsystem_info.dylib
0x00007ff80dc98000 	/usr/lib/system/libsystem_m.dylib
0x00007ff80299f000 	/usr/lib/system/libsystem_malloc.dylib
0x00007ff8079f3000 	/usr/lib/system/libsystem_networkextension.dylib
0x00007ff805522000 	/usr/lib/system/libsystem_notify.dylib
0x00007ff814095000 	/usr/lib/system/libsystem_product_info_filter.dylib
0x00007ff80c6b1000 	/usr/lib/system/libsystem_sandbox.dylib
0x00007ff80dd58000 	/usr/lib/system/libsystem_secinit.dylib
0x00007ff802b47000 	/usr/lib/system/libsystem_kernel.dylib
0x00007ff802b97000 	/usr/lib/system/libsystem_platform.dylib
0x00007ff802b7f000 	/usr/lib/system/libsystem_pthread.dylib
0x00007ff809312000 	/usr/lib/system/libsystem_symptoms.dylib
0x00007ff8028f4000 	/usr/lib/system/libsystem_trace.dylib
0x00007ff80dd2e000 	/usr/lib/system/libunwind.dylib
0x00007ff8028b8000 	/usr/lib/system/libxpc.dylib
0x00007ff802b31000 	/usr/lib/libc++abi.dylib
0x00007ff80dd39000 	/usr/lib/liboah.dylib
0x00007ff80e4ca000 	/usr/lib/liblzma.5.dylib
0x00007ff803693000 	/System/Library/Frameworks/SystemConfiguration.framework/Versions/A/SystemConfiguration
0x00007ff80dd6d000 	/usr/lib/libfakelink.dylib
0x00007ff807564000 	/System/Library/Frameworks/CFNetwork.framework/Versions/A/CFNetwork
0x00007ff80deae000 	/usr/lib/libarchive.2.dylib
0x00007ff80c6b9000 	/System/Library/PrivateFrameworks/AppleSystemInfo.framework/Versions/A/AppleSystemInfo
0x00007ff80d3a2000 	/usr/lib/libbsm.0.dylib
0x00007ff806b73000 	/usr/lib/libnetwork.dylib
0x00007ff80dd06000 	/usr/lib/system/libkxld.dylib
0x00007ff80cfd5000 	/System/Library/PrivateFrameworks/IOMobileFramebuffer.framework/Versions/A/IOMobileFramebuffer
0x00007ffb1ad29000 	/usr/lib/libCoreEntitlements.dylib
0x00007ff80da14000 	/System/Library/PrivateFrameworks/AppleFSCompression.framework/Versions/A/AppleFSCompression
0x00007ff80d38a000 	/usr/lib/libcoretls.dylib
0x00007ff80e4e4000 	/usr/lib/libcoretls_cfhelpers.dylib
0x00007ff80dfed000 	/usr/lib/libpam.2.dylib
0x00007ff808f35000 	/usr/lib/libsqlite3.dylib
0x00007ff80e553000 	/usr/lib/libxar.1.dylib
0x00007ff80da24000 	/usr/lib/libbz2.1.0.dylib
0x00007ff80dd72000 	/usr/lib/libpcap.A.dylib
0x00007ff80930a000 	/usr/lib/libdns_services.dylib
0x00007ff80dfc0000 	/usr/lib/libapple_nghttp2.dylib
0x00007ff80ddac000 	/usr/lib/libiconv.2.dylib
0x00007ff80dcff000 	/usr/lib/libcharset.1.dylib
0x00007ff80a72d000 	/System/Library/Frameworks/CoreServices.framework/Versions/A/Frameworks/FSEvents.framework/Versions/A/FSEvents
0x00007ff805106000 	/System/Library/Frameworks/CoreServices.framework/Versions/A/Frameworks/CarbonCore.framework/Versions/A/CarbonCore
0x00007ff809553000 	/System/Library/Frameworks/CoreServices.framework/Versions/A/Frameworks/Metadata.framework/Versions/A/Metadata
0x00007ff80da37000 	/System/Library/Frameworks/CoreServices.framework/Versions/A/Frameworks/OSServices.framework/Versions/A/OSServices
0x00007ff80df35000 	/System/Library/Frameworks/CoreServices.framework/Versions/A/Frameworks/SearchKit.framework/Versions/A/SearchKit
0x00007ff80929d000 	/System/Library/Frameworks/CoreServices.framework/Versions/A/Frameworks/AE.framework/Versions/A/AE
0x00007ff8030cd000 	/System/Library/Frameworks/CoreServices.framework/Versions/A/Frameworks/LaunchServices.framework/Versions/A/LaunchServices
0x00007ff80e47b000 	/System/Library/Frameworks/CoreServices.framework/Versions/A/Frameworks/DictionaryServices.framework/Versions/A/DictionaryServices
0x00007ff80a73a000 	/System/Library/Frameworks/CoreServices.framework/Versions/A/Frameworks/SharedFileList.framework/Versions/A/SharedFileList
0x00007ff80d37e000 	/usr/lib/libCheckFix.dylib
0x00007ff807a6f000 	/System/Library/PrivateFrameworks/TCC.framework/Versions/A/TCC
0x00007ff80c6bf000 	/System/Library/PrivateFrameworks/CoreNLP.framework/Versions/A/CoreNLP
0x00007ff809503000 	/System/Library/PrivateFrameworks/MetadataUtilities.framework/Versions/A/MetadataUtilities
0x00007ff803747000 	/usr/lib/libmecabra.dylib
0x00007ff80d3b2000 	/usr/lib/libmecab.dylib
0x00007ff803712000 	/usr/lib/libCRFSuite.dylib
0x00007ff80d40c000 	/usr/lib/libgermantok.dylib
0x00007ff80df9b000 	/usr/lib/libThaiTokenizer.dylib
0x00007ff8095f6000 	/System/Library/Frameworks/Accelerate.framework/Versions/A/Frameworks/vImage.framework/Versions/A/vImage
0x00007ff814197000 	/System/Library/Frameworks/Accelerate.framework/Versions/A/Frameworks/vecLib.framework/Versions/A/vecLib
0x00007ff80e594000 	/System/Library/Frameworks/Accelerate.framework/Versions/A/Frameworks/vecLib.framework/Versions/A/libvMisc.dylib
0x00007ff80cdd4000 	/System/Library/Frameworks/Accelerate.framework/Versions/A/Frameworks/vecLib.framework/Versions/A/libvDSP.dylib
0x00007ff80344b000 	/System/Library/Frameworks/Accelerate.framework/Versions/A/Frameworks/vecLib.framework/Versions/A/libBLAS.dylib
0x00007ff80e0d0000 	/System/Library/Frameworks/Accelerate.framework/Versions/A/Frameworks/vecLib.framework/Versions/A/libLAPACK.dylib
0x00007ff80d40f000 	/System/Library/Frameworks/Accelerate.framework/Versions/A/Frameworks/vecLib.framework/Versions/A/libLinearAlgebra.dylib
0x00007ff80dfd8000 	/System/Library/Frameworks/Accelerate.framework/Versions/A/Frameworks/vecLib.framework/Versions/A/libSparseBLAS.dylib
0x00007ff80e0ca000 	/System/Library/Frameworks/Accelerate.framework/Versions/A/Frameworks/vecLib.framework/Versions/A/libQuadrature.dylib
0x00007ff80c7aa000 	/System/Library/Frameworks/Accelerate.framework/Versions/A/Frameworks/vecLib.framework/Versions/A/libBNNS.dylib
0x00007ff80361d000 	/System/Library/Frameworks/Accelerate.framework/Versions/A/Frameworks/vecLib.framework/Versions/A/libSparse.dylib
0x00007ff80c7a3000 	/System/Library/PrivateFrameworks/LinguisticData.framework/Versions/A/LinguisticData
0x00007ff8035d3000 	/System/Library/PrivateFrameworks/Lexicon.framework/Versions/A/Lexicon
0x00007ff80e58d000 	/usr/lib/libChineseTokenizer.dylib
0x00007ff803d41000 	/System/Library/PrivateFrameworks/LanguageModeling.framework/Versions/A/LanguageModeling
0x00007ff80df9d000 	/System/Library/PrivateFrameworks/AppleSauce.framework/Versions/A/AppleSauce
0x00007ff80cfc3000 	/System/Library/PrivateFrameworks/CoreEmoji.framework/Versions/A/CoreEmoji
0x00007ff80de9d000 	/usr/lib/libcmph.dylib
0x00007ff80a711000 	/System/Library/Frameworks/OpenDirectory.framework/Versions/A/Frameworks/CFOpenDirectory.framework/Versions/A/CFOpenDirectory
0x00007ff80a705000 	/System/Library/Frameworks/OpenDirectory.framework/Versions/A/OpenDirectory
0x00007ff80e4e6000 	/System/Library/PrivateFrameworks/APFS.framework/Versions/A/APFS
0x00007ff80d2d9000 	/System/Library/Frameworks/SecurityFoundation.framework/Versions/A/SecurityFoundation
0x00007ff80e561000 	/usr/lib/libutil.dylib
0x00007ff805430000 	/System/Library/PrivateFrameworks/CoreServicesStore.framework/Versions/A/CoreServicesStore
0x00007ff80e565000 	/usr/lib/libxslt.1.dylib
0x00007ff80d366000 	/System/Library/PrivateFrameworks/BackgroundTaskManagement.framework/Versions/A/BackgroundTaskManagement
0x00007ff80fa84000 	/System/Library/Frameworks/ImageIO.framework/Versions/A/Resources/libRadiance.dylib
0x00007ff80fa8d000 	/System/Library/Frameworks/ImageIO.framework/Versions/A/Resources/libJPEG.dylib
0x00007ff80f9df000 	/System/Library/Frameworks/ImageIO.framework/Versions/A/Resources/libPng.dylib
0x00007ff80fa00000 	/System/Library/Frameworks/ImageIO.framework/Versions/A/Resources/libTIFF.dylib
0x00007ff80faec000 	/System/Library/Frameworks/ImageIO.framework/Versions/A/Resources/libGIF.dylib
0x00007ff80f31c000 	/System/Library/Frameworks/ImageIO.framework/Versions/A/Resources/libJP2.dylib
0x00007ff80ea5a000 	/usr/lib/libexpat.1.dylib
0x00007ff80f2d1000 	/System/Library/PrivateFrameworks/AppleJPEG.framework/Versions/A/AppleJPEG
0x00007ff80bbf3000 	/System/Library/PrivateFrameworks/FontServices.framework/libFontParser.dylib
0x00007ff809247000 	/System/Library/PrivateFrameworks/RunningBoardServices.framework/Versions/A/RunningBoardServices
0x00007ff81a44f000 	/System/Library/PrivateFrameworks/IOSurfaceAccelerator.framework/Versions/A/IOSurfaceAccelerator
0x00007ff80f3fc000 	/System/Library/PrivateFrameworks/WatchdogClient.framework/Versions/A/WatchdogClient
0x00007ff803e2f000 	/System/Library/Frameworks/CoreDisplay.framework/Versions/A/CoreDisplay
0x00007ff80baf1000 	/System/Library/Frameworks/CoreMedia.framework/Versions/A/CoreMedia
0x00007ff80b988000 	/System/Library/PrivateFrameworks/IOAccelerator.framework/Versions/A/IOAccelerator
0x00007ff80a88e000 	/System/Library/Frameworks/CoreVideo.framework/Versions/A/CoreVideo
0x00007ff80dfeb000 	/System/Library/Frameworks/MetalPerformanceShaders.framework/Versions/A/MetalPerformanceShaders
0x00007ff80f439000 	/System/Library/Frameworks/VideoToolbox.framework/Versions/A/VideoToolbox
0x00007ff809191000 	/System/Library/PrivateFrameworks/BaseBoard.framework/Versions/A/BaseBoard
0x00007ff808f1b000 	/System/Library/PrivateFrameworks/ProtocolBuffer.framework/Versions/A/ProtocolBuffer
0x00007ff80fa7d000 	/System/Library/PrivateFrameworks/GPUWrangler.framework/Versions/A/GPUWrangler
0x00007ff80fa61000 	/System/Library/PrivateFrameworks/IOPresentment.framework/Versions/A/IOPresentment
0x00007ff80fa87000 	/System/Library/PrivateFrameworks/DSExternalDisplay.framework/Versions/A/DSExternalDisplay
0x00007ffa1b959000 	/System/Library/Frameworks/OpenGL.framework/Versions/A/Libraries/libCoreFSCache.dylib
0x00007ffb0844d000 	/System/Library/PrivateFrameworks/GPUCompiler.framework/Versions/31001/Libraries/libGPUCompilerUtils.dylib
0x00007ff80faf1000 	/System/Library/PrivateFrameworks/CMCaptureCore.framework/Versions/A/CMCaptureCore
0x00007ff80f002000 	/System/Library/PrivateFrameworks/AppServerSupport.framework/Versions/A/AppServerSupport
0x00007ff8112bd000 	/System/Library/PrivateFrameworks/perfdata.framework/Versions/A/perfdata
0x00007ff803f5b000 	/System/Library/PrivateFrameworks/AudioToolboxCore.framework/Versions/A/AudioToolboxCore
0x00007ff80bacf000 	/System/Library/PrivateFrameworks/caulk.framework/Versions/A/caulk
0x00007ff810bcf000 	/usr/lib/libAudioStatistics.dylib
0x00007ff9084d7000 	/System/Library/PrivateFrameworks/SystemPolicy.framework/Versions/A/SystemPolicy
0x00007ff810e2a000 	/usr/lib/libSMC.dylib
0x00007ff819d47000 	/System/Library/Frameworks/CoreMIDI.framework/Versions/A/CoreMIDI
0x00007ff80f9ae000 	/usr/lib/libAudioToolboxUtility.dylib
0x00007ff90470c000 	/System/Library/PrivateFrameworks/OSAServicesClient.framework/Versions/A/OSAServicesClient
0x00007ff8112ca000 	/usr/lib/libperfcheck.dylib
0x00007ff908f81000 	/usr/lib/libmis.dylib
0x00007ffa1b9b4000 	/System/Library/Frameworks/OpenGL.framework/Versions/A/Libraries/libGLU.dylib
0x00007ffa1b978000 	/System/Library/Frameworks/OpenGL.framework/Versions/A/Libraries/libGFXShared.dylib
0x00007ffa1bb81000 	/System/Library/Frameworks/OpenGL.framework/Versions/A/Libraries/libGL.dylib
0x00007ffa1b981000 	/System/Library/Frameworks/OpenGL.framework/Versions/A/Libraries/libGLImage.dylib
0x00007ffa1b975000 	/System/Library/Frameworks/OpenGL.framework/Versions/A/Libraries/libCVMSPluginSupport.dylib
0x00007ffa1b960000 	/System/Library/Frameworks/OpenGL.framework/Versions/A/Libraries/libCoreVMClient.dylib
0x00007ff80c63b000 	/System/Library/Frameworks/MetalPerformanceShaders.framework/Versions/A/Frameworks/MPSCore.framework/Versions/A/MPSCore
0x00007ff80d97f000 	/System/Library/Frameworks/MetalPerformanceShaders.framework/Versions/A/Frameworks/MPSImage.framework/Versions/A/MPSImage
0x00007ff80d425000 	/System/Library/Frameworks/MetalPerformanceShaders.framework/Versions/A/Frameworks/MPSNeuralNetwork.framework/Versions/A/MPSNeuralNetwork
0x00007ff80d899000 	/System/Library/Frameworks/MetalPerformanceShaders.framework/Versions/A/Frameworks/MPSMatrix.framework/Versions/A/MPSMatrix
0x00007ff80d654000 	/System/Library/Frameworks/MetalPerformanceShaders.framework/Versions/A/Frameworks/MPSRayIntersector.framework/Versions/A/MPSRayIntersector
0x00007ff80d8d1000 	/System/Library/Frameworks/MetalPerformanceShaders.framework/Versions/A/Frameworks/MPSNDArray.framework/Versions/A/MPSNDArray
0x00007ffa20b7b000 	/System/Library/Frameworks/MetalPerformanceShaders.framework/Versions/A/Frameworks/MPSFunctions.framework/Versions/A/MPSFunctions
0x00007ff803324000 	/System/Library/PrivateFrameworks/MetalTools.framework/Versions/A/MetalTools
0x00007ff80c6b7000 	/System/Library/PrivateFrameworks/AggregateDictionary.framework/Versions/A/AggregateDictionary
0x00007ff80e83c000 	/usr/lib/libIOReport.dylib
0x00007ffa1cf90000 	/System/Library/Frameworks/OpenCL.framework/Versions/A/OpenCL
0x00007ff80eba0000 	/System/Library/PrivateFrameworks/FaceCore.framework/Versions/A/FaceCore
0x00007ff80eb91000 	/System/Library/PrivateFrameworks/GraphVisualizer.framework/Versions/A/GraphVisualizer
0x00007ffb08358000 	/System/Library/PrivateFrameworks/FontServices.framework/Versions/A/FontServices
0x00007ff80efba000 	/System/Library/PrivateFrameworks/OTSVG.framework/Versions/A/OTSVG
0x00007ff80a475000 	/System/Library/Frameworks/ApplicationServices.framework/Versions/A/Frameworks/ATS.framework/Versions/A/Resources/libFontRegistry.dylib
0x00007ff80f00a000 	/System/Library/PrivateFrameworks/FontServices.framework/libhvf.dylib
0x00007ffb08359000 	/System/Library/PrivateFrameworks/FontServices.framework/libXTFontStaticRegistryData.dylib
0x00007ff80ea0a000 	/System/Library/PrivateFrameworks/AppleVA.framework/Versions/A/AppleVA
0x00007ff810bef000 	/System/Library/Frameworks/ApplicationServices.framework/Versions/A/Frameworks/ATS.framework/Versions/A/ATS
0x00007ff80864e000 	/System/Library/Frameworks/ApplicationServices.framework/Versions/A/Frameworks/HIServices.framework/Versions/A/HIServices
0x00007ff80fafb000 	/System/Library/Frameworks/ApplicationServices.framework/Versions/A/Frameworks/PrintCore.framework/Versions/A/PrintCore
0x00007ff810f7d000 	/System/Library/Frameworks/ApplicationServices.framework/Versions/A/Frameworks/QD.framework/Versions/A/QD
0x00007ff810f75000 	/System/Library/Frameworks/ApplicationServices.framework/Versions/A/Frameworks/ColorSyncLegacy.framework/Versions/A/ColorSyncLegacy
0x00007ff810bdf000 	/System/Library/Frameworks/ApplicationServices.framework/Versions/A/Frameworks/SpeechSynthesis.framework/Versions/A/SpeechSynthesis
0x00007ff80fabc000 	/System/Library/Frameworks/ApplicationServices.framework/Versions/A/Frameworks/ATSUI.framework/Versions/A/ATSUI
0x00007ff810f0a000 	/usr/lib/libcups.2.dylib
0x00007ff8112d9000 	/System/Library/Frameworks/Kerberos.framework/Versions/A/Kerberos
0x00007ff8112e8000 	/System/Library/Frameworks/GSS.framework/Versions/A/GSS
0x00007ff810c5b000 	/usr/lib/libresolv.9.dylib
0x00007ff80f019000 	/System/Library/PrivateFrameworks/Heimdal.framework/Versions/A/Heimdal
0x00007ff817eca000 	/System/Library/Frameworks/Kerberos.framework/Versions/A/Libraries/libHeimdalProxy.dylib
0x00007ff80931a000 	/System/Library/Frameworks/Network.framework/Versions/A/Network
0x00007ff80ea74000 	/usr/lib/libheimdal-asn1.dylib
0x00007ff811333000 	/System/Library/PrivateFrameworks/CommonAuth.framework/Versions/A/CommonAuth
0x00007ff810b61000 	/System/Library/PrivateFrameworks/AudioSession.framework/Versions/A/AudioSession
0x00007ff80eb04000 	/System/Library/PrivateFrameworks/MediaExperience.framework/Versions/A/MediaExperience
0x00007ff8109f4000 	/System/Library/PrivateFrameworks/AudioSession.framework/libSessionUtility.dylib
0x00007ff810f89000 	/System/Library/PrivateFrameworks/AudioResourceArbitration.framework/Versions/A/AudioResourceArbitration
0x00007ff81500a000 	/System/Library/PrivateFrameworks/PowerLog.framework/Versions/A/PowerLog
0x00007ff80ea7d000 	/System/Library/PrivateFrameworks/IconFoundation.framework/Versions/A/IconFoundation
0x00007ff813dc0000 	/System/Library/PrivateFrameworks/SpeechRecognitionCore.framework/Versions/A/SpeechRecognitionCore
0x000000010d6c9000 	/Library/Java/JavaVirtualMachines/jdk1.8.0_202.jdk/Contents/Home/jre/lib/server/libjvm.dylib
0x00007ffb1b7b5000 	/usr/lib/libstdc++.6.dylib
0x000000010c75d000 	/Library/Java/JavaVirtualMachines/jdk1.8.0_202.jdk/Contents/Home/jre/lib/libverify.dylib
0x000000010c7b2000 	/Library/Java/JavaVirtualMachines/jdk1.8.0_202.jdk/Contents/Home/jre/lib/libjava.dylib
0x000000010c78d000 	/Library/Java/JavaVirtualMachines/jdk1.8.0_202.jdk/Contents/Home/jre/lib/libzip.dylib
0x0000000129a01000 	/Library/Java/JavaVirtualMachines/jdk1.8.0_202.jdk/Contents/Home/jre/lib/libawt.dylib
0x0000000129c1f000 	/Library/Java/JavaVirtualMachines/jdk1.8.0_202.jdk/Contents/Home/jre/lib/libmlib_image.dylib
0x00007ffa20ad8000 	/System/Library/Frameworks/JavaNativeFoundation.framework/Versions/A/JavaNativeFoundation
0x00007ffa20ae4000 	/System/Library/Frameworks/JavaRuntimeSupport.framework/Versions/A/JavaRuntimeSupport
0x00007ff907ffb000 	/System/Library/Frameworks/Carbon.framework/Versions/A/Carbon
0x00007ff816284000 	/System/Library/PrivateFrameworks/CoreSymbolication.framework/Versions/A/CoreSymbolication
0x00007ff81b7e6000 	/System/Library/Frameworks/Carbon.framework/Versions/A/Frameworks/CommonPanels.framework/Versions/A/CommonPanels
0x00007ff8178b8000 	/System/Library/Frameworks/Carbon.framework/Versions/A/Frameworks/Help.framework/Versions/A/Help
0x00007ff81b7ea000 	/System/Library/Frameworks/Carbon.framework/Versions/A/Frameworks/ImageCapture.framework/Versions/A/ImageCapture
0x00007ff81b7ba000 	/System/Library/Frameworks/Carbon.framework/Versions/A/Frameworks/OpenScripting.framework/Versions/A/OpenScripting
0x00007ff81b7e2000 	/System/Library/Frameworks/Carbon.framework/Versions/A/Frameworks/Ink.framework/Versions/A/Ink
0x00007ff907ff7000 	/System/Library/Frameworks/Carbon.framework/Versions/A/Frameworks/Print.framework/Versions/A/Print
0x00007ff81b7de000 	/System/Library/Frameworks/Carbon.framework/Versions/A/Frameworks/SecurityHI.framework/Versions/A/SecurityHI
0x00007ff816249000 	/System/Library/PrivateFrameworks/DebugSymbols.framework/Versions/A/DebugSymbols
0x0000000129da7000 	/Library/Java/JavaVirtualMachines/jdk1.8.0_202.jdk/Contents/Home/jre/lib/libawt_lwawt.dylib
0x0000000129995000 	/Library/Java/JavaVirtualMachines/jdk1.8.0_202.jdk/Contents/Home/jre/lib/libosxapp.dylib
0x00007ff9072cd000 	/System/Library/Frameworks/ExceptionHandling.framework/Versions/A/ExceptionHandling
0x00007ff8053f2000 	/System/Library/PrivateFrameworks/CoreServicesInternal.framework/Versions/A/CoreServicesInternal
0x00007ff8155fb000 	/System/Library/Frameworks/FileProvider.framework/Versions/A/FileProvider
0x00007ff8090fe000 	/System/Library/Frameworks/Accounts.framework/Versions/A/Accounts
0x00007ff815774000 	/System/Library/PrivateFrameworks/GenerationalStorage.framework/Versions/A/GenerationalStorage
0x00007ff814fff000 	/System/Library/PrivateFrameworks/SymptomDiagnosticReporter.framework/Versions/A/SymptomDiagnosticReporter
0x00007ff8066b1000 	/System/Library/PrivateFrameworks/DesktopServicesPriv.framework/Versions/A/DesktopServicesPriv
0x00007ff805531000 	/usr/lib/libsandbox.1.dylib
0x00007ff80a90d000 	/System/Library/PrivateFrameworks/UserManagement.framework/Versions/A/UserManagement
0x00007ff810f6a000 	/System/Library/PrivateFrameworks/NetAuth.framework/Versions/A/NetAuth
0x00007ff811e79000 	/System/Library/PrivateFrameworks/Sharing.framework/Versions/A/Sharing
0x00007ff80a8e0000 	/System/Library/PrivateFrameworks/login.framework/Versions/A/Frameworks/loginsupport.framework/Versions/A/loginsupport
0x00007ff8173e7000 	/System/Library/PrivateFrameworks/Apple80211.framework/Versions/A/Apple80211
0x00007ff80da64000 	/System/Library/PrivateFrameworks/AuthKit.framework/Versions/A/AuthKit
0x00007ff80d0b9000 	/System/Library/PrivateFrameworks/CoreUtils.framework/Versions/A/CoreUtils
0x00007ff80cfe0000 	/System/Library/Frameworks/CoreWLAN.framework/Versions/A/CoreWLAN
0x00007ff811fd8000 	/System/Library/Frameworks/IOBluetooth.framework/Versions/A/IOBluetooth
0x00007ff81744f000 	/System/Library/PrivateFrameworks/CoreWiFi.framework/Versions/A/CoreWiFi
0x00007ff815e1e000 	/System/Library/PrivateFrameworks/FrontBoardServices.framework/Versions/A/FrontBoardServices
0x00007ff815eaf000 	/System/Library/PrivateFrameworks/BoardServices.framework/Versions/A/BoardServices
0x00007ff80d2c8000 	/System/Library/PrivateFrameworks/AssertionServices.framework/Versions/A/AssertionServices
0x00007ff8175d2000 	/System/Library/PrivateFrameworks/BackBoardServices.framework/Versions/A/BackBoardServices
0x00007ff8113c4000 	/System/Library/PrivateFrameworks/CorePhoneNumbers.framework/Versions/A/CorePhoneNumbers
0x00007ff810c88000 	/System/Library/PrivateFrameworks/MultiverseSupport.framework/Versions/A/MultiverseSupport
0x00007ff817845000 	/System/Library/PrivateFrameworks/RemoteServiceDiscovery.framework/Versions/A/RemoteServiceDiscovery
0x00007ff81511c000 	/System/Library/PrivateFrameworks/DiskManagement.framework/Versions/A/DiskManagement
0x00007ff815030000 	/System/Library/PrivateFrameworks/AppleIDAuthSupport.framework/Versions/A/AppleIDAuthSupport
0x00007ffb02cef000 	/System/Library/PrivateFrameworks/AAAFoundation.framework/Versions/A/AAAFoundation
0x00007ff8113a5000 	/System/Library/PrivateFrameworks/KeychainCircle.framework/Versions/A/KeychainCircle
0x00007ff817855000 	/System/Library/PrivateFrameworks/RemoteXPC.framework/Versions/A/RemoteXPC
0x00007ff8150e8000 	/System/Library/PrivateFrameworks/MediaKit.framework/Versions/A/MediaKit
0x00007ff81503c000 	/System/Library/Frameworks/DiscRecording.framework/Versions/A/DiscRecording
0x00007ff80e982000 	/usr/lib/libCoreStorage.dylib
0x00007ff8178c0000 	/usr/lib/libcsfde.dylib
0x00007ff8120a5000 	/System/Library/PrivateFrameworks/ProtectedCloudStorage.framework/Versions/A/ProtectedCloudStorage
0x00007ff8178bc000 	/System/Library/PrivateFrameworks/EFILogin.framework/Versions/A/EFILogin
0x00007ff81579a000 	/System/Library/PrivateFrameworks/OctagonTrust.framework/Versions/A/OctagonTrust
0x00007ffb075bb000 	/System/Library/PrivateFrameworks/CoreUtilsExtras.framework/Versions/A/CoreUtilsExtras
0x00007ff814f63000 	/System/Library/Frameworks/CoreBluetooth.framework/Versions/A/CoreBluetooth
0x00007ff817f4f000 	/System/Library/Frameworks/AudioUnit.framework/Versions/A/AudioUnit
0x00007ff80e97a000 	/usr/lib/libMatch.1.dylib
0x00007ff90fd69000 	/System/Library/CoreServices/RawCamera.bundle/Contents/MacOS/RawCamera
0x00007ff811343000 	/System/Library/PrivateFrameworks/MobileAsset.framework/Versions/A/MobileAsset
0x00007ff817f76000 	/System/Library/PrivateFrameworks/StreamingZip.framework/Versions/A/StreamingZip
0x00007ffb048af000 	/System/Library/PrivateFrameworks/CMPhoto.framework/Versions/A/CMPhoto
0x00007ff81611f000 	/System/Library/PrivateFrameworks/AppleVPA.framework/Versions/A/AppleVPA
0x00007ff80fd25000 	/System/Library/Frameworks/MediaToolbox.framework/Versions/A/MediaToolbox
0x00007ff8155cb000 	/System/Library/PrivateFrameworks/CoreAVCHD.framework/Versions/A/CoreAVCHD
0x00007ff8144a0000 	/System/Library/Frameworks/MediaAccessibility.framework/Versions/A/MediaAccessibility
0x00007ff8155c7000 	/System/Library/PrivateFrameworks/Mangrove.framework/Versions/A/Mangrove
0x00007ff8144ab000 	/System/Library/PrivateFrameworks/AlgosScoreFramework.framework/Versions/A/AlgosScoreFramework
0x00007ff81520c000 	/System/Library/PrivateFrameworks/CoreAUC.framework/Versions/A/CoreAUC
0x00007ff90d593000 	/System/Library/Frameworks/Accelerate.framework/Versions/A/Frameworks/vImage.framework/Versions/A/Libraries/libCGInterfaces.dylib
0x000000012be53000 	/usr/lib/libobjc-trampolines.dylib
0x00007ff81a457000 	/System/Library/PrivateFrameworks/FamilyControls.framework/Versions/A/FamilyControls
0x00007ff81a47b000 	/System/Library/PrivateFrameworks/CommerceKit.framework/Versions/A/Frameworks/CommerceCore.framework/Versions/A/CommerceCore
0x00007ff8144dc000 	/System/Library/PrivateFrameworks/SystemAdministration.framework/Versions/A/SystemAdministration
0x00007ff81208c000 	/System/Library/PrivateFrameworks/AppContainer.framework/Versions/A/AppContainer
0x00007ff8120a1000 	/System/Library/PrivateFrameworks/SecCodeWrapper.framework/Versions/A/SecCodeWrapper
0x00007ff80e845000 	/System/Library/PrivateFrameworks/CrashReporterSupport.framework/Versions/A/CrashReporterSupport
0x00007ff914f97000 	/System/Library/PrivateFrameworks/OSAnalytics.framework/Versions/A/OSAnalytics
0x00007ff92012c000 	/System/Library/PrivateFrameworks/Symbolication.framework/Versions/A/Symbolication
0x00007ff908f5e000 	/System/Library/PrivateFrameworks/MallocStackLogging.framework/Versions/A/MallocStackLogging
0x00007ff80f0d0000 	/System/Library/PrivateFrameworks/login.framework/Versions/A/login
0x00007ff813d8c000 	/System/Library/Frameworks/DirectoryService.framework/Versions/A/DirectoryService
0x00007ff81775e000 	/System/Library/PrivateFrameworks/DiskImages.framework/Versions/A/DiskImages
0x00007ff80d370000 	/System/Library/Frameworks/ServiceManagement.framework/Versions/A/ServiceManagement
0x00007ff81793a000 	/System/Library/PrivateFrameworks/LoginUIKit.framework/Versions/A/Frameworks/LoginUICore.framework/Versions/A/LoginUICore
0x00007ff80f279000 	/usr/lib/libodfde.dylib
0x00007ff8178cc000 	/usr/lib/libcurl.4.dylib
0x00007ffb1b284000 	/usr/lib/libcrypto.46.dylib
0x00007ffb1b779000 	/usr/lib/libssl.48.dylib
0x00007ff8175f0000 	/System/Library/Frameworks/LDAP.framework/Versions/A/LDAP
0x00007ff817628000 	/System/Library/PrivateFrameworks/TrustEvaluationAgent.framework/Versions/A/TrustEvaluationAgent
0x00007ff810c74000 	/usr/lib/libsasl2.2.dylib
0x00007ff8144d0000 	/System/Library/PrivateFrameworks/CoreDaemon.framework/Versions/B/CoreDaemon
0x00007ff8144cb000 	/System/Library/PrivateFrameworks/AppleSRP.framework/Versions/A/AppleSRP
0x00007ff80a605000 	/System/Library/PrivateFrameworks/ViewBridge.framework/Versions/A/ViewBridge
0x00007ffb1ae18000 	/usr/lib/libRosetta.dylib
0x00007ffa1bb8c000 	/System/Library/Frameworks/OpenGL.framework/Versions/A/Resources/GLEngine.bundle/GLEngine
0x00007ffa1b9f2000 	/System/Library/Frameworks/OpenGL.framework/Versions/A/Libraries/libGLProgrammability.dylib
0x000000012d86d000 	/System/Library/Extensions/AppleMetalOpenGLRenderer.bundle/Contents/MacOS/AppleMetalOpenGLRenderer
0x00007ffa1bd16000 	/System/Library/Frameworks/OpenGL.framework/Versions/A/Resources/GLRendererFloat.bundle/GLRendererFloat
0x00007ffa1db2e000 	/System/Library/Extensions/AGXMetal13_3.bundle/Contents/MacOS/AGXMetal13_3
0x00007ff908f9c000 	/System/Library/PrivateFrameworks/GPURawCounter.framework/Versions/A/GPURawCounter
0x00007ff9038b5000 	/System/Library/PrivateFrameworks/IOGPU.framework/Versions/A/IOGPU
0x00007ffb033b1000 	/System/Library/PrivateFrameworks/AccessibilityBundles.framework/Versions/A/AccessibilityBundles
0x000000012dccf000 	/Library/Java/JavaVirtualMachines/jdk1.8.0_202.jdk/Contents/Home/jre/lib/libfontmanager.dylib
0x000000012e4a5000 	/Library/Java/JavaVirtualMachines/jdk1.8.0_202.jdk/Contents/Home/jre/lib/libosxui.dylib
0x000000012e906000 	/Library/Java/JavaVirtualMachines/jdk1.8.0_202.jdk/Contents/Home/jre/lib/libnet.dylib
0x000000012e941000 	/Library/Java/JavaVirtualMachines/jdk1.8.0_202.jdk/Contents/Home/jre/lib/libnio.dylib
0x000000019d98d000 	/private/var/folders/tx/05p5n4rd23xbchspt80kwzyc0000gn/T/jogamp_0000/file_cache/jln5855903411034858879/jln4227542190083536338/libgluegen-rt.jnilib
0x000000019d9f1000 	/private/var/folders/tx/05p5n4rd23xbchspt80kwzyc0000gn/T/jogamp_0000/file_cache/jln5855903411034858879/jln4227542190083536338/libnativewindow_awt.jnilib
0x000000019d9fc000 	/Library/Java/JavaVirtualMachines/jdk1.8.0_202.jdk/Contents/Home/jre/lib/libjawt.dylib
0x000000019da3a000 	/private/var/folders/tx/05p5n4rd23xbchspt80kwzyc0000gn/T/jogamp_0000/file_cache/jln5855903411034858879/jln4227542190083536338/libnativewindow_macosx.jnilib
0x00000001a1caa000 	/private/var/folders/tx/05p5n4rd23xbchspt80kwzyc0000gn/T/jogamp_0000/file_cache/jln5855903411034858879/jln4227542190083536338/libjogl_desktop.jnilib
0x000000019df98000 	/Library/Java/JavaVirtualMachines/jdk1.8.0_202.jdk/Contents/Home/jre/lib/libsunec.dylib

VM Arguments:
jvm_args: -Djava.security.policy=java.policy.applet -Dfile.encoding=UTF-8 
java_command: sun.applet.AppletViewer module6.EarthquakeCityMap1659948076270.html
java_class_path (initial): /Users/hantang/java_workspace/UCSDUnfoldingMaps/build:/Users/hantang/java_workspace/UCSDUnfoldingMaps/lib/core.jar:/Users/hantang/java_workspace/UCSDUnfoldingMaps/lib/gluegen-rt.jar:/Users/hantang/java_workspace/UCSDUnfoldingMaps/lib/jogl-all.jar:/Users/hantang/java_workspace/UCSDUnfoldingMaps/lib/log4j-1.2.15.jar:/Users/hantang/java_workspace/UCSDUnfoldingMaps/lib/sqlite-jdbc-3.7.2.jar:/Users/hantang/java_workspace/UCSDUnfoldingMaps/lib/json4processing.jar:/Users/hantang/java_workspace/UCSDUnfoldingMaps/lib/libTUIO.jar:/Users/hantang/java_workspace/UCSDUnfoldingMaps/lib/unfolding.0.9.7-uscd.jar
Launcher Type: SUN_STANDARD

Environment Variables:
PATH=/usr/bin:/bin:/usr/sbin:/sbin
SHELL=/bin/zsh

Signal Handlers:
SIGSEGV: [libjvm.dylib+0x5b719d], sa_mask[0]=11111111111111111111111111111111, sa_flags=SA_ONSTACK|SA_RESTART|SA_SIGINFO
SIGBUS: [libjvm.dylib+0x5b719d], sa_mask[0]=11111111111111111111111111111111, sa_flags=SA_RESTART|SA_SIGINFO
SIGFPE: [libjvm.dylib+0x48c8fc], sa_mask[0]=11111111111111111111111111111111, sa_flags=SA_RESTART|SA_SIGINFO
SIGPIPE: [libjvm.dylib+0x48c8fc], sa_mask[0]=11111111111111111111111111111111, sa_flags=SA_RESTART|SA_SIGINFO
SIGXFSZ: [libjvm.dylib+0x48c8fc], sa_mask[0]=11111111111111111111111111111111, sa_flags=SA_RESTART|SA_SIGINFO
SIGILL: [libjvm.dylib+0x48c8fc], sa_mask[0]=11111111111111111111111111111111, sa_flags=SA_RESTART|SA_SIGINFO
SIGUSR1: SIG_DFL, sa_mask[0]=00000000000000000000000000000000, sa_flags=none
SIGUSR2: [libjvm.dylib+0x48c41a], sa_mask[0]=00100000000000000000000000000000, sa_flags=SA_RESTART|SA_SIGINFO
SIGHUP: [libjvm.dylib+0x48a9a5], sa_mask[0]=11111111111111111111111111111111, sa_flags=SA_RESTART|SA_SIGINFO
SIGINT: [libjvm.dylib+0x48a9a5], sa_mask[0]=11111111111111111111111111111111, sa_flags=SA_RESTART|SA_SIGINFO
SIGTERM: [libjvm.dylib+0x48a9a5], sa_mask[0]=11111111111111111111111111111111, sa_flags=SA_RESTART|SA_SIGINFO
SIGQUIT: [libjvm.dylib+0x48a9a5], sa_mask[0]=11111111111111111111111111111111, sa_flags=SA_RESTART|SA_SIGINFO


---------------  S Y S T E M  ---------------

OS:Bsduname:Darwin 21.5.0 Darwin Kernel Version 21.5.0: Tue Apr 26 21:08:29 PDT 2022; root:xnu-8020.121.3~4/RELEASE_ARM64_T8101 x86_64
rlimit: STACK 8176k, CORE 0k, NPROC 2666, NOFILE 10240, AS infinity
load average:3.31 2.56 2.04

CPU:total 8 (initial active 8) (1 cores per cpu, 1 threads per core) family 6 model 44 stepping 0, cmov, cx8, fxsr, mmx, sse, sse2, sse3, ssse3, sse4.1, sse4.2, popcnt, aes, clmul, tsc, tscinvbit, tscinv

Memory: 4k page, physical 16777216k(19640k free)

/proc/meminfo:


vm_info: Java HotSpot(TM) 64-Bit Server VM (25.202-b08) for bsd-amd64 JRE (1.8.0_202-b08), built on Dec 15 2018 20:16:16 by "java_re" with gcc 4.2.1 (Based on Apple Inc. build 5658) (LLVM build 2336.11.00)

time: Mon Aug  8 17:14:23 2022
timezone: CST
elapsed time: 1390 seconds (0d 0h 23m 10s)

