#
# A fatal error has been detected by the Java Runtime Environment:
#
#  SIGSEGV (0xb) at pc=0x00007ff80d64471d, pid=99966, tid=0x0000000000000103
#
# JRE version: Java(TM) SE Runtime Environment (8.0_202-b08) (build 1.8.0_202-b08)
# Java VM: Java HotSpot(TM) 64-Bit Server VM (25.202-b08 mixed mode bsd-amd64 compressed oops)
# Problematic frame:
# C  [libobjc.A.dylib+0x671d]  objc_msgSend+0x1d
#
# Failed to write core dump. Core dumps have been disabled. To enable core dumping, try "ulimit -c unlimited" before starting Java again
#
# If you would like to submit a bug report, please visit:
#   http://bugreport.java.com/bugreport/crash.jsp
# The crash happened outside the Java Virtual Machine in native code.
# See problematic frame for where to report the bug.
#

---------------  T H R E A D  ---------------

Current thread (0x00007fd5388a9000):  JavaThread "AWT-AppKit" daemon [_thread_in_native, id=259, stack(0x000000030d7d0000,0x000000030dfd0000)]

siginfo: si_signo: 11 (SIGSEGV), si_code: 1 (SEGV_MAPERR), si_addr: 0x00000c798157f998

Registers:
RAX=0x0000600002978780, RBX=0x000000019ef17450, RCX=0x0000000000000000, RDX=0x0000000000000001
RSP=0x000000030dfcb1f8, RBP=0x000000030dfcb2b0, RSI=0x00007ff827ef0f8f, RDI=0x0000600000adf980
R8 =0x0000000000000000, R9 =0x0000000008000100, R10=0x00000c798157f980, R11=0x00007ff827ef0f8f
R12=0x0000000000000000, R13=0x00000001a2504a48, R14=0x000000019ef17440, R15=0x00007fd5388a9000
RIP=0x00007ff80d64471d, EFLAGS=0x0000000000000247, ERR=0x0000000000000004
  TRAPNO=0x000000000000000e

Top of Stack: (sp=0x000000030dfcb1f8)
0x000000030dfcb1f8:   000000019ef15157 000000030dfcb250
0x000000030dfcb208:   0000000000000003 000000030dfcb230
0x000000030dfcb218:   000000010e540952 00000001a2504a48
0x000000030dfcb228:   00000001a2504a48 0000600002978780
0x000000030dfcb238:   000000019ef176a0 000000019ef17710
0x000000030dfcb248:   00007ff85047d928 00007ff84f219bb0
0x000000030dfcb258:   000000019ef17450 000000019ef17690
0x000000030dfcb268:   0000600002978780 0000600000adf980
0x000000030dfcb278:   000060000041e3d0 0000600002978780
0x000000030dfcb288:   0000600000adf980 000000030dfcb338
0x000000030dfcb298:   00007fd5388a91f8 00000001a2504a48
0x000000030dfcb2a8:   000000030dfcb360 000000030dfcb328
0x000000030dfcb2b8:   00000001102cc0c7 00000001a2504a48
0x000000030dfcb2c8:   000000030dfcb360 000000030dfcb328
0x000000030dfcb2d8:   00000001102cbe27 00000001102cbde2
0x000000030dfcb2e8:   000000030dfcb2e8 00000001a2504a48
0x000000030dfcb2f8:   000000030dfcb360 00000001a2528028
0x000000030dfcb308:   0000000000000000 00000001a2504a48
0x000000030dfcb318:   0000000000000000 000000030dfcb348
0x000000030dfcb328:   000000030dfcb3a8 00000001102bc2bd
0x000000030dfcb338:   00000006c0c90748 00000001102c5d18
0x000000030dfcb348:   0000600002978780 000000030dfcb3a8
0x000000030dfcb358:   0000600000adf980 00000001102c7782
0x000000030dfcb368:   000000030dfcb368 00000001a2504c12
0x000000030dfcb378:   000000030dfcb3d0 00000001a2528028
0x000000030dfcb388:   0000000000000000 00000001a2504c20
0x000000030dfcb398:   000000030dfcb348 000000030dfcb3b8
0x000000030dfcb3a8:   000000030dfcb418 00000001102bc2bd
0x000000030dfcb3b8:   0000600002978780 00000006c0a2d988
0x000000030dfcb3c8:   0000600000adf980 00000006c0a2d988
0x000000030dfcb3d8:   000000030dfcb3d8 00000001a6340956
0x000000030dfcb3e8:   000000030dfcb428 00000001a6340a10 

Instructions: (pc=0x00007ff80d64471d)
0x00007ff80d6446fd:   44 00 00 48 85 ff 2e 74 72 40 f6 c7 01 2e 75 76
0x00007ff80d64470d:   49 ba f8 ff ff ff ff 7f 00 00 4c 23 17 49 89 f3
0x00007ff80d64471d:   45 23 5a 18 49 c1 e3 04 4d 03 5a 10 49 3b 33 75
0x00007ff80d64472d:   0a 4d 8b 5b 08 4d 31 d3 41 ff e3 49 83 3b 01 76 

Register to memory mapping:

RAX=0x0000600002978780 is an unknown value
RBX=0x000000019ef17450: <offset 0x7450> in /private/var/folders/tx/05p5n4rd23xbchspt80kwzyc0000gn/T/jogamp_0000/file_cache/jln6403461714124570930/jln5353636503625873068/libnativewindow_macosx.jnilib at 0x000000019ef10000
RCX=0x0000000000000000 is an unknown value
RDX=0x0000000000000001 is an unknown value
RSP=0x000000030dfcb1f8 is pointing into the stack for thread: 0x00007fd5388a9000
RBP=0x000000030dfcb2b0 is pointing into the stack for thread: 0x00007fd5388a9000
RSI=0x00007ff827ef0f8f: <offset 0x1a8b2f8f> in /usr/lib/libobjc.A.dylib at 0x00007ff80d63e000
RDI=0x0000600000adf980 is an unknown value
R8 =0x0000000000000000 is an unknown value
R9 =0x0000000008000100 is an unknown value
R10=0x00000c798157f980 is an unknown value
R11=0x00007ff827ef0f8f: <offset 0x1a8b2f8f> in /usr/lib/libobjc.A.dylib at 0x00007ff80d63e000
R12=0x0000000000000000 is an unknown value
R13={method} {0x00000001a2504a48} 'UnsetJAWTRootSurfaceLayer0' '(JJ)V' in 'jogamp/nativewindow/jawt/macosx/MacOSXJAWTWindow'
R14=0x000000019ef17440: <offset 0x7440> in /private/var/folders/tx/05p5n4rd23xbchspt80kwzyc0000gn/T/jogamp_0000/file_cache/jln6403461714124570930/jln5353636503625873068/libnativewindow_macosx.jnilib at 0x000000019ef10000
R15=0x00007fd5388a9000 is a thread


Stack: [0x000000030d7d0000,0x000000030dfd0000],  sp=0x000000030dfcb1f8,  free space=8172k
Native frames: (J=compiled Java code, j=interpreted, Vv=VM code, C=native code)
C  [libobjc.A.dylib+0x671d]  objc_msgSend+0x1d
j  jogamp.nativewindow.jawt.macosx.MacOSXJAWTWindow.UnsetJAWTRootSurfaceLayer0(JJ)V+0
j  jogamp.nativewindow.jawt.macosx.MacOSXJAWTWindow.access$200(JJ)V+2
j  jogamp.nativewindow.jawt.macosx.MacOSXJAWTWindow$1.run()V+38
J 2923 C1 com.jogamp.common.util.RunnableTask.run()V (345 bytes) @ 0x0000000110d35af4 [0x0000000110d35960+0x194]
v  ~StubRoutines::call_stub
V  [libjvm.dylib+0x2f0d1e]
V  [libjvm.dylib+0x32805c]
V  [libjvm.dylib+0x31a83f]
C  [libnativewindow_macosx.jnilib+0x5326]  Java_jogamp_nativewindow_jawt_macosx_MacOSXJAWTWindow_UnsetJAWTRootSurfaceLayer0+0x2b6
C  [Foundation+0x81857]  __NSThreadPerformPerform+0xb3
C  [CoreFoundation+0x7fbca]  __CFRUNLOOP_IS_CALLING_OUT_TO_A_SOURCE0_PERFORM_FUNCTION__+0x11
C  [CoreFoundation+0x7fb32]  __CFRunLoopDoSource0+0xb4
C  [CoreFoundation+0x7f8b0]  __CFRunLoopDoSources0+0xf2
C  [CoreFoundation+0x7e2c0]  __CFRunLoopRun+0x37c
C  [CoreFoundation+0x7d884]  CFRunLoopRunSpecific+0x232
C  [HIToolbox+0x2fce6]  RunCurrentEventLoopInMode+0x124
C  [HIToolbox+0x2f913]  ReceiveNextEventCommon+0x11b
C  [HIToolbox+0x2f7e5]  _BlockUntilNextEventMatchingListInModeWithFilter+0x46
C  [AppKit+0x3e53d]  _DPSNextEvent+0x39f
C  [AppKit+0x3cbfa]  -[NSApplication(NSEvent) _nextEventMatchingEventMask:untilDate:inMode:dequeue:]+0x572
C  [libosxapp.dylib+0x2328]  -[NSApplicationAWT nextEventMatchingMask:untilDate:inMode:dequeue:]+0x7c
C  [AppKit+0x2f2a9]  -[NSApplication run]+0x24a
C  [libosxapp.dylib+0x1f72]  +[NSApplicationAWT runAWTLoopWithApp:]+0x9c
C  [libawt_lwawt.dylib+0x480bf]  -[AWTStarter starter:]+0x389
C  [Foundation+0x81857]  __NSThreadPerformPerform+0xb3
C  [CoreFoundation+0x7fbca]  __CFRUNLOOP_IS_CALLING_OUT_TO_A_SOURCE0_PERFORM_FUNCTION__+0x11
C  [CoreFoundation+0x7fb32]  __CFRunLoopDoSource0+0xb4
C  [CoreFoundation+0x7f8b0]  __CFRunLoopDoSources0+0xf2
C  [CoreFoundation+0x7e2c0]  __CFRunLoopRun+0x37c
C  [CoreFoundation+0x7d884]  CFRunLoopRunSpecific+0x232
C  [java+0x646e]  CreateExecutionEnvironment+0x367
C  [java+0x203c]  JLI_Launch+0x7a0
C  [java+0x84cb]  main+0x65
C  [java+0x1894]  start+0x34
C  0x0000000000000007

Java frames: (J=compiled Java code, j=interpreted, Vv=VM code)
j  jogamp.nativewindow.jawt.macosx.MacOSXJAWTWindow.UnsetJAWTRootSurfaceLayer0(JJ)V+0
j  jogamp.nativewindow.jawt.macosx.MacOSXJAWTWindow.access$200(JJ)V+2
j  jogamp.nativewindow.jawt.macosx.MacOSXJAWTWindow$1.run()V+38
J 2923 C1 com.jogamp.common.util.RunnableTask.run()V (345 bytes) @ 0x0000000110d35af4 [0x0000000110d35960+0x194]
v  ~StubRoutines::call_stub

---------------  P R O C E S S  ---------------

Java Threads: ( => current thread )
  0x00007fd537232000 JavaThread "Thread-7" [_thread_blocked, id=62039, stack(0x00000003100ee000,0x00000003101ee000)]
  0x00007fd50008e800 JavaThread "Thread-1" [_thread_in_Java, id=54535, stack(0x000000030fcd6000,0x000000030fdd6000)]
  0x00007fd538ca9800 JavaThread "NativeWindowFactory_ShutdownHook" [_thread_blocked, id=68415, stack(0x000000030fbd3000,0x000000030fcd3000)]
  0x00007fd4f20a1800 JavaThread "Thread-20" [_thread_in_vm, id=165755, stack(0x000000030ffeb000,0x00000003100eb000)]
  0x00007fd53723f800 JavaThread "AWT-EventQueue-1" [_thread_blocked, id=174175, stack(0x000000030fdd9000,0x000000030fed9000)]
  0x00007fd5389e6800 JavaThread "DestroyJavaVM" [_thread_blocked, id=6147, stack(0x000000030e054000,0x000000030e154000)]
  0x00007fd5388ba000 JavaThread "AWT-EventQueue-0" [_thread_blocked, id=67135, stack(0x000000030fad0000,0x000000030fbd0000)]
  0x00007fd539132800 JavaThread "Java2D Disposer" daemon [_thread_blocked, id=53287, stack(0x000000030f9cd000,0x000000030facd000)]
  0x00007fd53912d000 JavaThread "Java2D Queue Flusher" daemon [_thread_blocked, id=74063, stack(0x000000030f8ca000,0x000000030f9ca000)]
  0x00007fd537913800 JavaThread "AWT-Shutdown" [_thread_blocked, id=34571, stack(0x000000030f524000,0x000000030f624000)]
=>0x00007fd5388a9000 JavaThread "AWT-AppKit" daemon [_thread_in_native, id=259, stack(0x000000030d7d0000,0x000000030dfd0000)]
  0x00007fd53903d800 JavaThread "Service Thread" daemon [_thread_blocked, id=41991, stack(0x000000030f31e000,0x000000030f41e000)]
  0x00007fd537825800 JavaThread "C1 CompilerThread3" daemon [_thread_blocked, id=42755, stack(0x000000030f21b000,0x000000030f31b000)]
  0x00007fd538823000 JavaThread "C2 CompilerThread2" daemon [_thread_blocked, id=22275, stack(0x000000030f118000,0x000000030f218000)]
  0x00007fd538822000 JavaThread "C2 CompilerThread1" daemon [_thread_blocked, id=22019, stack(0x000000030f015000,0x000000030f115000)]
  0x00007fd537825000 JavaThread "C2 CompilerThread0" daemon [_thread_blocked, id=15107, stack(0x000000030ef12000,0x000000030f012000)]
  0x00007fd537824000 JavaThread "Signal Dispatcher" daemon [_thread_blocked, id=14595, stack(0x000000030ee0f000,0x000000030ef0f000)]
  0x00007fd538814800 JavaThread "Finalizer" daemon [_thread_blocked, id=17411, stack(0x000000030eb75000,0x000000030ec75000)]
  0x00007fd537808800 JavaThread "Reference Handler" daemon [_thread_blocked, id=12835, stack(0x000000030ea72000,0x000000030eb72000)]

Other Threads:
  0x00007fd53701e800 VMThread [stack: 0x000000030e96f000,0x000000030ea6f000] [id=18435]
  0x00007fd53903e000 WatcherThread [stack: 0x000000030f421000,0x000000030f521000] [id=23299]

VM state:synchronizing (normal execution)

VM Mutex/Monitor currently owned by a thread:  ([mutex/lock_event])
[0x000060000242ce80] Safepoint_lock - owner thread: 0x00007fd53701e800
[0x000060000242cf00] Threads_lock - owner thread: 0x00007fd53701e800

heap address: 0x00000006c0000000, size: 4096 MB, Compressed Oops mode: Zero based, Oop shift amount: 3
Narrow klass base: 0x0000000000000000, Narrow klass shift: 3
Compressed class space size: 1073741824 Address: 0x00000007c0000000

Heap:
 PSYoungGen      total 136704K, used 44075K [0x000000076ab00000, 0x0000000773c00000, 0x00000007c0000000)
  eden space 125952K, 26% used [0x000000076ab00000,0x000000076cb92348,0x0000000772600000)
  from space 10752K, 99% used [0x0000000773180000,0x0000000773bf8bc8,0x0000000773c00000)
  to   space 10752K, 0% used [0x0000000772700000,0x0000000772700000,0x0000000773180000)
 ParOldGen       total 95232K, used 20621K [0x00000006c0000000, 0x00000006c5d00000, 0x000000076ab00000)
  object space 95232K, 21% used [0x00000006c0000000,0x00000006c14235c8,0x00000006c5d00000)
 Metaspace       used 27814K, capacity 28217K, committed 28544K, reserved 1075200K
  class space    used 2223K, capacity 2342K, committed 2432K, reserved 1048576K

Card table byte_map: [0x000000010d95b000,0x000000010e15c000] byte_map_base: 0x000000010a35b000

Marking Bits: (ParMarkBitMap*) 0x000000010ecf8e40
 Begin Bits: [0x000000011f80a000, 0x000000012380a000)
 End Bits:   [0x000000012380a000, 0x000000012780a000)

Polling page: 0x000000010d484000

CodeCache: size=245760Kb used=11715Kb max_used=11718Kb free=234044Kb
 bounds [0x00000001102b4000, 0x0000000110e34000, 0x000000011f2b4000]
 total_blobs=3798 nmethods=2877 adapters=835
 compilation: enabled

Compilation events (10 events):
Event: 35.975 Thread 0x00007fd538823000 3128       4       java.nio.Buffer::<init> (121 bytes)
Event: 35.985 Thread 0x00007fd538823000 nmethod 3128 0x0000000110df3a50 code [0x0000000110df3bc0, 0x0000000110df3d78]
Event: 36.642 Thread 0x00007fd537825800 3129   !   3       java.awt.KeyboardFocusManager::retargetFocusEvent (244 bytes)
Event: 36.644 Thread 0x00007fd537825800 nmethod 3129 0x0000000110def150 code [0x0000000110def5e0, 0x0000000110df2578]
Event: 36.699 Thread 0x00007fd537825800 3130       3       java.awt.Rectangle::isEmpty (20 bytes)
Event: 36.700 Thread 0x00007fd537825800 nmethod 3130 0x0000000110df6950 code [0x0000000110df6ac0, 0x0000000110df6cb0]
Event: 36.737 Thread 0x00007fd537825800 3131       1       sun.java2d.SurfaceData::isValid (5 bytes)
Event: 36.737 Thread 0x00007fd537825800 nmethod 3131 0x00000001104efcd0 code [0x00000001104efe20, 0x00000001104eff30]
Event: 36.758 Thread 0x00007fd538822000 3132   !   4       jogamp.common.util.locks.RecursiveLockImpl01Unfairish::getHoldCount (24 bytes)
Event: 36.759 Thread 0x00007fd538822000 nmethod 3132 0x0000000110df4f90 code [0x0000000110df50e0, 0x0000000110df5358]

GC Heap History (10 events):
Event: 10.254 GC heap before
{Heap before GC invocations=1 (full 0):
 PSYoungGen      total 76288K, used 65518K [0x000000076ab00000, 0x0000000770000000, 0x00000007c0000000)
  eden space 65536K, 99% used [0x000000076ab00000,0x000000076eafbaa8,0x000000076eb00000)
  from space 10752K, 0% used [0x000000076f580000,0x000000076f580000,0x0000000770000000)
  to   space 10752K, 0% used [0x000000076eb00000,0x000000076eb00000,0x000000076f580000)
 ParOldGen       total 175104K, used 0K [0x00000006c0000000, 0x00000006cab00000, 0x000000076ab00000)
  object space 175104K, 0% used [0x00000006c0000000,0x00000006c0000000,0x00000006cab00000)
 Metaspace       used 19726K, capacity 20061K, committed 20352K, reserved 1067008K
  class space    used 2006K, capacity 2113K, committed 2176K, reserved 1048576K
Event: 10.283 GC heap after
Heap after GC invocations=1 (full 0):
 PSYoungGen      total 76288K, used 10725K [0x000000076ab00000, 0x0000000770000000, 0x00000007c0000000)
  eden space 65536K, 0% used [0x000000076ab00000,0x000000076ab00000,0x000000076eb00000)
  from space 10752K, 99% used [0x000000076eb00000,0x000000076f5795e0,0x000000076f580000)
  to   space 10752K, 0% used [0x000000076f580000,0x000000076f580000,0x0000000770000000)
 ParOldGen       total 175104K, used 3746K [0x00000006c0000000, 0x00000006cab00000, 0x000000076ab00000)
  object space 175104K, 2% used [0x00000006c0000000,0x00000006c03a8b40,0x00000006cab00000)
 Metaspace       used 19726K, capacity 20061K, committed 20352K, reserved 1067008K
  class space    used 2006K, capacity 2113K, committed 2176K, reserved 1048576K
}
Event: 10.380 GC heap before
{Heap before GC invocations=2 (full 0):
 PSYoungGen      total 76288K, used 30679K [0x000000076ab00000, 0x0000000770000000, 0x00000007c0000000)
  eden space 65536K, 30% used [0x000000076ab00000,0x000000076be7c9a8,0x000000076eb00000)
  from space 10752K, 99% used [0x000000076eb00000,0x000000076f5795e0,0x000000076f580000)
  to   space 10752K, 0% used [0x000000076f580000,0x000000076f580000,0x0000000770000000)
 ParOldGen       total 175104K, used 3746K [0x00000006c0000000, 0x00000006cab00000, 0x000000076ab00000)
  object space 175104K, 2% used [0x00000006c0000000,0x00000006c03a8b40,0x00000006cab00000)
 Metaspace       used 20826K, capacity 21106K, committed 21296K, reserved 1069056K
  class space    used 2017K, capacity 2113K, committed 2176K, reserved 1048576K
Event: 10.396 GC heap after
Heap after GC invocations=2 (full 0):
 PSYoungGen      total 76288K, used 10722K [0x000000076ab00000, 0x0000000774000000, 0x00000007c0000000)
  eden space 65536K, 0% used [0x000000076ab00000,0x000000076ab00000,0x000000076eb00000)
  from space 10752K, 99% used [0x000000076f580000,0x000000076fff8b70,0x0000000770000000)
  to   space 10752K, 0% used [0x000000076eb00000,0x000000076eb00000,0x000000076f580000)
 ParOldGen       total 175104K, used 9516K [0x00000006c0000000, 0x00000006cab00000, 0x000000076ab00000)
  object space 175104K, 5% used [0x00000006c0000000,0x00000006c094b3a0,0x00000006cab00000)
 Metaspace       used 20826K, capacity 21106K, committed 21296K, reserved 1069056K
  class space    used 2017K, capacity 2113K, committed 2176K, reserved 1048576K
}
Event: 10.396 GC heap before
{Heap before GC invocations=3 (full 1):
 PSYoungGen      total 76288K, used 10722K [0x000000076ab00000, 0x0000000774000000, 0x00000007c0000000)
  eden space 65536K, 0% used [0x000000076ab00000,0x000000076ab00000,0x000000076eb00000)
  from space 10752K, 99% used [0x000000076f580000,0x000000076fff8b70,0x0000000770000000)
  to   space 10752K, 0% used [0x000000076eb00000,0x000000076eb00000,0x000000076f580000)
 ParOldGen       total 175104K, used 9516K [0x00000006c0000000, 0x00000006cab00000, 0x000000076ab00000)
  object space 175104K, 5% used [0x00000006c0000000,0x00000006c094b3a0,0x00000006cab00000)
 Metaspace       used 20826K, capacity 21106K, committed 21296K, reserved 1069056K
  class space    used 2017K, capacity 2113K, committed 2176K, reserved 1048576K
Event: 10.430 GC heap after
Heap after GC invocations=3 (full 1):
 PSYoungGen      total 76288K, used 0K [0x000000076ab00000, 0x0000000774000000, 0x00000007c0000000)
  eden space 65536K, 0% used [0x000000076ab00000,0x000000076ab00000,0x000000076eb00000)
  from space 10752K, 0% used [0x000000076f580000,0x000000076f580000,0x0000000770000000)
  to   space 10752K, 0% used [0x000000076eb00000,0x000000076eb00000,0x000000076f580000)
 ParOldGen       total 95232K, used 19992K [0x00000006c0000000, 0x00000006c5d00000, 0x000000076ab00000)
  object space 95232K, 20% used [0x00000006c0000000,0x00000006c1386000,0x00000006c5d00000)
 Metaspace       used 20825K, capacity 21104K, committed 21296K, reserved 1069056K
  class space    used 2017K, capacity 2112K, committed 2176K, reserved 1048576K
}
Event: 14.639 GC heap before
{Heap before GC invocations=4 (full 1):
 PSYoungGen      total 76288K, used 65536K [0x000000076ab00000, 0x0000000774000000, 0x00000007c0000000)
  eden space 65536K, 100% used [0x000000076ab00000,0x000000076eb00000,0x000000076eb00000)
  from space 10752K, 0% used [0x000000076f580000,0x000000076f580000,0x0000000770000000)
  to   space 10752K, 0% used [0x000000076eb00000,0x000000076eb00000,0x000000076f580000)
 ParOldGen       total 95232K, used 19992K [0x00000006c0000000, 0x00000006c5d00000, 0x000000076ab00000)
  object space 95232K, 20% used [0x00000006c0000000,0x00000006c1386000,0x00000006c5d00000)
 Metaspace       used 27303K, capacity 27689K, committed 27904K, reserved 1075200K
  class space    used 2175K, capacity 2274K, committed 2304K, reserved 1048576K
Event: 14.656 GC heap after
Heap after GC invocations=4 (full 1):
 PSYoungGen      total 76288K, used 10737K [0x000000076ab00000, 0x0000000773c00000, 0x00000007c0000000)
  eden space 65536K, 0% used [0x000000076ab00000,0x000000076ab00000,0x000000076eb00000)
  from space 10752K, 99% used [0x000000076eb00000,0x000000076f57c5f0,0x000000076f580000)
  to   space 10752K, 0% used [0x0000000773180000,0x0000000773180000,0x0000000773c00000)
 ParOldGen       total 95232K, used 20597K [0x00000006c0000000, 0x00000006c5d00000, 0x000000076ab00000)
  object space 95232K, 21% used [0x00000006c0000000,0x00000006c141d5c8,0x00000006c5d00000)
 Metaspace       used 27303K, capacity 27689K, committed 27904K, reserved 1075200K
  class space    used 2175K, capacity 2274K, committed 2304K, reserved 1048576K
}
Event: 29.923 GC heap before
{Heap before GC invocations=5 (full 1):
 PSYoungGen      total 76288K, used 76273K [0x000000076ab00000, 0x0000000773c00000, 0x00000007c0000000)
  eden space 65536K, 100% used [0x000000076ab00000,0x000000076eb00000,0x000000076eb00000)
  from space 10752K, 99% used [0x000000076eb00000,0x000000076f57c5f0,0x000000076f580000)
  to   space 10752K, 0% used [0x0000000773180000,0x0000000773180000,0x0000000773c00000)
 ParOldGen       total 95232K, used 20597K [0x00000006c0000000, 0x00000006c5d00000, 0x000000076ab00000)
  object space 95232K, 21% used [0x00000006c0000000,0x00000006c141d5c8,0x00000006c5d00000)
 Metaspace       used 27759K, capacity 28117K, committed 28544K, reserved 1075200K
  class space    used 2213K, capacity 2308K, committed 2432K, reserved 1048576K
Event: 29.943 GC heap after
Heap after GC invocations=5 (full 1):
 PSYoungGen      total 136704K, used 10722K [0x000000076ab00000, 0x0000000773c00000, 0x00000007c0000000)
  eden space 125952K, 0% used [0x000000076ab00000,0x000000076ab00000,0x0000000772600000)
  from space 10752K, 99% used [0x0000000773180000,0x0000000773bf8bc8,0x0000000773c00000)
  to   space 10752K, 0% used [0x0000000772700000,0x0000000772700000,0x0000000773180000)
 ParOldGen       total 95232K, used 20621K [0x00000006c0000000, 0x00000006c5d00000, 0x000000076ab00000)
  object space 95232K, 21% used [0x00000006c0000000,0x00000006c14235c8,0x00000006c5d00000)
 Metaspace       used 27759K, capacity 28117K, committed 28544K, reserved 1075200K
  class space    used 2213K, capacity 2308K, committed 2432K, reserved 1048576K
}

Deoptimization events (10 events):
Event: 10.512 Thread 0x00007fd53723f800 Uncommon trap: reason=unstable_if action=reinterpret pc=0x0000000110871930 method=processing.core.PApplet.max(III)I @ 20
Event: 12.595 Thread 0x00007fd538cb4000 Uncommon trap: reason=unstable_if action=reinterpret pc=0x00000001107a1680 method=java.awt.image.BufferedImage.getRGB(IIII[III)[I @ 163
Event: 26.432 Thread 0x00007fd53723f800 Uncommon trap: reason=predicate action=maybe_recompile pc=0x0000000110c1120c method=java.util.Vector.indexOf(Ljava/lang/Object;I)I @ 44
Event: 35.710 Thread 0x00007fd53734e000 Uncommon trap: reason=unstable_if action=reinterpret pc=0x0000000110df9b14 method=sun.awt.PostEventQueue.flush()V @ 23
Event: 36.706 Thread 0x00007fd53723f800 Uncommon trap: reason=unstable_if action=reinterpret pc=0x00000001104d6928 method=com.jogamp.common.util.VersionNumber.compareTo(Lcom/jogamp/common/util/VersionNumber;)I @ 21
Event: 36.711 Thread 0x00007fd537232000 Uncommon trap: reason=unstable_if action=reinterpret pc=0x00000001106ba3e0 method=java.security.AccessControlContext.combine([Ljava/security/ProtectionDomain;[Ljava/security/ProtectionDomain;)[Ljava/security/ProtectionDomain; @ 151
Event: 36.735 Thread 0x00007fd5388ba000 Uncommon trap: reason=unstable_if action=reinterpret pc=0x0000000110b7ca58 method=java.awt.font.FontRenderContext.equals(Ljava/awt/font/FontRenderContext;)Z @ 2
Event: 36.740 Thread 0x00007fd537232000 Uncommon trap: reason=unstable_if action=reinterpret pc=0x00000001107f18dc method=java.util.HashMap.putVal(ILjava/lang/Object;Ljava/lang/Object;ZZ)Ljava/lang/Object; @ 81
Event: 36.745 Thread 0x00007fd537232000 Uncommon trap: reason=unstable_if action=reinterpret pc=0x00000001107f24f4 method=java.util.HashMap.putVal(ILjava/lang/Object;Ljava/lang/Object;ZZ)Ljava/lang/Object; @ 81
Event: 36.839 Thread 0x00007fd53723f800 Uncommon trap: reason=unstable_if action=reinterpret pc=0x00000001106b6e1c method=java.security.AccessControlContext.combine([Ljava/security/ProtectionDomain;[Ljava/security/ProtectionDomain;)[Ljava/security/ProtectionDomain; @ 151

Classes redefined (0 events):
No events

Internal exceptions (10 events):
Event: 0.652 Thread 0x00007fd53900a800 Exception <a 'java/io/FileNotFoundException'> (0x000000076ae3ca80) thrown at [/Users/java_re/workspace/8-2-build-macosx-x86_64/jdk8u202/12323/hotspot/src/share/vm/prims/jni.cpp, line 710]
Event: 0.676 Thread 0x00007fd53900a800 Exception <a 'java/io/FileNotFoundException'> (0x000000076ae85320) thrown at [/Users/java_re/workspace/8-2-build-macosx-x86_64/jdk8u202/12323/hotspot/src/share/vm/prims/jni.cpp, line 710]
Event: 0.765 Thread 0x00007fd53900a800 Exception <a 'java/io/FileNotFoundException'> (0x000000076aec1a10) thrown at [/Users/java_re/workspace/8-2-build-macosx-x86_64/jdk8u202/12323/hotspot/src/share/vm/prims/jni.cpp, line 710]
Event: 4.184 Thread 0x00007fd53734e000 Exception <a 'java/lang/UnsatisfiedLinkError': com.jogamp.common.util.JarUtil.fixNativeLibAttribs(Ljava/lang/String;)Z> (0x000000076c790118) thrown at [/Users/java_re/workspace/8-2-build-macosx-x86_64/jdk8u202/12323/hotspot/src/share/vm/prims/nativeLookup
Event: 9.830 Thread 0x00007fd53723f800 Exception <a 'java/io/FileNotFoundException'> (0x000000076d9d9b40) thrown at [/Users/java_re/workspace/8-2-build-macosx-x86_64/jdk8u202/12323/hotspot/src/share/vm/prims/jni.cpp, line 710]
Event: 9.831 Thread 0x00007fd53723f800 Exception <a 'java/io/FileNotFoundException'> (0x000000076d9df9c0) thrown at [/Users/java_re/workspace/8-2-build-macosx-x86_64/jdk8u202/12323/hotspot/src/share/vm/prims/jni.cpp, line 710]
Event: 9.831 Thread 0x00007fd53723f800 Implicit null exception at 0x000000011049e3b6 to 0x000000011049e765
Event: 10.171 Thread 0x00007fd53723f800 Implicit null exception at 0x000000011070d606 to 0x000000011070d84d
Event: 10.221 Thread 0x00007fd5393d3800 Implicit null exception at 0x000000011049f7f5 to 0x000000011049fba1
Event: 10.439 Thread 0x00007fd538814800 Exception <a 'java/lang/NullPointerException'> (0x000000076ac67e88) thrown at [/Users/java_re/workspace/8-2-build-macosx-x86_64/jdk8u202/12323/hotspot/src/share/vm/interpreter/linkResolver.cpp, line 1185]

Events (10 events):
Event: 36.808 loading class jogamp/nativewindow/jawt/macosx/MacOSXJAWTWindow$4 done
Event: 36.814 loading class com/jogamp/nativewindow/awt/JAWTWindow$JAWTComponentListener$2
Event: 36.814 loading class com/jogamp/nativewindow/awt/JAWTWindow$JAWTComponentListener$2 done
Event: 36.826 Executing VM operation: RevokeBias
Event: 36.835 Executing VM operation: RevokeBias done
Event: 36.835 loading class jogamp/nativewindow/jawt/macosx/MacOSXJAWTWindow$1
Event: 36.835 loading class jogamp/nativewindow/jawt/macosx/MacOSXJAWTWindow$1 done
Event: 36.839 Thread 0x00007fd53723f800 Uncommon trap: trap_request=0xffffff65 fr.pc=0x00000001106b6e1c
Event: 36.839 Thread 0x00007fd53723f800 DEOPT PACKING pc=0x00000001106b6e1c sp=0x000000030fed6910
Event: 36.839 Thread 0x00007fd53723f800 DEOPT UNPACKING pc=0x00000001102f973a sp=0x000000030fed68c0 mode 2


Dynamic libraries:
0x00007ff824a96000 	/System/Library/Frameworks/Cocoa.framework/Versions/A/Cocoa
0x00007ff810195000 	/System/Library/Frameworks/AppKit.framework/Versions/C/AppKit
0x00007ff8136ff000 	/System/Library/Frameworks/CoreData.framework/Versions/A/CoreData
0x00007ff80e5a1000 	/System/Library/Frameworks/Foundation.framework/Versions/C/Foundation
0x00007ff818981000 	/usr/lib/libSystem.B.dylib
0x00007ff811023000 	/System/Library/PrivateFrameworks/UIFoundation.framework/Versions/A/UIFoundation
0x00007ff81e9a0000 	/System/Library/PrivateFrameworks/RemoteViewServices.framework/Versions/A/RemoteViewServices
0x00007ff816c44000 	/System/Library/PrivateFrameworks/XCTTargetBootstrap.framework/Versions/A/XCTTargetBootstrap
0x00007ff81a846000 	/System/Library/PrivateFrameworks/InternationalSupport.framework/Versions/A/InternationalSupport
0x00007ff81a8d0000 	/System/Library/PrivateFrameworks/UserActivity.framework/Versions/A/UserActivity
0x00007ff819c2a000 	/usr/lib/libspindump.dylib
0x00007ff8112b1000 	/System/Library/Frameworks/UniformTypeIdentifiers.framework/Versions/A/UniformTypeIdentifiers
0x00007ff81536d000 	/usr/lib/libapp_launch_measurement.dylib
0x00007ff8140e0000 	/System/Library/PrivateFrameworks/CoreAnalytics.framework/Versions/A/CoreAnalytics
0x00007ff815370000 	/System/Library/PrivateFrameworks/CoreAutoLayout.framework/Versions/A/CoreAutoLayout
0x00007ff81659e000 	/System/Library/Frameworks/Metal.framework/Versions/A/Metal
0x00007ff8172ca000 	/usr/lib/liblangid.dylib
0x00007ff816c49000 	/System/Library/PrivateFrameworks/CoreSVG.framework/Versions/A/CoreSVG
0x00007ff812698000 	/System/Library/PrivateFrameworks/SkyLight.framework/Versions/A/SkyLight
0x00007ff812a36000 	/System/Library/Frameworks/CoreGraphics.framework/Versions/A/CoreGraphics
0x00007ff81f060000 	/System/Library/Frameworks/Accelerate.framework/Versions/A/Accelerate
0x00007ff8196a9000 	/System/Library/PrivateFrameworks/IconServices.framework/Versions/A/IconServices
0x00007ff816583000 	/System/Library/Frameworks/IOSurface.framework/Versions/A/IOSurface
0x00007ff81410e000 	/usr/lib/libDiagnosticMessagesClient.dylib
0x00007ff81889b000 	/usr/lib/libz.1.dylib
0x00007ff822743000 	/System/Library/Frameworks/ApplicationServices.framework/Versions/A/ApplicationServices
0x00007ff816c30000 	/System/Library/PrivateFrameworks/DFRFoundation.framework/Versions/A/DFRFoundation
0x00007ff80fa7d000 	/usr/lib/libicucore.A.dylib
0x00007ff81b63b000 	/System/Library/Frameworks/AudioToolbox.framework/Versions/A/AudioToolbox
0x00007ff81a852000 	/System/Library/PrivateFrameworks/DataDetectorsCore.framework/Versions/A/DataDetectorsCore
0x00007ff916824000 	/System/Library/PrivateFrameworks/TextInput.framework/Versions/A/TextInput
0x00007ff81261b000 	/usr/lib/libMobileGestalt.dylib
0x00007ff81693c000 	/System/Library/Frameworks/Carbon.framework/Versions/A/Frameworks/HIToolbox.framework/Versions/A/HIToolbox
0x00007ff814d73000 	/System/Library/Frameworks/QuartzCore.framework/Versions/A/QuartzCore
0x00007ff80f724000 	/System/Library/Frameworks/Security.framework/Versions/A/Security
0x00007ff81e9d8000 	/System/Library/Frameworks/Carbon.framework/Versions/A/Frameworks/SpeechRecognition.framework/Versions/A/SpeechRecognition
0x00007ff8150cd000 	/System/Library/PrivateFrameworks/CoreUI.framework/Versions/A/CoreUI
0x00007ff80eff0000 	/System/Library/Frameworks/CoreAudio.framework/Versions/A/CoreAudio
0x00007ff8141fd000 	/System/Library/Frameworks/DiskArbitration.framework/Versions/A/DiskArbitration
0x00007ff81a016000 	/System/Library/PrivateFrameworks/MultitouchSupport.framework/Versions/A/MultitouchSupport
0x00007ff81261a000 	/usr/lib/libenergytrace.dylib
0x00007ff810081000 	/System/Library/Frameworks/IOKit.framework/Versions/A/IOKit
0x00007ff81edc8000 	/System/Library/Frameworks/CoreServices.framework/Versions/A/CoreServices
0x00007ff815307000 	/System/Library/PrivateFrameworks/PerformanceAnalysis.framework/Versions/A/PerformanceAnalysis
0x00007ffa25c30000 	/System/Library/Frameworks/OpenGL.framework/Versions/A/OpenGL
0x00007ff817eb5000 	/System/Library/PrivateFrameworks/MobileKeyBag.framework/Versions/A/MobileKeyBag
0x00007ff80d63e000 	/usr/lib/libobjc.A.dylib
0x00007ff813160000 	/System/Library/Frameworks/ColorSync.framework/Versions/A/ColorSync
0x00007ff80d7f8000 	/System/Library/Frameworks/CoreFoundation.framework/Versions/A/CoreFoundation
0x00007ff816ec0000 	/System/Library/Frameworks/CoreImage.framework/Versions/A/CoreImage
0x00007ff80ee08000 	/System/Library/Frameworks/CoreText.framework/Versions/A/CoreText
0x00007ff816c79000 	/System/Library/Frameworks/ImageIO.framework/Versions/A/ImageIO
0x00007ff818987000 	/System/Library/PrivateFrameworks/SoftLinking.framework/Versions/A/SoftLinking
0x00007ff8153b8000 	/usr/lib/libxml2.2.dylib
0x00007ff80d704000 	/usr/lib/libc++.1.dylib
0x00007ff818c08000 	/usr/lib/libcompression.dylib
0x00007ff81a779000 	/System/Library/PrivateFrameworks/TextureIO.framework/Versions/A/TextureIO
0x00007ff819322000 	/usr/lib/libate.dylib
0x00007ff81897c000 	/usr/lib/system/libcache.dylib
0x00007ff818938000 	/usr/lib/system/libcommonCrypto.dylib
0x00007ff818961000 	/usr/lib/system/libcompiler_rt.dylib
0x00007ff818957000 	/usr/lib/system/libcopyfile.dylib
0x00007ff80d539000 	/usr/lib/system/libcorecrypto.dylib
0x00007ff80d5f7000 	/usr/lib/system/libdispatch.dylib
0x00007ff80d7b7000 	/usr/lib/system/libdyld.dylib
0x00007ff818973000 	/usr/lib/system/libkeymgr.dylib
0x00007ff818916000 	/usr/lib/system/libmacho.dylib
0x00007ff817f8f000 	/usr/lib/system/libquarantine.dylib
0x00007ff818971000 	/usr/lib/system/libremovefile.dylib
0x00007ff812668000 	/usr/lib/system/libsystem_asl.dylib
0x00007ff80d4e2000 	/usr/lib/system/libsystem_blocks.dylib
0x00007ff80d67b000 	/usr/lib/system/libsystem_c.dylib
0x00007ff818969000 	/usr/lib/system/libsystem_collections.dylib
0x00007ff8172ba000 	/usr/lib/system/libsystem_configuration.dylib
0x00007ff816566000 	/usr/lib/system/libsystem_containermanager.dylib
0x00007ff818649000 	/usr/lib/system/libsystem_coreservices.dylib
0x00007ff80fd11000 	/usr/lib/system/libsystem_darwin.dylib
0x00007ff818974000 	/usr/lib/system/libsystem_dnssd.dylib
0x00007ff80d678000 	/usr/lib/system/libsystem_featureflags.dylib
0x00007ff80d7cd000 	/usr/lib/system/libsystem_info.dylib
0x00007ff8188ae000 	/usr/lib/system/libsystem_m.dylib
0x00007ff80d5cb000 	/usr/lib/system/libsystem_malloc.dylib
0x00007ff812603000 	/usr/lib/system/libsystem_networkextension.dylib
0x00007ff810137000 	/usr/lib/system/libsystem_notify.dylib
0x00007ff81ec9d000 	/usr/lib/system/libsystem_product_info_filter.dylib
0x00007ff8172be000 	/usr/lib/system/libsystem_sandbox.dylib
0x00007ff81896e000 	/usr/lib/system/libsystem_secinit.dylib
0x00007ff80d773000 	/usr/lib/system/libsystem_kernel.dylib
0x00007ff80d7c3000 	/usr/lib/system/libsystem_platform.dylib
0x00007ff80d7ab000 	/usr/lib/system/libsystem_pthread.dylib
0x00007ff813f20000 	/usr/lib/system/libsystem_symptoms.dylib
0x00007ff80d520000 	/usr/lib/system/libsystem_trace.dylib
0x00007ff818944000 	/usr/lib/system/libunwind.dylib
0x00007ff80d4e4000 	/usr/lib/system/libxpc.dylib
0x00007ff80d75d000 	/usr/lib/libc++abi.dylib
0x00007ff81894f000 	/usr/lib/liboah.dylib
0x00007ff8190e0000 	/usr/lib/liblzma.5.dylib
0x00007ff80e2b4000 	/System/Library/Frameworks/SystemConfiguration.framework/Versions/A/SystemConfiguration
0x00007ff818983000 	/usr/lib/libfakelink.dylib
0x00007ff812174000 	/System/Library/Frameworks/CFNetwork.framework/Versions/A/CFNetwork
0x00007ff818ac4000 	/usr/lib/libarchive.2.dylib
0x00007ff8172c6000 	/System/Library/PrivateFrameworks/AppleSystemInfo.framework/Versions/A/AppleSystemInfo
0x00007ff817fb6000 	/usr/lib/libbsm.0.dylib
0x00007ff811787000 	/usr/lib/libnetwork.dylib
0x00007ff81891c000 	/usr/lib/system/libkxld.dylib
0x00007ff817be2000 	/System/Library/PrivateFrameworks/IOMobileFramebuffer.framework/Versions/A/IOMobileFramebuffer
0x00007ffb25319000 	/usr/lib/libCoreEntitlements.dylib
0x00007ff81862b000 	/System/Library/PrivateFrameworks/AppleFSCompression.framework/Versions/A/AppleFSCompression
0x00007ff817f9e000 	/usr/lib/libcoretls.dylib
0x00007ff8190fa000 	/usr/lib/libcoretls_cfhelpers.dylib
0x00007ff818c03000 	/usr/lib/libpam.2.dylib
0x00007ff813b43000 	/usr/lib/libsqlite3.dylib
0x00007ff819169000 	/usr/lib/libxar.1.dylib
0x00007ff81863b000 	/usr/lib/libbz2.1.0.dylib
0x00007ff818988000 	/usr/lib/libpcap.A.dylib
0x00007ff813f18000 	/usr/lib/libdns_services.dylib
0x00007ff818bd6000 	/usr/lib/libapple_nghttp2.dylib
0x00007ff8189c2000 	/usr/lib/libiconv.2.dylib
0x00007ff818915000 	/usr/lib/libcharset.1.dylib
0x00007ff81533b000 	/System/Library/Frameworks/CoreServices.framework/Versions/A/Frameworks/FSEvents.framework/Versions/A/FSEvents
0x00007ff80fd1b000 	/System/Library/Frameworks/CoreServices.framework/Versions/A/Frameworks/CarbonCore.framework/Versions/A/CarbonCore
0x00007ff814161000 	/System/Library/Frameworks/CoreServices.framework/Versions/A/Frameworks/Metadata.framework/Versions/A/Metadata
0x00007ff81864e000 	/System/Library/Frameworks/CoreServices.framework/Versions/A/Frameworks/OSServices.framework/Versions/A/OSServices
0x00007ff818b4b000 	/System/Library/Frameworks/CoreServices.framework/Versions/A/Frameworks/SearchKit.framework/Versions/A/SearchKit
0x00007ff813eab000 	/System/Library/Frameworks/CoreServices.framework/Versions/A/Frameworks/AE.framework/Versions/A/AE
0x00007ff80dcf9000 	/System/Library/Frameworks/CoreServices.framework/Versions/A/Frameworks/LaunchServices.framework/Versions/A/LaunchServices
0x00007ff819091000 	/System/Library/Frameworks/CoreServices.framework/Versions/A/Frameworks/DictionaryServices.framework/Versions/A/DictionaryServices
0x00007ff815348000 	/System/Library/Frameworks/CoreServices.framework/Versions/A/Frameworks/SharedFileList.framework/Versions/A/SharedFileList
0x00007ff817f92000 	/usr/lib/libCheckFix.dylib
0x00007ff81267f000 	/System/Library/PrivateFrameworks/TCC.framework/Versions/A/TCC
0x00007ff8172cc000 	/System/Library/PrivateFrameworks/CoreNLP.framework/Versions/A/CoreNLP
0x00007ff814111000 	/System/Library/PrivateFrameworks/MetadataUtilities.framework/Versions/A/MetadataUtilities
0x00007ff80e364000 	/usr/lib/libmecabra.dylib
0x00007ff817fc6000 	/usr/lib/libmecab.dylib
0x00007ff80e32f000 	/usr/lib/libCRFSuite.dylib
0x00007ff818020000 	/usr/lib/libgermantok.dylib
0x00007ff818bb1000 	/usr/lib/libThaiTokenizer.dylib
0x00007ff814204000 	/System/Library/Frameworks/Accelerate.framework/Versions/A/Frameworks/vImage.framework/Versions/A/vImage
0x00007ff81ed9f000 	/System/Library/Frameworks/Accelerate.framework/Versions/A/Frameworks/vecLib.framework/Versions/A/vecLib
0x00007ff8191aa000 	/System/Library/Frameworks/Accelerate.framework/Versions/A/Frameworks/vecLib.framework/Versions/A/libvMisc.dylib
0x00007ff8179e1000 	/System/Library/Frameworks/Accelerate.framework/Versions/A/Frameworks/vecLib.framework/Versions/A/libvDSP.dylib
0x00007ff80e073000 	/System/Library/Frameworks/Accelerate.framework/Versions/A/Frameworks/vecLib.framework/Versions/A/libBLAS.dylib
0x00007ff818ce6000 	/System/Library/Frameworks/Accelerate.framework/Versions/A/Frameworks/vecLib.framework/Versions/A/libLAPACK.dylib
0x00007ff818023000 	/System/Library/Frameworks/Accelerate.framework/Versions/A/Frameworks/vecLib.framework/Versions/A/libLinearAlgebra.dylib
0x00007ff818bee000 	/System/Library/Frameworks/Accelerate.framework/Versions/A/Frameworks/vecLib.framework/Versions/A/libSparseBLAS.dylib
0x00007ff818ce0000 	/System/Library/Frameworks/Accelerate.framework/Versions/A/Frameworks/vecLib.framework/Versions/A/libQuadrature.dylib
0x00007ff8173b7000 	/System/Library/Frameworks/Accelerate.framework/Versions/A/Frameworks/vecLib.framework/Versions/A/libBNNS.dylib
0x00007ff80e245000 	/System/Library/Frameworks/Accelerate.framework/Versions/A/Frameworks/vecLib.framework/Versions/A/libSparse.dylib
0x00007ff8173b0000 	/System/Library/PrivateFrameworks/LinguisticData.framework/Versions/A/LinguisticData
0x00007ff80e1fb000 	/System/Library/PrivateFrameworks/Lexicon.framework/Versions/A/Lexicon
0x00007ff8191a3000 	/usr/lib/libChineseTokenizer.dylib
0x00007ff80e95d000 	/System/Library/PrivateFrameworks/LanguageModeling.framework/Versions/A/LanguageModeling
0x00007ff818bb3000 	/System/Library/PrivateFrameworks/AppleSauce.framework/Versions/A/AppleSauce
0x00007ff817bd0000 	/System/Library/PrivateFrameworks/CoreEmoji.framework/Versions/A/CoreEmoji
0x00007ff818ab3000 	/usr/lib/libcmph.dylib
0x00007ff81531f000 	/System/Library/Frameworks/OpenDirectory.framework/Versions/A/Frameworks/CFOpenDirectory.framework/Versions/A/CFOpenDirectory
0x00007ff815313000 	/System/Library/Frameworks/OpenDirectory.framework/Versions/A/OpenDirectory
0x00007ff8190fc000 	/System/Library/PrivateFrameworks/APFS.framework/Versions/A/APFS
0x00007ff817eed000 	/System/Library/Frameworks/SecurityFoundation.framework/Versions/A/SecurityFoundation
0x00007ff819177000 	/usr/lib/libutil.dylib
0x00007ff810045000 	/System/Library/PrivateFrameworks/CoreServicesStore.framework/Versions/A/CoreServicesStore
0x00007ff81917b000 	/usr/lib/libxslt.1.dylib
0x00007ff817f7a000 	/System/Library/PrivateFrameworks/BackgroundTaskManagement.framework/Versions/A/BackgroundTaskManagement
0x00007ff81a69a000 	/System/Library/Frameworks/ImageIO.framework/Versions/A/Resources/libRadiance.dylib
0x00007ff81a6a3000 	/System/Library/Frameworks/ImageIO.framework/Versions/A/Resources/libJPEG.dylib
0x00007ff81a5f5000 	/System/Library/Frameworks/ImageIO.framework/Versions/A/Resources/libPng.dylib
0x00007ff81a616000 	/System/Library/Frameworks/ImageIO.framework/Versions/A/Resources/libTIFF.dylib
0x00007ff81a702000 	/System/Library/Frameworks/ImageIO.framework/Versions/A/Resources/libGIF.dylib
0x00007ff819f32000 	/System/Library/Frameworks/ImageIO.framework/Versions/A/Resources/libJP2.dylib
0x00007ff819670000 	/usr/lib/libexpat.1.dylib
0x00007ff819ee7000 	/System/Library/PrivateFrameworks/AppleJPEG.framework/Versions/A/AppleJPEG
0x00007ff816800000 	/System/Library/PrivateFrameworks/FontServices.framework/libFontParser.dylib
0x00007ff813e55000 	/System/Library/PrivateFrameworks/RunningBoardServices.framework/Versions/A/RunningBoardServices
0x00007ff82504e000 	/System/Library/PrivateFrameworks/IOSurfaceAccelerator.framework/Versions/A/IOSurfaceAccelerator
0x00007ff81a012000 	/System/Library/PrivateFrameworks/WatchdogClient.framework/Versions/A/WatchdogClient
0x00007ff80ea4b000 	/System/Library/Frameworks/CoreDisplay.framework/Versions/A/CoreDisplay
0x00007ff8166fe000 	/System/Library/Frameworks/CoreMedia.framework/Versions/A/CoreMedia
0x00007ff816595000 	/System/Library/PrivateFrameworks/IOAccelerator.framework/Versions/A/IOAccelerator
0x00007ff81549c000 	/System/Library/Frameworks/CoreVideo.framework/Versions/A/CoreVideo
0x00007ff818c01000 	/System/Library/Frameworks/MetalPerformanceShaders.framework/Versions/A/MetalPerformanceShaders
0x00007ff81a04f000 	/System/Library/Frameworks/VideoToolbox.framework/Versions/A/VideoToolbox
0x00007ff813d9f000 	/System/Library/PrivateFrameworks/BaseBoard.framework/Versions/A/BaseBoard
0x00007ff813b29000 	/System/Library/PrivateFrameworks/ProtocolBuffer.framework/Versions/A/ProtocolBuffer
0x00007ff81a693000 	/System/Library/PrivateFrameworks/GPUWrangler.framework/Versions/A/GPUWrangler
0x00007ff81a677000 	/System/Library/PrivateFrameworks/IOPresentment.framework/Versions/A/IOPresentment
0x00007ff81a69d000 	/System/Library/PrivateFrameworks/DSExternalDisplay.framework/Versions/A/DSExternalDisplay
0x00007ffa25c24000 	/System/Library/Frameworks/OpenGL.framework/Versions/A/Libraries/libCoreFSCache.dylib
0x00007ffb12ac2000 	/System/Library/PrivateFrameworks/GPUCompiler.framework/Versions/31001/Libraries/libGPUCompilerUtils.dylib
0x00007ff81a707000 	/System/Library/PrivateFrameworks/CMCaptureCore.framework/Versions/A/CMCaptureCore
0x00007ff819c18000 	/System/Library/PrivateFrameworks/AppServerSupport.framework/Versions/A/AppServerSupport
0x00007ff81bed3000 	/System/Library/PrivateFrameworks/perfdata.framework/Versions/A/perfdata
0x00007ff80eb77000 	/System/Library/PrivateFrameworks/AudioToolboxCore.framework/Versions/A/AudioToolboxCore
0x00007ff8166dc000 	/System/Library/PrivateFrameworks/caulk.framework/Versions/A/caulk
0x00007ff81b7e5000 	/usr/lib/libAudioStatistics.dylib
0x00007ff912fd2000 	/System/Library/PrivateFrameworks/SystemPolicy.framework/Versions/A/SystemPolicy
0x00007ff81ba40000 	/usr/lib/libSMC.dylib
0x00007ff824949000 	/System/Library/Frameworks/CoreMIDI.framework/Versions/A/CoreMIDI
0x00007ff81a5c4000 	/usr/lib/libAudioToolboxUtility.dylib
0x00007ff90f275000 	/System/Library/PrivateFrameworks/OSAServicesClient.framework/Versions/A/OSAServicesClient
0x00007ff81bee0000 	/usr/lib/libperfcheck.dylib
0x00007ff913a7c000 	/usr/lib/libmis.dylib
0x00007ffa25c7f000 	/System/Library/Frameworks/OpenGL.framework/Versions/A/Libraries/libGLU.dylib
0x00007ffa25c43000 	/System/Library/Frameworks/OpenGL.framework/Versions/A/Libraries/libGFXShared.dylib
0x00007ffa25e4c000 	/System/Library/Frameworks/OpenGL.framework/Versions/A/Libraries/libGL.dylib
0x00007ffa25c4c000 	/System/Library/Frameworks/OpenGL.framework/Versions/A/Libraries/libGLImage.dylib
0x00007ffa25c40000 	/System/Library/Frameworks/OpenGL.framework/Versions/A/Libraries/libCVMSPluginSupport.dylib
0x00007ffa25c2b000 	/System/Library/Frameworks/OpenGL.framework/Versions/A/Libraries/libCoreVMClient.dylib
0x00007ff817248000 	/System/Library/Frameworks/MetalPerformanceShaders.framework/Versions/A/Frameworks/MPSCore.framework/Versions/A/MPSCore
0x00007ff818596000 	/System/Library/Frameworks/MetalPerformanceShaders.framework/Versions/A/Frameworks/MPSImage.framework/Versions/A/MPSImage
0x00007ff818039000 	/System/Library/Frameworks/MetalPerformanceShaders.framework/Versions/A/Frameworks/MPSNeuralNetwork.framework/Versions/A/MPSNeuralNetwork
0x00007ff8184ad000 	/System/Library/Frameworks/MetalPerformanceShaders.framework/Versions/A/Frameworks/MPSMatrix.framework/Versions/A/MPSMatrix
0x00007ff818268000 	/System/Library/Frameworks/MetalPerformanceShaders.framework/Versions/A/Frameworks/MPSRayIntersector.framework/Versions/A/MPSRayIntersector
0x00007ff8184e5000 	/System/Library/Frameworks/MetalPerformanceShaders.framework/Versions/A/Frameworks/MPSNDArray.framework/Versions/A/MPSNDArray
0x00007ffa2abac000 	/System/Library/Frameworks/MetalPerformanceShaders.framework/Versions/A/Frameworks/MPSFunctions.framework/Versions/A/MPSFunctions
0x00007ff80df50000 	/System/Library/PrivateFrameworks/MetalTools.framework/Versions/A/MetalTools
0x00007ff8172c4000 	/System/Library/PrivateFrameworks/AggregateDictionary.framework/Versions/A/AggregateDictionary
0x00007ff819452000 	/usr/lib/libIOReport.dylib
0x00007ffa2725b000 	/System/Library/Frameworks/OpenCL.framework/Versions/A/OpenCL
0x00007ff8197b6000 	/System/Library/PrivateFrameworks/FaceCore.framework/Versions/A/FaceCore
0x00007ff8197a7000 	/System/Library/PrivateFrameworks/GraphVisualizer.framework/Versions/A/GraphVisualizer
0x00007ffb129cd000 	/System/Library/PrivateFrameworks/FontServices.framework/Versions/A/FontServices
0x00007ff819bd0000 	/System/Library/PrivateFrameworks/OTSVG.framework/Versions/A/OTSVG
0x00007ff815083000 	/System/Library/Frameworks/ApplicationServices.framework/Versions/A/Frameworks/ATS.framework/Versions/A/Resources/libFontRegistry.dylib
0x00007ff819c20000 	/System/Library/PrivateFrameworks/FontServices.framework/libhvf.dylib
0x00007ffb129ce000 	/System/Library/PrivateFrameworks/FontServices.framework/libXTFontStaticRegistryData.dylib
0x00007ff819620000 	/System/Library/PrivateFrameworks/AppleVA.framework/Versions/A/AppleVA
0x00007ff81b805000 	/System/Library/Frameworks/ApplicationServices.framework/Versions/A/Frameworks/ATS.framework/Versions/A/ATS
0x00007ff81325c000 	/System/Library/Frameworks/ApplicationServices.framework/Versions/A/Frameworks/HIServices.framework/Versions/A/HIServices
0x00007ff81a711000 	/System/Library/Frameworks/ApplicationServices.framework/Versions/A/Frameworks/PrintCore.framework/Versions/A/PrintCore
0x00007ff81bb93000 	/System/Library/Frameworks/ApplicationServices.framework/Versions/A/Frameworks/QD.framework/Versions/A/QD
0x00007ff81bb8b000 	/System/Library/Frameworks/ApplicationServices.framework/Versions/A/Frameworks/ColorSyncLegacy.framework/Versions/A/ColorSyncLegacy
0x00007ff81b7f5000 	/System/Library/Frameworks/ApplicationServices.framework/Versions/A/Frameworks/SpeechSynthesis.framework/Versions/A/SpeechSynthesis
0x00007ff81a6d2000 	/System/Library/Frameworks/ApplicationServices.framework/Versions/A/Frameworks/ATSUI.framework/Versions/A/ATSUI
0x00007ff81bb20000 	/usr/lib/libcups.2.dylib
0x00007ff81beef000 	/System/Library/Frameworks/Kerberos.framework/Versions/A/Kerberos
0x00007ff81befe000 	/System/Library/Frameworks/GSS.framework/Versions/A/GSS
0x00007ff81b871000 	/usr/lib/libresolv.9.dylib
0x00007ff819c2f000 	/System/Library/PrivateFrameworks/Heimdal.framework/Versions/A/Heimdal
0x00007ff822acb000 	/System/Library/Frameworks/Kerberos.framework/Versions/A/Libraries/libHeimdalProxy.dylib
0x00007ff813f28000 	/System/Library/Frameworks/Network.framework/Versions/A/Network
0x00007ff81968a000 	/usr/lib/libheimdal-asn1.dylib
0x00007ff81bf49000 	/System/Library/PrivateFrameworks/CommonAuth.framework/Versions/A/CommonAuth
0x00007ff81b777000 	/System/Library/PrivateFrameworks/AudioSession.framework/Versions/A/AudioSession
0x00007ff81971a000 	/System/Library/PrivateFrameworks/MediaExperience.framework/Versions/A/MediaExperience
0x00007ff81b60a000 	/System/Library/PrivateFrameworks/AudioSession.framework/libSessionUtility.dylib
0x00007ff81bb9f000 	/System/Library/PrivateFrameworks/AudioResourceArbitration.framework/Versions/A/AudioResourceArbitration
0x00007ff81fc12000 	/System/Library/PrivateFrameworks/PowerLog.framework/Versions/A/PowerLog
0x00007ff819693000 	/System/Library/PrivateFrameworks/IconFoundation.framework/Versions/A/IconFoundation
0x00007ff81e9c8000 	/System/Library/PrivateFrameworks/SpeechRecognitionCore.framework/Versions/A/SpeechRecognitionCore
0x000000010e3fd000 	/Library/Java/JavaVirtualMachines/jdk1.8.0_202.jdk/Contents/Home/jre/lib/server/libjvm.dylib
0x00007ffb25dc1000 	/usr/lib/libstdc++.6.dylib
0x000000010d491000 	/Library/Java/JavaVirtualMachines/jdk1.8.0_202.jdk/Contents/Home/jre/lib/libverify.dylib
0x000000010d4e6000 	/Library/Java/JavaVirtualMachines/jdk1.8.0_202.jdk/Contents/Home/jre/lib/libjava.dylib
0x000000010d4c1000 	/Library/Java/JavaVirtualMachines/jdk1.8.0_202.jdk/Contents/Home/jre/lib/libzip.dylib
0x000000012a734000 	/Library/Java/JavaVirtualMachines/jdk1.8.0_202.jdk/Contents/Home/jre/lib/libawt.dylib
0x000000012a952000 	/Library/Java/JavaVirtualMachines/jdk1.8.0_202.jdk/Contents/Home/jre/lib/libmlib_image.dylib
0x00007ffa2ab09000 	/System/Library/Frameworks/JavaNativeFoundation.framework/Versions/A/JavaNativeFoundation
0x00007ffa2ab15000 	/System/Library/Frameworks/JavaRuntimeSupport.framework/Versions/A/JavaRuntimeSupport
0x00007ff912af7000 	/System/Library/Frameworks/Carbon.framework/Versions/A/Carbon
0x00007ff820e8f000 	/System/Library/PrivateFrameworks/CoreSymbolication.framework/Versions/A/CoreSymbolication
0x00007ff8263dc000 	/System/Library/Frameworks/Carbon.framework/Versions/A/Frameworks/CommonPanels.framework/Versions/A/CommonPanels
0x00007ff8224c3000 	/System/Library/Frameworks/Carbon.framework/Versions/A/Frameworks/Help.framework/Versions/A/Help
0x00007ff8263e0000 	/System/Library/Frameworks/Carbon.framework/Versions/A/Frameworks/ImageCapture.framework/Versions/A/ImageCapture
0x00007ff8263b0000 	/System/Library/Frameworks/Carbon.framework/Versions/A/Frameworks/OpenScripting.framework/Versions/A/OpenScripting
0x00007ff8263d8000 	/System/Library/Frameworks/Carbon.framework/Versions/A/Frameworks/Ink.framework/Versions/A/Ink
0x00007ff912af3000 	/System/Library/Frameworks/Carbon.framework/Versions/A/Frameworks/Print.framework/Versions/A/Print
0x00007ff8263d4000 	/System/Library/Frameworks/Carbon.framework/Versions/A/Frameworks/SecurityHI.framework/Versions/A/SecurityHI
0x00007ff820e54000 	/System/Library/PrivateFrameworks/DebugSymbols.framework/Versions/A/DebugSymbols
0x000000012aada000 	/Library/Java/JavaVirtualMachines/jdk1.8.0_202.jdk/Contents/Home/jre/lib/libawt_lwawt.dylib
0x000000012a6c9000 	/Library/Java/JavaVirtualMachines/jdk1.8.0_202.jdk/Contents/Home/jre/lib/libosxapp.dylib
0x00007ff911ee1000 	/System/Library/Frameworks/ExceptionHandling.framework/Versions/A/ExceptionHandling
0x00007ff810007000 	/System/Library/PrivateFrameworks/CoreServicesInternal.framework/Versions/A/CoreServicesInternal
0x00007ff820203000 	/System/Library/Frameworks/FileProvider.framework/Versions/A/FileProvider
0x00007ff813d0c000 	/System/Library/Frameworks/Accounts.framework/Versions/A/Accounts
0x00007ff82037c000 	/System/Library/PrivateFrameworks/GenerationalStorage.framework/Versions/A/GenerationalStorage
0x00007ff81fc07000 	/System/Library/PrivateFrameworks/SymptomDiagnosticReporter.framework/Versions/A/SymptomDiagnosticReporter
0x00007ff8112c5000 	/System/Library/PrivateFrameworks/DesktopServicesPriv.framework/Versions/A/DesktopServicesPriv
0x00007ff810146000 	/usr/lib/libsandbox.1.dylib
0x00007ff81551b000 	/System/Library/PrivateFrameworks/UserManagement.framework/Versions/A/UserManagement
0x00007ff81bb80000 	/System/Library/PrivateFrameworks/NetAuth.framework/Versions/A/NetAuth
0x00007ff81ca8d000 	/System/Library/PrivateFrameworks/Sharing.framework/Versions/A/Sharing
0x00007ff8154ee000 	/System/Library/PrivateFrameworks/login.framework/Versions/A/Frameworks/loginsupport.framework/Versions/A/loginsupport
0x00007ff821ff2000 	/System/Library/PrivateFrameworks/Apple80211.framework/Versions/A/Apple80211
0x00007ff81867b000 	/System/Library/PrivateFrameworks/AuthKit.framework/Versions/A/AuthKit
0x00007ff817cc6000 	/System/Library/PrivateFrameworks/CoreUtils.framework/Versions/A/CoreUtils
0x00007ff817bed000 	/System/Library/Frameworks/CoreWLAN.framework/Versions/A/CoreWLAN
0x00007ff81cbec000 	/System/Library/Frameworks/IOBluetooth.framework/Versions/A/IOBluetooth
0x00007ff82205a000 	/System/Library/PrivateFrameworks/CoreWiFi.framework/Versions/A/CoreWiFi
0x00007ff820a26000 	/System/Library/PrivateFrameworks/FrontBoardServices.framework/Versions/A/FrontBoardServices
0x00007ff820ab7000 	/System/Library/PrivateFrameworks/BoardServices.framework/Versions/A/BoardServices
0x00007ff817edc000 	/System/Library/PrivateFrameworks/AssertionServices.framework/Versions/A/AssertionServices
0x00007ff8221dd000 	/System/Library/PrivateFrameworks/BackBoardServices.framework/Versions/A/BackBoardServices
0x00007ff81bfda000 	/System/Library/PrivateFrameworks/CorePhoneNumbers.framework/Versions/A/CorePhoneNumbers
0x00007ff81fd24000 	/System/Library/PrivateFrameworks/DiskManagement.framework/Versions/A/DiskManagement
0x00007ff81fc38000 	/System/Library/PrivateFrameworks/AppleIDAuthSupport.framework/Versions/A/AppleIDAuthSupport
0x00007ffa2d16d000 	/System/Library/PrivateFrameworks/AAAFoundation.framework/Versions/A/AAAFoundation
0x00007ff81bfbb000 	/System/Library/PrivateFrameworks/KeychainCircle.framework/Versions/A/KeychainCircle
0x00007ff81fcf0000 	/System/Library/PrivateFrameworks/MediaKit.framework/Versions/A/MediaKit
0x00007ff81fc44000 	/System/Library/Frameworks/DiscRecording.framework/Versions/A/DiscRecording
0x00007ff819598000 	/usr/lib/libCoreStorage.dylib
0x00007ff8224cb000 	/usr/lib/libcsfde.dylib
0x00007ff81ccb9000 	/System/Library/PrivateFrameworks/ProtectedCloudStorage.framework/Versions/A/ProtectedCloudStorage
0x00007ff8224c7000 	/System/Library/PrivateFrameworks/EFILogin.framework/Versions/A/EFILogin
0x00007ff8203a2000 	/System/Library/PrivateFrameworks/OctagonTrust.framework/Versions/A/OctagonTrust
0x00007ffb11c3c000 	/System/Library/PrivateFrameworks/CoreUtilsExtras.framework/Versions/A/CoreUtilsExtras
0x00007ff81fb6b000 	/System/Library/Frameworks/CoreBluetooth.framework/Versions/A/CoreBluetooth
0x00007ff822b50000 	/System/Library/Frameworks/AudioUnit.framework/Versions/A/AudioUnit
0x00007ff819590000 	/usr/lib/libMatch.1.dylib
0x00007ff91a822000 	/System/Library/CoreServices/RawCamera.bundle/Contents/MacOS/RawCamera
0x00007ff81bf59000 	/System/Library/PrivateFrameworks/MobileAsset.framework/Versions/A/MobileAsset
0x00007ff822b77000 	/System/Library/PrivateFrameworks/StreamingZip.framework/Versions/A/StreamingZip
0x00007ffb0ef36000 	/System/Library/PrivateFrameworks/CMPhoto.framework/Versions/A/CMPhoto
0x00007ff820d2a000 	/System/Library/PrivateFrameworks/AppleVPA.framework/Versions/A/AppleVPA
0x00007ff81a93b000 	/System/Library/Frameworks/MediaToolbox.framework/Versions/A/MediaToolbox
0x00007ff8201d3000 	/System/Library/PrivateFrameworks/CoreAVCHD.framework/Versions/A/CoreAVCHD
0x00007ff81f0a8000 	/System/Library/Frameworks/MediaAccessibility.framework/Versions/A/MediaAccessibility
0x00007ff8201cf000 	/System/Library/PrivateFrameworks/Mangrove.framework/Versions/A/Mangrove
0x00007ff81f0b3000 	/System/Library/PrivateFrameworks/AlgosScoreFramework.framework/Versions/A/AlgosScoreFramework
0x00007ff81fe14000 	/System/Library/PrivateFrameworks/CoreAUC.framework/Versions/A/CoreAUC
0x00007ff918055000 	/System/Library/Frameworks/Accelerate.framework/Versions/A/Frameworks/vImage.framework/Versions/A/Libraries/libCGInterfaces.dylib
0x000000012d09f000 	/usr/lib/libobjc-trampolines.dylib
0x00007ff825056000 	/System/Library/PrivateFrameworks/FamilyControls.framework/Versions/A/FamilyControls
0x00007ff82507a000 	/System/Library/PrivateFrameworks/CommerceKit.framework/Versions/A/Frameworks/CommerceCore.framework/Versions/A/CommerceCore
0x00007ff81f0e4000 	/System/Library/PrivateFrameworks/SystemAdministration.framework/Versions/A/SystemAdministration
0x00007ff81cca0000 	/System/Library/PrivateFrameworks/AppContainer.framework/Versions/A/AppContainer
0x00007ff81ccb5000 	/System/Library/PrivateFrameworks/SecCodeWrapper.framework/Versions/A/SecCodeWrapper
0x00007ff81945b000 	/System/Library/PrivateFrameworks/CrashReporterSupport.framework/Versions/A/CrashReporterSupport
0x00007ff91fa36000 	/System/Library/PrivateFrameworks/OSAnalytics.framework/Versions/A/OSAnalytics
0x00007ff92ab89000 	/System/Library/PrivateFrameworks/Symbolication.framework/Versions/A/Symbolication
0x00007ff913a59000 	/System/Library/PrivateFrameworks/MallocStackLogging.framework/Versions/A/MallocStackLogging
0x00007ff819ce6000 	/System/Library/PrivateFrameworks/login.framework/Versions/A/login
0x00007ff81e994000 	/System/Library/Frameworks/DirectoryService.framework/Versions/A/DirectoryService
0x00007ff822369000 	/System/Library/PrivateFrameworks/DiskImages.framework/Versions/A/DiskImages
0x00007ff817f84000 	/System/Library/Frameworks/ServiceManagement.framework/Versions/A/ServiceManagement
0x00007ff822545000 	/System/Library/PrivateFrameworks/LoginUIKit.framework/Versions/A/Frameworks/LoginUICore.framework/Versions/A/LoginUICore
0x00007ff819e8f000 	/usr/lib/libodfde.dylib
0x00007ff8224d7000 	/usr/lib/libcurl.4.dylib
0x00007ffb25894000 	/usr/lib/libcrypto.46.dylib
0x00007ffb25d85000 	/usr/lib/libssl.48.dylib
0x00007ff8221fb000 	/System/Library/Frameworks/LDAP.framework/Versions/A/LDAP
0x00007ff822233000 	/System/Library/PrivateFrameworks/TrustEvaluationAgent.framework/Versions/A/TrustEvaluationAgent
0x00007ff81b88a000 	/usr/lib/libsasl2.2.dylib
0x00007ff81f0d8000 	/System/Library/PrivateFrameworks/CoreDaemon.framework/Versions/B/CoreDaemon
0x00007ff81f0d3000 	/System/Library/PrivateFrameworks/AppleSRP.framework/Versions/A/AppleSRP
0x00007ff815213000 	/System/Library/PrivateFrameworks/ViewBridge.framework/Versions/A/ViewBridge
0x00007ffa25e57000 	/System/Library/Frameworks/OpenGL.framework/Versions/A/Resources/GLEngine.bundle/GLEngine
0x00007ffa25cbd000 	/System/Library/Frameworks/OpenGL.framework/Versions/A/Libraries/libGLProgrammability.dylib
0x000000012ea1d000 	/System/Library/Extensions/AppleMetalOpenGLRenderer.bundle/Contents/MacOS/AppleMetalOpenGLRenderer
0x00007ffa25fe1000 	/System/Library/Frameworks/OpenGL.framework/Versions/A/Resources/GLRendererFloat.bundle/GLRendererFloat
0x00007ffa27df9000 	/System/Library/Extensions/AGXMetal13_3.bundle/Contents/MacOS/AGXMetal13_3
0x00007ff913a97000 	/System/Library/PrivateFrameworks/GPURawCounter.framework/Versions/A/GPURawCounter
0x00007ff90e41d000 	/System/Library/PrivateFrameworks/IOGPU.framework/Versions/A/IOGPU
0x000000012ef9b000 	/Library/Java/JavaVirtualMachines/jdk1.8.0_202.jdk/Contents/Home/jre/lib/libfontmanager.dylib
0x000000012f7fc000 	/Library/Java/JavaVirtualMachines/jdk1.8.0_202.jdk/Contents/Home/jre/lib/libosxui.dylib
0x00007ffb0da59000 	/System/Library/PrivateFrameworks/AccessibilityBundles.framework/Versions/A/AccessibilityBundles
0x00007ffb25428000 	/usr/lib/libRosetta.dylib
0x000000012fbc2000 	/Library/Java/JavaVirtualMachines/jdk1.8.0_202.jdk/Contents/Home/jre/lib/libnet.dylib
0x000000012fbfd000 	/Library/Java/JavaVirtualMachines/jdk1.8.0_202.jdk/Contents/Home/jre/lib/libnio.dylib
0x000000019ec6f000 	/private/var/folders/tx/05p5n4rd23xbchspt80kwzyc0000gn/T/jogamp_0000/file_cache/jln6403461714124570930/jln5353636503625873068/libgluegen-rt.jnilib
0x000000019ecba000 	/private/var/folders/tx/05p5n4rd23xbchspt80kwzyc0000gn/T/jogamp_0000/file_cache/jln6403461714124570930/jln5353636503625873068/libnativewindow_awt.jnilib
0x000000019ecc5000 	/Library/Java/JavaVirtualMachines/jdk1.8.0_202.jdk/Contents/Home/jre/lib/libjawt.dylib
0x000000019ef10000 	/private/var/folders/tx/05p5n4rd23xbchspt80kwzyc0000gn/T/jogamp_0000/file_cache/jln6403461714124570930/jln5353636503625873068/libnativewindow_macosx.jnilib
0x00000001a2756000 	/private/var/folders/tx/05p5n4rd23xbchspt80kwzyc0000gn/T/jogamp_0000/file_cache/jln6403461714124570930/jln5353636503625873068/libjogl_desktop.jnilib
0x00000001a52b4000 	/Library/Java/JavaVirtualMachines/jdk1.8.0_202.jdk/Contents/Home/jre/lib/libt2k.dylib

VM Arguments:
jvm_args: -Djava.security.policy=java.policy.applet -Dfile.encoding=UTF-8 
java_command: sun.applet.AppletViewer module3.EarthquakeCityMap1655296764563.html
java_class_path (initial): /Users/hantang/java_workspace/UCSDUnfoldingMaps/build:/Users/hantang/java_workspace/UCSDUnfoldingMaps/lib/core.jar:/Users/hantang/java_workspace/UCSDUnfoldingMaps/lib/gluegen-rt.jar:/Users/hantang/java_workspace/UCSDUnfoldingMaps/lib/jogl-all.jar:/Users/hantang/java_workspace/UCSDUnfoldingMaps/lib/log4j-1.2.15.jar:/Users/hantang/java_workspace/UCSDUnfoldingMaps/lib/sqlite-jdbc-3.7.2.jar:/Users/hantang/java_workspace/UCSDUnfoldingMaps/lib/json4processing.jar:/Users/hantang/java_workspace/UCSDUnfoldingMaps/lib/libTUIO.jar:/Users/hantang/java_workspace/UCSDUnfoldingMaps/lib/unfolding.0.9.7-uscd.jar
Launcher Type: SUN_STANDARD

Environment Variables:
PATH=/usr/bin:/bin:/usr/sbin:/sbin
SHELL=/bin/zsh

Signal Handlers:
SIGSEGV: [libjvm.dylib+0x5b719d], sa_mask[0]=11111111111111111111111111111111, sa_flags=SA_ONSTACK|SA_RESTART|SA_SIGINFO
SIGBUS: [libjvm.dylib+0x5b719d], sa_mask[0]=11111111111111111111111111111111, sa_flags=SA_RESTART|SA_SIGINFO
SIGFPE: [libjvm.dylib+0x48c8fc], sa_mask[0]=11111111111111111111111111111111, sa_flags=SA_RESTART|SA_SIGINFO
SIGPIPE: [libjvm.dylib+0x48c8fc], sa_mask[0]=11111111111111111111111111111111, sa_flags=SA_RESTART|SA_SIGINFO
SIGXFSZ: [libjvm.dylib+0x48c8fc], sa_mask[0]=11111111111111111111111111111111, sa_flags=SA_RESTART|SA_SIGINFO
SIGILL: [libjvm.dylib+0x48c8fc], sa_mask[0]=11111111111111111111111111111111, sa_flags=SA_RESTART|SA_SIGINFO
SIGUSR1: SIG_DFL, sa_mask[0]=00000000000000000000000000000000, sa_flags=none
SIGUSR2: [libjvm.dylib+0x48c41a], sa_mask[0]=00100000000000000000000000000000, sa_flags=SA_RESTART|SA_SIGINFO
SIGHUP: [libjvm.dylib+0x48a9a5], sa_mask[0]=11111111111111111111111111111111, sa_flags=SA_RESTART|SA_SIGINFO
SIGINT: [libjvm.dylib+0x48a9a5], sa_mask[0]=11111111111111111111111111111111, sa_flags=SA_RESTART|SA_SIGINFO
SIGTERM: [libjvm.dylib+0x48a9a5], sa_mask[0]=11111111111111111111111111111111, sa_flags=SA_RESTART|SA_SIGINFO
SIGQUIT: [libjvm.dylib+0x48a9a5], sa_mask[0]=11111111111111111111111111111111, sa_flags=SA_RESTART|SA_SIGINFO


---------------  S Y S T E M  ---------------

OS:Bsduname:Darwin 21.4.0 Darwin Kernel Version 21.4.0: Fri Mar 18 00:47:26 PDT 2022; root:xnu-8020.101.4~15/RELEASE_ARM64_T8101 x86_64
rlimit: STACK 8176k, CORE 0k, NPROC 2666, NOFILE 10240, AS infinity
load average:10.64 8.18 6.58

CPU:total 8 (initial active 8) (1 cores per cpu, 1 threads per core) family 6 model 44 stepping 0, cmov, cx8, fxsr, mmx, sse, sse2, sse3, ssse3, sse4.1, sse4.2, popcnt, aes, clmul, tsc, tscinvbit, tscinv

Memory: 4k page, physical 16777216k(18388k free)

/proc/meminfo:


vm_info: Java HotSpot(TM) 64-Bit Server VM (25.202-b08) for bsd-amd64 JRE (1.8.0_202-b08), built on Dec 15 2018 20:16:16 by "java_re" with gcc 4.2.1 (Based on Apple Inc. build 5658) (LLVM build 2336.11.00)

time: Wed Jun 15 20:40:01 2022
timezone: CST
elapsed time: 36 seconds (0d 0h 0m 36s)

