#
# A fatal error has been detected by the Java Runtime Environment:
#
#  SIGSEGV (0xb) at pc=0x00007ff80987471d, pid=83822, tid=0x0000000000000103
#
# JRE version: Java(TM) SE Runtime Environment (8.0_202-b08) (build 1.8.0_202-b08)
# Java VM: Java HotSpot(TM) 64-Bit Server VM (25.202-b08 mixed mode bsd-amd64 compressed oops)
# Problematic frame:
# C  [libobjc.A.dylib+0x671d]  objc_msgSend+0x1d
#
# Failed to write core dump. Core dumps have been disabled. To enable core dumping, try "ulimit -c unlimited" before starting Java again
#
# If you would like to submit a bug report, please visit:
#   http://bugreport.java.com/bugreport/crash.jsp
# The crash happened outside the Java Virtual Machine in native code.
# See problematic frame for where to report the bug.
#

---------------  T H R E A D  ---------------

Current thread (0x00007fd2900dc000):  JavaThread "AWT-AppKit" daemon [_thread_in_native, id=259, stack(0x00000003044a0000,0x0000000304ca0000)]

siginfo: si_signo: 11 (SIGSEGV), si_code: 1 (SEGV_MAPERR), si_addr: 0x00004db0479872b8

Registers:
RAX=0x0000600003f4cf00, RBX=0x0000000199ef9450, RCX=0x0000000000000000, RDX=0x0000000000000001
RSP=0x0000000304c9b1a8, RBP=0x0000000304c9b260, RSI=0x00007ff82424983e, RDI=0x0000600001cf72a0
R8 =0x0000000000000117, R9 =0x0000000000000118, R10=0x00004db0479872a0, R11=0x00007ff82424983e
R12=0x0000000000000000, R13=0x000000019d262818, R14=0x0000000199ef9440, R15=0x00007fd2900dc000
RIP=0x00007ff80987471d, EFLAGS=0x0000000000000247, ERR=0x0000000000000004
  TRAPNO=0x000000000000000e

Top of Stack: (sp=0x0000000304c9b1a8)
0x0000000304c9b1a8:   0000000199ef7157 0000000304c9b200
0x0000000304c9b1b8:   0000000000000003 0000000304c9b1e0
0x0000000304c9b1c8:   0000000109ccf952 000000019d262818
0x0000000304c9b1d8:   000000019d262818 0000600003f4cf00
0x0000000304c9b1e8:   0000000199ef96a0 0000000199ef9710
0x0000000304c9b1f8:   00007ff84c6ad918 00007ff84b446570
0x0000000304c9b208:   0000000199ef9450 0000000199ef9690
0x0000000304c9b218:   0000600003f4cf00 0000600001cf72a0
0x0000000304c9b228:   00006000012213e0 0000600003f4cf00
0x0000000304c9b238:   0000600001cf72a0 0000000304c9b2e8
0x0000000304c9b248:   00007fd2900dc1f8 000000019d262818
0x0000000304c9b258:   0000000304c9b310 0000000304c9b2d8
0x0000000304c9b268:   000000010ba5b0c7 000000019d262818
0x0000000304c9b278:   0000000304c9b310 0000000304c9b2d8
0x0000000304c9b288:   000000010ba5ae27 000000010ba5ade2
0x0000000304c9b298:   0000000304c9b298 000000019d262818
0x0000000304c9b2a8:   0000000304c9b310 000000019d265450
0x0000000304c9b2b8:   0000000000000000 000000019d262818
0x0000000304c9b2c8:   0000000000000000 0000000304c9b2f8
0x0000000304c9b2d8:   0000000304c9b358 000000010ba4b2bd
0x0000000304c9b2e8:   00000006c006db20 000000010ba54d18
0x0000000304c9b2f8:   0000600003f4cf00 0000000304c9b358
0x0000000304c9b308:   0000600001cf72a0 000000010ba56782
0x0000000304c9b318:   0000000304c9b318 000000019d2629e2
0x0000000304c9b328:   0000000304c9b380 000000019d265450
0x0000000304c9b338:   0000000000000000 000000019d2629f0
0x0000000304c9b348:   0000000304c9b2f8 0000000304c9b368
0x0000000304c9b358:   0000000304c9b3c8 000000010ba4b2bd
0x0000000304c9b368:   0000600003f4cf00 00000006c000d4f0
0x0000000304c9b378:   0000600001cf72a0 00000006c000d4f0
0x0000000304c9b388:   0000000304c9b388 00000001a2eba286
0x0000000304c9b398:   0000000304c9b3d8 00000001a2eba340 

Instructions: (pc=0x00007ff80987471d)
0x00007ff8098746fd:   44 00 00 48 85 ff 2e 74 72 40 f6 c7 01 2e 75 76
0x00007ff80987470d:   49 ba f8 ff ff ff ff 7f 00 00 4c 23 17 49 89 f3
0x00007ff80987471d:   45 23 5a 18 49 c1 e3 04 4d 03 5a 10 49 3b 33 75
0x00007ff80987472d:   0a 4d 8b 5b 08 4d 31 d3 41 ff e3 49 83 3b 01 76 

Register to memory mapping:

RAX=0x0000600003f4cf00 is an unknown value
RBX=0x0000000199ef9450: <offset 0x7450> in /private/var/folders/tx/05p5n4rd23xbchspt80kwzyc0000gn/T/jogamp_0000/file_cache/jln3762767021990091550/jln1429831763374539387/libnativewindow_macosx.jnilib at 0x0000000199ef2000
RCX=0x0000000000000000 is an unknown value
RDX=0x0000000000000001 is an unknown value
RSP=0x0000000304c9b1a8 is pointing into the stack for thread: 0x00007fd2900dc000
RBP=0x0000000304c9b260 is pointing into the stack for thread: 0x00007fd2900dc000
RSI=0x00007ff82424983e: <offset 0x1a9db83e> in /usr/lib/libobjc.A.dylib at 0x00007ff80986e000
RDI=0x0000600001cf72a0 is an unknown value
R8 =0x0000000000000117 is an unknown value
R9 =0x0000000000000118 is an unknown value
R10=0x00004db0479872a0 is an unknown value
R11=0x00007ff82424983e: <offset 0x1a9db83e> in /usr/lib/libobjc.A.dylib at 0x00007ff80986e000
R12=0x0000000000000000 is an unknown value
R13={method} {0x000000019d262818} 'UnsetJAWTRootSurfaceLayer0' '(JJ)V' in 'jogamp/nativewindow/jawt/macosx/MacOSXJAWTWindow'
R14=0x0000000199ef9440: <offset 0x7440> in /private/var/folders/tx/05p5n4rd23xbchspt80kwzyc0000gn/T/jogamp_0000/file_cache/jln3762767021990091550/jln1429831763374539387/libnativewindow_macosx.jnilib at 0x0000000199ef2000
R15=0x00007fd2900dc000 is a thread


Stack: [0x00000003044a0000,0x0000000304ca0000],  sp=0x0000000304c9b1a8,  free space=8172k
Native frames: (J=compiled Java code, j=interpreted, Vv=VM code, C=native code)
C  [libobjc.A.dylib+0x671d]  objc_msgSend+0x1d
j  jogamp.nativewindow.jawt.macosx.MacOSXJAWTWindow.UnsetJAWTRootSurfaceLayer0(JJ)V+0
j  jogamp.nativewindow.jawt.macosx.MacOSXJAWTWindow.access$200(JJ)V+2
j  jogamp.nativewindow.jawt.macosx.MacOSXJAWTWindow$1.run()V+38
J 1739 C1 com.jogamp.common.util.RunnableTask.run()V (345 bytes) @ 0x000000010c07a5b4 [0x000000010c07a420+0x194]
v  ~StubRoutines::call_stub
V  [libjvm.dylib+0x2f0d1e]
V  [libjvm.dylib+0x32805c]
V  [libjvm.dylib+0x31a83f]
C  [libnativewindow_macosx.jnilib+0x5326]  Java_jogamp_nativewindow_jawt_macosx_MacOSXJAWTWindow_UnsetJAWTRootSurfaceLayer0+0x2b6
C  [Foundation+0x81557]  __NSThreadPerformPerform+0xb3
C  [CoreFoundation+0x7f35a]  __CFRUNLOOP_IS_CALLING_OUT_TO_A_SOURCE0_PERFORM_FUNCTION__+0x11
C  [CoreFoundation+0x7f2c2]  __CFRunLoopDoSource0+0xb4
C  [CoreFoundation+0x7f040]  __CFRunLoopDoSources0+0xf2
C  [CoreFoundation+0x7da50]  __CFRunLoopRun+0x37c
C  [CoreFoundation+0x7d014]  CFRunLoopRunSpecific+0x232
C  [HIToolbox+0x2e5e6]  RunCurrentEventLoopInMode+0x124
C  [HIToolbox+0x2e213]  ReceiveNextEventCommon+0x11b
C  [HIToolbox+0x2e0e5]  _BlockUntilNextEventMatchingListInModeWithFilter+0x46
C  [AppKit+0x3f1fd]  _DPSNextEvent+0x39f
C  [AppKit+0x3d8ba]  -[NSApplication(NSEvent) _nextEventMatchingEventMask:untilDate:inMode:dequeue:]+0x572
C  [libosxapp.dylib+0x2328]  -[NSApplicationAWT nextEventMatchingMask:untilDate:inMode:dequeue:]+0x7c
C  [AppKit+0x2ff69]  -[NSApplication run]+0x24a
C  [libosxapp.dylib+0x1f72]  +[NSApplicationAWT runAWTLoopWithApp:]+0x9c
C  [libawt_lwawt.dylib+0x480bf]  -[AWTStarter starter:]+0x389
C  [Foundation+0x81557]  __NSThreadPerformPerform+0xb3
C  [CoreFoundation+0x7f35a]  __CFRUNLOOP_IS_CALLING_OUT_TO_A_SOURCE0_PERFORM_FUNCTION__+0x11
C  [CoreFoundation+0x7f2c2]  __CFRunLoopDoSource0+0xb4
C  [CoreFoundation+0x7f040]  __CFRunLoopDoSources0+0xf2
C  [CoreFoundation+0x7da50]  __CFRunLoopRun+0x37c
C  [CoreFoundation+0x7d014]  CFRunLoopRunSpecific+0x232
C  [java+0x646e]  CreateExecutionEnvironment+0x367
C  [java+0x203c]  JLI_Launch+0x7a0
C  [java+0x84cb]  main+0x65
C  [java+0x1894]  start+0x34
C  0x0000000000000007

Java frames: (J=compiled Java code, j=interpreted, Vv=VM code)
j  jogamp.nativewindow.jawt.macosx.MacOSXJAWTWindow.UnsetJAWTRootSurfaceLayer0(JJ)V+0
j  jogamp.nativewindow.jawt.macosx.MacOSXJAWTWindow.access$200(JJ)V+2
j  jogamp.nativewindow.jawt.macosx.MacOSXJAWTWindow$1.run()V+38
J 1739 C1 com.jogamp.common.util.RunnableTask.run()V (345 bytes) @ 0x000000010c07a5b4 [0x000000010c07a420+0x194]
v  ~StubRoutines::call_stub

---------------  P R O C E S S  ---------------

Java Threads: ( => current thread )
  0x00007fd291687000 JavaThread "Thread-19" [_thread_blocked, id=158987, stack(0x0000000306dbb000,0x0000000306ebb000)]
  0x00007fd21ff28000 JavaThread "Keep-Alive-Timer" daemon [_thread_blocked, id=92187, stack(0x0000000306bac000,0x0000000306cac000)]
  0x00007fd27fb2c000 JavaThread "AWT-EventQueue-1" [_thread_in_Java, id=88627, stack(0x0000000306aa9000,0x0000000306ba9000)]
  0x00007fd28f80e000 JavaThread "DestroyJavaVM" [_thread_blocked, id=9475, stack(0x0000000304d24000,0x0000000304e24000)]
  0x00007fd2910ce800 JavaThread "AWT-EventQueue-0" [_thread_blocked, id=56583, stack(0x00000003067a0000,0x00000003068a0000)]
  0x00007fd28f9da000 JavaThread "Java2D Disposer" daemon [_thread_blocked, id=72279, stack(0x000000030669d000,0x000000030679d000)]
  0x00007fd28f9de000 JavaThread "Java2D Queue Flusher" daemon [_thread_blocked, id=49443, stack(0x000000030659a000,0x000000030669a000)]
  0x00007fd2900fc000 JavaThread "AWT-Shutdown" [_thread_blocked, id=28939, stack(0x000000030616c000,0x000000030626c000)]
=>0x00007fd2900dc000 JavaThread "AWT-AppKit" daemon [_thread_in_native, id=259, stack(0x00000003044a0000,0x0000000304ca0000)]
  0x00007fd291039000 JavaThread "Service Thread" daemon [_thread_blocked, id=41479, stack(0x0000000305f66000,0x0000000306066000)]
  0x00007fd29101e000 JavaThread "C1 CompilerThread3" daemon [_thread_blocked, id=42243, stack(0x0000000305e63000,0x0000000305f63000)]
  0x00007fd28f820800 JavaThread "C2 CompilerThread2" daemon [_thread_blocked, id=42755, stack(0x0000000305d60000,0x0000000305e60000)]
  0x00007fd27f859800 JavaThread "C2 CompilerThread1" daemon [_thread_blocked, id=43267, stack(0x0000000305c5d000,0x0000000305d5d000)]
  0x00007fd27f857800 JavaThread "C2 CompilerThread0" daemon [_thread_blocked, id=16899, stack(0x0000000305b5a000,0x0000000305c5a000)]
  0x00007fd27f857000 JavaThread "Signal Dispatcher" daemon [_thread_blocked, id=17411, stack(0x0000000305a57000,0x0000000305b57000)]
  0x00007fd29000e800 JavaThread "Finalizer" daemon [_thread_blocked, id=14875, stack(0x0000000305845000,0x0000000305945000)]
  0x00007fd29100d000 JavaThread "Reference Handler" daemon [_thread_blocked, id=19491, stack(0x0000000305742000,0x0000000305842000)]

Other Threads:
  0x00007fd27f846000 VMThread [stack: 0x000000030563f000,0x000000030573f000] [id=19715]
  0x00007fd27f856000 WatcherThread [stack: 0x0000000306069000,0x0000000306169000] [id=40967]

VM state:not at safepoint (normal execution)

VM Mutex/Monitor currently owned by a thread: None

heap address: 0x00000006c0000000, size: 4096 MB, Compressed Oops mode: Zero based, Oop shift amount: 3
Narrow klass base: 0x0000000000000000, Narrow klass shift: 3
Compressed class space size: 1073741824 Address: 0x00000007c0000000

Heap:
 PSYoungGen      total 118784K, used 75069K [0x000000076ab00000, 0x0000000772c80000, 0x00000007c0000000)
  eden space 108032K, 59% used [0x000000076ab00000,0x000000076e9cffe8,0x0000000771480000)
  from space 10752K, 99% used [0x0000000772200000,0x0000000772c7f5f0,0x0000000772c80000)
  to   space 10752K, 0% used [0x0000000771780000,0x0000000771780000,0x0000000772200000)
 ParOldGen       total 89600K, used 10733K [0x00000006c0000000, 0x00000006c5780000, 0x000000076ab00000)
  object space 89600K, 11% used [0x00000006c0000000,0x00000006c0a7b410,0x00000006c5780000)
 Metaspace       used 25330K, capacity 25711K, committed 26032K, reserved 1073152K
  class space    used 2520K, capacity 2632K, committed 2736K, reserved 1048576K

Card table byte_map: [0x00000001090ea000,0x00000001098eb000] byte_map_base: 0x0000000105aea000

Marking Bits: (ParMarkBitMap*) 0x000000010a487e40
 Begin Bits: [0x000000011af99000, 0x000000011ef99000)
 End Bits:   [0x000000011ef99000, 0x0000000122f99000)

Polling page: 0x0000000108c13000

CodeCache: size=245760Kb used=11136Kb max_used=11142Kb free=234624Kb
 bounds [0x000000010ba43000, 0x000000010c543000, 0x000000011aa43000]
 total_blobs=4192 nmethods=3239 adapters=866
 compilation: enabled

Compilation events (10 events):
Event: 19.903 Thread 0x00007fd28f820800 3650       4       processing.core.PGraphics::rect (156 bytes)
Event: 19.919 Thread 0x00007fd28f820800 nmethod 3650 0x000000010c526810 code [0x000000010c526a40, 0x000000010c5274c0]
Event: 20.090 Thread 0x00007fd29101e000 3651       3       sun.awt.SunToolkit::awtUnlock (7 bytes)
Event: 20.090 Thread 0x00007fd29101e000 nmethod 3651 0x000000010c51d910 code [0x000000010c51da80, 0x000000010c51dd68]
Event: 20.090 Thread 0x00007fd29101e000 3652       3       sun.java2d.pipe.RenderQueue::unlock (4 bytes)
Event: 20.090 Thread 0x00007fd29101e000 nmethod 3652 0x000000010c51b710 code [0x000000010c51b8a0, 0x000000010c51bc08]
Event: 20.094 Thread 0x00007fd29101e000 3653       3       java.util.concurrent.locks.ReentrantReadWriteLock$Sync::tryAcquireShared (177 bytes)
Event: 20.095 Thread 0x00007fd29101e000 nmethod 3653 0x000000010c525050 code [0x000000010c525280, 0x000000010c526288]
Event: 20.095 Thread 0x00007fd27f857800 3654       4       sun.java2d.pipe.Region::isInsideQuickCheck (57 bytes)
Event: 20.097 Thread 0x00007fd27f857800 nmethod 3654 0x000000010c51ce90 code [0x000000010c51cfe0, 0x000000010c51d0d8]

GC Heap History (10 events):
Event: 5.538 GC heap before
{Heap before GC invocations=1 (full 0):
 PSYoungGen      total 76288K, used 65536K [0x000000076ab00000, 0x0000000770000000, 0x00000007c0000000)
  eden space 65536K, 100% used [0x000000076ab00000,0x000000076eb00000,0x000000076eb00000)
  from space 10752K, 0% used [0x000000076f580000,0x000000076f580000,0x0000000770000000)
  to   space 10752K, 0% used [0x000000076eb00000,0x000000076eb00000,0x000000076f580000)
 ParOldGen       total 175104K, used 0K [0x00000006c0000000, 0x00000006cab00000, 0x000000076ab00000)
  object space 175104K, 0% used [0x00000006c0000000,0x00000006c0000000,0x00000006cab00000)
 Metaspace       used 19978K, capacity 20325K, committed 20480K, reserved 1067008K
  class space    used 2070K, capacity 2193K, committed 2304K, reserved 1048576K
Event: 5.560 GC heap after
Heap after GC invocations=1 (full 0):
 PSYoungGen      total 76288K, used 9995K [0x000000076ab00000, 0x0000000770000000, 0x00000007c0000000)
  eden space 65536K, 0% used [0x000000076ab00000,0x000000076ab00000,0x000000076eb00000)
  from space 10752K, 92% used [0x000000076eb00000,0x000000076f4c2ee8,0x000000076f580000)
  to   space 10752K, 0% used [0x000000076f580000,0x000000076f580000,0x0000000770000000)
 ParOldGen       total 175104K, used 8K [0x00000006c0000000, 0x00000006cab00000, 0x000000076ab00000)
  object space 175104K, 0% used [0x00000006c0000000,0x00000006c0002000,0x00000006cab00000)
 Metaspace       used 19978K, capacity 20325K, committed 20480K, reserved 1067008K
  class space    used 2070K, capacity 2193K, committed 2304K, reserved 1048576K
}
Event: 6.737 GC heap before
{Heap before GC invocations=2 (full 0):
 PSYoungGen      total 76288K, used 18927K [0x000000076ab00000, 0x0000000770000000, 0x00000007c0000000)
  eden space 65536K, 13% used [0x000000076ab00000,0x000000076b3b9000,0x000000076eb00000)
  from space 10752K, 92% used [0x000000076eb00000,0x000000076f4c2ee8,0x000000076f580000)
  to   space 10752K, 0% used [0x000000076f580000,0x000000076f580000,0x0000000770000000)
 ParOldGen       total 175104K, used 8K [0x00000006c0000000, 0x00000006cab00000, 0x000000076ab00000)
  object space 175104K, 0% used [0x00000006c0000000,0x00000006c0002000,0x00000006cab00000)
 Metaspace       used 20864K, capacity 21241K, committed 21296K, reserved 1069056K
  class space    used 2170K, capacity 2325K, committed 2352K, reserved 1048576K
Event: 6.759 GC heap after
Heap after GC invocations=2 (full 0):
 PSYoungGen      total 76288K, used 7362K [0x000000076ab00000, 0x0000000774000000, 0x00000007c0000000)
  eden space 65536K, 0% used [0x000000076ab00000,0x000000076ab00000,0x000000076eb00000)
  from space 10752K, 68% used [0x000000076f580000,0x000000076fcb0890,0x0000000770000000)
  to   space 10752K, 0% used [0x000000076eb00000,0x000000076eb00000,0x000000076f580000)
 ParOldGen       total 175104K, used 16K [0x00000006c0000000, 0x00000006cab00000, 0x000000076ab00000)
  object space 175104K, 0% used [0x00000006c0000000,0x00000006c0004000,0x00000006cab00000)
 Metaspace       used 20864K, capacity 21241K, committed 21296K, reserved 1069056K
  class space    used 2170K, capacity 2325K, committed 2352K, reserved 1048576K
}
Event: 6.759 GC heap before
{Heap before GC invocations=3 (full 1):
 PSYoungGen      total 76288K, used 7362K [0x000000076ab00000, 0x0000000774000000, 0x00000007c0000000)
  eden space 65536K, 0% used [0x000000076ab00000,0x000000076ab00000,0x000000076eb00000)
  from space 10752K, 68% used [0x000000076f580000,0x000000076fcb0890,0x0000000770000000)
  to   space 10752K, 0% used [0x000000076eb00000,0x000000076eb00000,0x000000076f580000)
 ParOldGen       total 175104K, used 16K [0x00000006c0000000, 0x00000006cab00000, 0x000000076ab00000)
  object space 175104K, 0% used [0x00000006c0000000,0x00000006c0004000,0x00000006cab00000)
 Metaspace       used 20864K, capacity 21241K, committed 21296K, reserved 1069056K
  class space    used 2170K, capacity 2325K, committed 2352K, reserved 1048576K
Event: 6.783 GC heap after
Heap after GC invocations=3 (full 1):
 PSYoungGen      total 76288K, used 0K [0x000000076ab00000, 0x0000000774000000, 0x00000007c0000000)
  eden space 65536K, 0% used [0x000000076ab00000,0x000000076ab00000,0x000000076eb00000)
  from space 10752K, 0% used [0x000000076f580000,0x000000076f580000,0x0000000770000000)
  to   space 10752K, 0% used [0x000000076eb00000,0x000000076eb00000,0x000000076f580000)
 ParOldGen       total 89600K, used 7150K [0x00000006c0000000, 0x00000006c5780000, 0x000000076ab00000)
  object space 89600K, 7% used [0x00000006c0000000,0x00000006c06fb850,0x00000006c5780000)
 Metaspace       used 20864K, capacity 21241K, committed 21296K, reserved 1069056K
  class space    used 2170K, capacity 2325K, committed 2352K, reserved 1048576K
}
Event: 10.200 GC heap before
{Heap before GC invocations=4 (full 1):
 PSYoungGen      total 76288K, used 65536K [0x000000076ab00000, 0x0000000774000000, 0x00000007c0000000)
  eden space 65536K, 100% used [0x000000076ab00000,0x000000076eb00000,0x000000076eb00000)
  from space 10752K, 0% used [0x000000076f580000,0x000000076f580000,0x0000000770000000)
  to   space 10752K, 0% used [0x000000076eb00000,0x000000076eb00000,0x000000076f580000)
 ParOldGen       total 89600K, used 7150K [0x00000006c0000000, 0x00000006c5780000, 0x000000076ab00000)
  object space 89600K, 7% used [0x00000006c0000000,0x00000006c06fb850,0x00000006c5780000)
 Metaspace       used 24520K, capacity 24897K, committed 25136K, reserved 1071104K
  class space    used 2471K, capacity 2597K, committed 2608K, reserved 1048576K
Event: 10.210 GC heap after
Heap after GC invocations=4 (full 1):
 PSYoungGen      total 76288K, used 10750K [0x000000076ab00000, 0x0000000772c80000, 0x00000007c0000000)
  eden space 65536K, 0% used [0x000000076ab00000,0x000000076ab00000,0x000000076eb00000)
  from space 10752K, 99% used [0x000000076eb00000,0x000000076f57f830,0x000000076f580000)
  to   space 10752K, 0% used [0x0000000772200000,0x0000000772200000,0x0000000772c80000)
 ParOldGen       total 89600K, used 10725K [0x00000006c0000000, 0x00000006c5780000, 0x000000076ab00000)
  object space 89600K, 11% used [0x00000006c0000000,0x00000006c0a79410,0x00000006c5780000)
 Metaspace       used 24520K, capacity 24897K, committed 25136K, reserved 1071104K
  class space    used 2471K, capacity 2597K, committed 2608K, reserved 1048576K
}
Event: 15.153 GC heap before
{Heap before GC invocations=5 (full 1):
 PSYoungGen      total 76288K, used 76286K [0x000000076ab00000, 0x0000000772c80000, 0x00000007c0000000)
  eden space 65536K, 100% used [0x000000076ab00000,0x000000076eb00000,0x000000076eb00000)
  from space 10752K, 99% used [0x000000076eb00000,0x000000076f57f830,0x000000076f580000)
  to   space 10752K, 0% used [0x0000000772200000,0x0000000772200000,0x0000000772c80000)
 ParOldGen       total 89600K, used 10725K [0x00000006c0000000, 0x00000006c5780000, 0x000000076ab00000)
  object space 89600K, 11% used [0x00000006c0000000,0x00000006c0a79410,0x00000006c5780000)
 Metaspace       used 25196K, capacity 25583K, committed 25776K, reserved 1073152K
  class space    used 2512K, capacity 2632K, committed 2736K, reserved 1048576K
Event: 15.166 GC heap after
Heap after GC invocations=5 (full 1):
 PSYoungGen      total 118784K, used 10749K [0x000000076ab00000, 0x0000000772c80000, 0x00000007c0000000)
  eden space 108032K, 0% used [0x000000076ab00000,0x000000076ab00000,0x0000000771480000)
  from space 10752K, 99% used [0x0000000772200000,0x0000000772c7f5f0,0x0000000772c80000)
  to   space 10752K, 0% used [0x0000000771780000,0x0000000771780000,0x0000000772200000)
 ParOldGen       total 89600K, used 10733K [0x00000006c0000000, 0x00000006c5780000, 0x000000076ab00000)
  object space 89600K, 11% used [0x00000006c0000000,0x00000006c0a7b410,0x00000006c5780000)
 Metaspace       used 25196K, capacity 25583K, committed 25776K, reserved 1073152K
  class space    used 2512K, capacity 2632K, committed 2736K, reserved 1048576K
}

Deoptimization events (10 events):
Event: 14.209 Thread 0x00007fd27fb2c000 Uncommon trap: reason=unstable_if action=reinterpret pc=0x000000010c3e981c method=processing.core.PFont.indexActual(C)I @ 13
Event: 14.209 Thread 0x00007fd27fb2c000 Uncommon trap: reason=unstable_if action=reinterpret pc=0x000000010c3d36ac method=processing.core.PFont.indexActual(C)I @ 13
Event: 14.210 Thread 0x00007fd27fb2c000 Uncommon trap: reason=unstable_if action=reinterpret pc=0x000000010c13a1a0 method=sun.font.FontDesignMetrics.charsWidth([CII)I @ 113
Event: 14.220 Thread 0x00007fd27fb2c000 Uncommon trap: reason=class_check action=maybe_recompile pc=0x000000010c499d60 method=module5.EarthquakeCityMap.selectMarkerIfHover(Ljava/util/List;)V @ 45
Event: 14.234 Thread 0x00007fd27fb2c000 Uncommon trap: reason=unstable_if action=reinterpret pc=0x000000010c3e6f78 method=sun.font.FontDesignMetrics.charsWidth([CII)I @ 113
Event: 14.236 Thread 0x00007fd27fb2c000 Uncommon trap: reason=class_check action=maybe_recompile pc=0x000000010c499d60 method=module5.EarthquakeCityMap.selectMarkerIfHover(Ljava/util/List;)V @ 45
Event: 19.343 Thread 0x00007fd2900dc000 Uncommon trap: reason=unstable_if action=reinterpret pc=0x000000010c4eee2c method=sun.java2d.pipe.Region.contains(II)Z @ 21
Event: 20.085 Thread 0x00007fd27fb2c000 Uncommon trap: reason=unstable_if action=reinterpret pc=0x000000010bea4868 method=com.jogamp.common.util.VersionNumber.compareTo(Lcom/jogamp/common/util/VersionNumber;)I @ 21
Event: 20.085 Thread 0x00007fd2910ce800 Uncommon trap: reason=unstable_if action=reinterpret pc=0x000000010c52c3e0 method=java.awt.EventQueue.getPriority(Ljava/awt/AWTEvent;)I @ 71
Event: 20.100 Thread 0x00007fd2910ce800 Uncommon trap: reason=unstable_if action=reinterpret pc=0x000000010c391f48 method=java.awt.Font.equals(Ljava/lang/Object;)Z @ 2

Classes redefined (0 events):
No events

Internal exceptions (10 events):
Event: 0.417 Thread 0x00007fd28f80e000 Exception <a 'java/io/FileNotFoundException'> (0x000000076ae3c180) thrown at [/Users/java_re/workspace/8-2-build-macosx-x86_64/jdk8u202/12323/hotspot/src/share/vm/prims/jni.cpp, line 710]
Event: 0.417 Thread 0x00007fd28f80e000 Exception <a 'java/io/FileNotFoundException'> (0x000000076ae3ccf0) thrown at [/Users/java_re/workspace/8-2-build-macosx-x86_64/jdk8u202/12323/hotspot/src/share/vm/prims/jni.cpp, line 710]
Event: 0.442 Thread 0x00007fd28f80e000 Exception <a 'java/io/FileNotFoundException'> (0x000000076ae85590) thrown at [/Users/java_re/workspace/8-2-build-macosx-x86_64/jdk8u202/12323/hotspot/src/share/vm/prims/jni.cpp, line 710]
Event: 0.529 Thread 0x00007fd28f80e000 Exception <a 'java/io/FileNotFoundException'> (0x000000076aec1c00) thrown at [/Users/java_re/workspace/8-2-build-macosx-x86_64/jdk8u202/12323/hotspot/src/share/vm/prims/jni.cpp, line 710]
Event: 1.926 Thread 0x00007fd2910ea800 Exception <a 'java/lang/UnsatisfiedLinkError': com.jogamp.common.util.JarUtil.fixNativeLibAttribs(Ljava/lang/String;)Z> (0x000000076c658728) thrown at [/Users/java_re/workspace/8-2-build-macosx-x86_64/jdk8u202/12323/hotspot/src/share/vm/prims/nativeLookup
Event: 4.850 Thread 0x00007fd27fb2c000 Exception <a 'java/io/FileNotFoundException'> (0x000000076d82fe00) thrown at [/Users/java_re/workspace/8-2-build-macosx-x86_64/jdk8u202/12323/hotspot/src/share/vm/prims/jni.cpp, line 710]
Event: 4.850 Thread 0x00007fd27fb2c000 Exception <a 'java/io/FileNotFoundException'> (0x000000076d835c80) thrown at [/Users/java_re/workspace/8-2-build-macosx-x86_64/jdk8u202/12323/hotspot/src/share/vm/prims/jni.cpp, line 710]
Event: 4.851 Thread 0x00007fd27fb2c000 Implicit null exception at 0x000000010bc342b6 to 0x000000010bc34665
Event: 5.447 Thread 0x00007fd27fb2c000 Implicit null exception at 0x000000010be0dc06 to 0x000000010be0de4d
Event: 5.564 Thread 0x00007fd29000e800 Exception <a 'java/lang/NullPointerException'> (0x000000076adc38f8) thrown at [/Users/java_re/workspace/8-2-build-macosx-x86_64/jdk8u202/12323/hotspot/src/share/vm/interpreter/linkResolver.cpp, line 1185]

Events (10 events):
Event: 20.129 Executing VM operation: RevokeBias
Event: 20.130 Executing VM operation: RevokeBias done
Event: 20.130 loading class jogamp/nativewindow/jawt/macosx/MacOSXJAWTWindow$4
Event: 20.130 loading class jogamp/nativewindow/jawt/macosx/MacOSXJAWTWindow$4 done
Event: 20.134 loading class com/jogamp/nativewindow/awt/JAWTWindow$JAWTComponentListener$2
Event: 20.134 loading class com/jogamp/nativewindow/awt/JAWTWindow$JAWTComponentListener$2 done
Event: 20.135 Executing VM operation: RevokeBias
Event: 20.135 Executing VM operation: RevokeBias done
Event: 20.136 loading class jogamp/nativewindow/jawt/macosx/MacOSXJAWTWindow$1
Event: 20.136 loading class jogamp/nativewindow/jawt/macosx/MacOSXJAWTWindow$1 done


Dynamic libraries:
0x00007ff820cf0000 	/System/Library/Frameworks/Cocoa.framework/Versions/A/Cocoa
0x00007ff80c3dc000 	/System/Library/Frameworks/AppKit.framework/Versions/C/AppKit
0x00007ff80f94d000 	/System/Library/Frameworks/CoreData.framework/Versions/A/CoreData
0x00007ff80a7e0000 	/System/Library/Frameworks/Foundation.framework/Versions/C/Foundation
0x00007ff814bc7000 	/usr/lib/libSystem.B.dylib
0x00007ff80d26b000 	/System/Library/PrivateFrameworks/UIFoundation.framework/Versions/A/UIFoundation
0x00007ff81abf4000 	/System/Library/PrivateFrameworks/RemoteViewServices.framework/Versions/A/RemoteViewServices
0x00007ff812e93000 	/System/Library/PrivateFrameworks/XCTTargetBootstrap.framework/Versions/A/XCTTargetBootstrap
0x00007ff816a8c000 	/System/Library/PrivateFrameworks/InternationalSupport.framework/Versions/A/InternationalSupport
0x00007ff816b16000 	/System/Library/PrivateFrameworks/UserActivity.framework/Versions/A/UserActivity
0x00007ff815e70000 	/usr/lib/libspindump.dylib
0x00007ff80d4f9000 	/System/Library/Frameworks/UniformTypeIdentifiers.framework/Versions/A/UniformTypeIdentifiers
0x00007ff8115bb000 	/usr/lib/libapp_launch_measurement.dylib
0x00007ff81032e000 	/System/Library/PrivateFrameworks/CoreAnalytics.framework/Versions/A/CoreAnalytics
0x00007ff8115be000 	/System/Library/PrivateFrameworks/CoreAutoLayout.framework/Versions/A/CoreAutoLayout
0x00007ff8127ed000 	/System/Library/Frameworks/Metal.framework/Versions/A/Metal
0x00007ff813519000 	/usr/lib/liblangid.dylib
0x00007ff812e98000 	/System/Library/PrivateFrameworks/CoreSVG.framework/Versions/A/CoreSVG
0x00007ff80e8e4000 	/System/Library/PrivateFrameworks/SkyLight.framework/Versions/A/SkyLight
0x00007ff80ec82000 	/System/Library/Frameworks/CoreGraphics.framework/Versions/A/CoreGraphics
0x00007ff81b2b4000 	/System/Library/Frameworks/Accelerate.framework/Versions/A/Accelerate
0x00007ff8158ef000 	/System/Library/PrivateFrameworks/IconServices.framework/Versions/A/IconServices
0x00007ff8127d2000 	/System/Library/Frameworks/IOSurface.framework/Versions/A/IOSurface
0x00007ff81035c000 	/usr/lib/libDiagnosticMessagesClient.dylib
0x00007ff814ae1000 	/usr/lib/libz.1.dylib
0x00007ff81e994000 	/System/Library/Frameworks/ApplicationServices.framework/Versions/A/ApplicationServices
0x00007ff812e7f000 	/System/Library/PrivateFrameworks/DFRFoundation.framework/Versions/A/DFRFoundation
0x00007ff80bcc4000 	/usr/lib/libicucore.A.dylib
0x00007ff817881000 	/System/Library/Frameworks/AudioToolbox.framework/Versions/A/AudioToolbox
0x00007ff816a98000 	/System/Library/PrivateFrameworks/DataDetectorsCore.framework/Versions/A/DataDetectorsCore
0x00007ff912b90000 	/System/Library/PrivateFrameworks/TextInput.framework/Versions/A/TextInput
0x00007ff80e867000 	/usr/lib/libMobileGestalt.dylib
0x00007ff812b8b000 	/System/Library/Frameworks/Carbon.framework/Versions/A/Frameworks/HIToolbox.framework/Versions/A/HIToolbox
0x00007ff810fc1000 	/System/Library/Frameworks/QuartzCore.framework/Versions/A/QuartzCore
0x00007ff80b969000 	/System/Library/Frameworks/Security.framework/Versions/A/Security
0x00007ff81ac2c000 	/System/Library/Frameworks/Carbon.framework/Versions/A/Frameworks/SpeechRecognition.framework/Versions/A/SpeechRecognition
0x00007ff81131b000 	/System/Library/PrivateFrameworks/CoreUI.framework/Versions/A/CoreUI
0x00007ff80b234000 	/System/Library/Frameworks/CoreAudio.framework/Versions/A/CoreAudio
0x00007ff81044b000 	/System/Library/Frameworks/DiskArbitration.framework/Versions/A/DiskArbitration
0x00007ff81625c000 	/System/Library/PrivateFrameworks/MultitouchSupport.framework/Versions/A/MultitouchSupport
0x00007ff80e866000 	/usr/lib/libenergytrace.dylib
0x00007ff80c2c8000 	/System/Library/Frameworks/IOKit.framework/Versions/A/IOKit
0x00007ff81b01c000 	/System/Library/Frameworks/CoreServices.framework/Versions/A/CoreServices
0x00007ff811555000 	/System/Library/PrivateFrameworks/PerformanceAnalysis.framework/Versions/A/PerformanceAnalysis
0x00007ffa227c1000 	/System/Library/Frameworks/OpenGL.framework/Versions/A/OpenGL
0x00007ff8140fd000 	/System/Library/PrivateFrameworks/MobileKeyBag.framework/Versions/A/MobileKeyBag
0x00007ff80986e000 	/usr/lib/libobjc.A.dylib
0x00007ff80f3ac000 	/System/Library/Frameworks/ColorSync.framework/Versions/A/ColorSync
0x00007ff809a28000 	/System/Library/Frameworks/CoreFoundation.framework/Versions/A/CoreFoundation
0x00007ff81310f000 	/System/Library/Frameworks/CoreImage.framework/Versions/A/CoreImage
0x00007ff80b048000 	/System/Library/Frameworks/CoreText.framework/Versions/A/CoreText
0x00007ff812ec8000 	/System/Library/Frameworks/ImageIO.framework/Versions/A/ImageIO
0x00007ff814bcd000 	/System/Library/PrivateFrameworks/SoftLinking.framework/Versions/A/SoftLinking
0x00007ff811606000 	/usr/lib/libxml2.2.dylib
0x00007ff809934000 	/usr/lib/libc++.1.dylib
0x00007ff814e4e000 	/usr/lib/libcompression.dylib
0x00007ff8169bf000 	/System/Library/PrivateFrameworks/TextureIO.framework/Versions/A/TextureIO
0x00007ff815568000 	/usr/lib/libate.dylib
0x00007ff814bc2000 	/usr/lib/system/libcache.dylib
0x00007ff814b7e000 	/usr/lib/system/libcommonCrypto.dylib
0x00007ff814ba7000 	/usr/lib/system/libcompiler_rt.dylib
0x00007ff814b9d000 	/usr/lib/system/libcopyfile.dylib
0x00007ff809769000 	/usr/lib/system/libcorecrypto.dylib
0x00007ff809827000 	/usr/lib/system/libdispatch.dylib
0x00007ff8099e7000 	/usr/lib/system/libdyld.dylib
0x00007ff814bb9000 	/usr/lib/system/libkeymgr.dylib
0x00007ff814b5c000 	/usr/lib/system/libmacho.dylib
0x00007ff8141d7000 	/usr/lib/system/libquarantine.dylib
0x00007ff814bb7000 	/usr/lib/system/libremovefile.dylib
0x00007ff80e8b4000 	/usr/lib/system/libsystem_asl.dylib
0x00007ff809712000 	/usr/lib/system/libsystem_blocks.dylib
0x00007ff8098ab000 	/usr/lib/system/libsystem_c.dylib
0x00007ff814baf000 	/usr/lib/system/libsystem_collections.dylib
0x00007ff813509000 	/usr/lib/system/libsystem_configuration.dylib
0x00007ff8127b5000 	/usr/lib/system/libsystem_containermanager.dylib
0x00007ff81488e000 	/usr/lib/system/libsystem_coreservices.dylib
0x00007ff80bf58000 	/usr/lib/system/libsystem_darwin.dylib
0x00007ff814bba000 	/usr/lib/system/libsystem_dnssd.dylib
0x00007ff8098a8000 	/usr/lib/system/libsystem_featureflags.dylib
0x00007ff8099fd000 	/usr/lib/system/libsystem_info.dylib
0x00007ff814af4000 	/usr/lib/system/libsystem_m.dylib
0x00007ff8097fb000 	/usr/lib/system/libsystem_malloc.dylib
0x00007ff80e84f000 	/usr/lib/system/libsystem_networkextension.dylib
0x00007ff80c37e000 	/usr/lib/system/libsystem_notify.dylib
0x00007ff81aef1000 	/usr/lib/system/libsystem_product_info_filter.dylib
0x00007ff81350d000 	/usr/lib/system/libsystem_sandbox.dylib
0x00007ff814bb4000 	/usr/lib/system/libsystem_secinit.dylib
0x00007ff8099a3000 	/usr/lib/system/libsystem_kernel.dylib
0x00007ff8099f3000 	/usr/lib/system/libsystem_platform.dylib
0x00007ff8099db000 	/usr/lib/system/libsystem_pthread.dylib
0x00007ff81016e000 	/usr/lib/system/libsystem_symptoms.dylib
0x00007ff809750000 	/usr/lib/system/libsystem_trace.dylib
0x00007ff814b8a000 	/usr/lib/system/libunwind.dylib
0x00007ff809714000 	/usr/lib/system/libxpc.dylib
0x00007ff80998d000 	/usr/lib/libc++abi.dylib
0x00007ff814b95000 	/usr/lib/liboah.dylib
0x00007ff815326000 	/usr/lib/liblzma.5.dylib
0x00007ff80a4ef000 	/System/Library/Frameworks/SystemConfiguration.framework/Versions/A/SystemConfiguration
0x00007ff814bc9000 	/usr/lib/libfakelink.dylib
0x00007ff80e3c0000 	/System/Library/Frameworks/CFNetwork.framework/Versions/A/CFNetwork
0x00007ff814d0a000 	/usr/lib/libarchive.2.dylib
0x00007ff813515000 	/System/Library/PrivateFrameworks/AppleSystemInfo.framework/Versions/A/AppleSystemInfo
0x00007ff8141fe000 	/usr/lib/libbsm.0.dylib
0x00007ff80d9cf000 	/usr/lib/libnetwork.dylib
0x00007ff814b62000 	/usr/lib/system/libkxld.dylib
0x00007ff813e31000 	/System/Library/PrivateFrameworks/IOMobileFramebuffer.framework/Versions/A/IOMobileFramebuffer
0x00007ffb21b85000 	/usr/lib/libCoreEntitlements.dylib
0x00007ff814870000 	/System/Library/PrivateFrameworks/AppleFSCompression.framework/Versions/A/AppleFSCompression
0x00007ff8141e6000 	/usr/lib/libcoretls.dylib
0x00007ff815340000 	/usr/lib/libcoretls_cfhelpers.dylib
0x00007ff814e49000 	/usr/lib/libpam.2.dylib
0x00007ff80fd91000 	/usr/lib/libsqlite3.dylib
0x00007ff8153af000 	/usr/lib/libxar.1.dylib
0x00007ff814880000 	/usr/lib/libbz2.1.0.dylib
0x00007ff814bce000 	/usr/lib/libpcap.A.dylib
0x00007ff810166000 	/usr/lib/libdns_services.dylib
0x00007ff814e1c000 	/usr/lib/libapple_nghttp2.dylib
0x00007ff814c08000 	/usr/lib/libiconv.2.dylib
0x00007ff814b5b000 	/usr/lib/libcharset.1.dylib
0x00007ff811589000 	/System/Library/Frameworks/CoreServices.framework/Versions/A/Frameworks/FSEvents.framework/Versions/A/FSEvents
0x00007ff80bf62000 	/System/Library/Frameworks/CoreServices.framework/Versions/A/Frameworks/CarbonCore.framework/Versions/A/CarbonCore
0x00007ff8103af000 	/System/Library/Frameworks/CoreServices.framework/Versions/A/Frameworks/Metadata.framework/Versions/A/Metadata
0x00007ff814893000 	/System/Library/Frameworks/CoreServices.framework/Versions/A/Frameworks/OSServices.framework/Versions/A/OSServices
0x00007ff814d91000 	/System/Library/Frameworks/CoreServices.framework/Versions/A/Frameworks/SearchKit.framework/Versions/A/SearchKit
0x00007ff8100f9000 	/System/Library/Frameworks/CoreServices.framework/Versions/A/Frameworks/AE.framework/Versions/A/AE
0x00007ff809f29000 	/System/Library/Frameworks/CoreServices.framework/Versions/A/Frameworks/LaunchServices.framework/Versions/A/LaunchServices
0x00007ff8152d7000 	/System/Library/Frameworks/CoreServices.framework/Versions/A/Frameworks/DictionaryServices.framework/Versions/A/DictionaryServices
0x00007ff811596000 	/System/Library/Frameworks/CoreServices.framework/Versions/A/Frameworks/SharedFileList.framework/Versions/A/SharedFileList
0x00007ff8141da000 	/usr/lib/libCheckFix.dylib
0x00007ff80e8cb000 	/System/Library/PrivateFrameworks/TCC.framework/Versions/A/TCC
0x00007ff81351b000 	/System/Library/PrivateFrameworks/CoreNLP.framework/Versions/A/CoreNLP
0x00007ff81035f000 	/System/Library/PrivateFrameworks/MetadataUtilities.framework/Versions/A/MetadataUtilities
0x00007ff80a5a3000 	/usr/lib/libmecabra.dylib
0x00007ff81420e000 	/usr/lib/libmecab.dylib
0x00007ff80a56e000 	/usr/lib/libCRFSuite.dylib
0x00007ff814268000 	/usr/lib/libgermantok.dylib
0x00007ff814df7000 	/usr/lib/libThaiTokenizer.dylib
0x00007ff810452000 	/System/Library/Frameworks/Accelerate.framework/Versions/A/Frameworks/vImage.framework/Versions/A/vImage
0x00007ff81aff3000 	/System/Library/Frameworks/Accelerate.framework/Versions/A/Frameworks/vecLib.framework/Versions/A/vecLib
0x00007ff8153f0000 	/System/Library/Frameworks/Accelerate.framework/Versions/A/Frameworks/vecLib.framework/Versions/A/libvMisc.dylib
0x00007ff813c30000 	/System/Library/Frameworks/Accelerate.framework/Versions/A/Frameworks/vecLib.framework/Versions/A/libvDSP.dylib
0x00007ff80a2a7000 	/System/Library/Frameworks/Accelerate.framework/Versions/A/Frameworks/vecLib.framework/Versions/A/libBLAS.dylib
0x00007ff814f2c000 	/System/Library/Frameworks/Accelerate.framework/Versions/A/Frameworks/vecLib.framework/Versions/A/libLAPACK.dylib
0x00007ff81426b000 	/System/Library/Frameworks/Accelerate.framework/Versions/A/Frameworks/vecLib.framework/Versions/A/libLinearAlgebra.dylib
0x00007ff814e34000 	/System/Library/Frameworks/Accelerate.framework/Versions/A/Frameworks/vecLib.framework/Versions/A/libSparseBLAS.dylib
0x00007ff814f26000 	/System/Library/Frameworks/Accelerate.framework/Versions/A/Frameworks/vecLib.framework/Versions/A/libQuadrature.dylib
0x00007ff813606000 	/System/Library/Frameworks/Accelerate.framework/Versions/A/Frameworks/vecLib.framework/Versions/A/libBNNS.dylib
0x00007ff80a479000 	/System/Library/Frameworks/Accelerate.framework/Versions/A/Frameworks/vecLib.framework/Versions/A/libSparse.dylib
0x00007ff8135ff000 	/System/Library/PrivateFrameworks/LinguisticData.framework/Versions/A/LinguisticData
0x00007ff80a42f000 	/System/Library/PrivateFrameworks/Lexicon.framework/Versions/A/Lexicon
0x00007ff8153e9000 	/usr/lib/libChineseTokenizer.dylib
0x00007ff80ab9d000 	/System/Library/PrivateFrameworks/LanguageModeling.framework/Versions/A/LanguageModeling
0x00007ff814df9000 	/System/Library/PrivateFrameworks/AppleSauce.framework/Versions/A/AppleSauce
0x00007ff813e1f000 	/System/Library/PrivateFrameworks/CoreEmoji.framework/Versions/A/CoreEmoji
0x00007ff814cf9000 	/usr/lib/libcmph.dylib
0x00007ff81156d000 	/System/Library/Frameworks/OpenDirectory.framework/Versions/A/Frameworks/CFOpenDirectory.framework/Versions/A/CFOpenDirectory
0x00007ff811561000 	/System/Library/Frameworks/OpenDirectory.framework/Versions/A/OpenDirectory
0x00007ff815342000 	/System/Library/PrivateFrameworks/APFS.framework/Versions/A/APFS
0x00007ff814135000 	/System/Library/Frameworks/SecurityFoundation.framework/Versions/A/SecurityFoundation
0x00007ff8153bd000 	/usr/lib/libutil.dylib
0x00007ff80c28c000 	/System/Library/PrivateFrameworks/CoreServicesStore.framework/Versions/A/CoreServicesStore
0x00007ff8153c1000 	/usr/lib/libxslt.1.dylib
0x00007ff8141c2000 	/System/Library/PrivateFrameworks/BackgroundTaskManagement.framework/Versions/A/BackgroundTaskManagement
0x00007ff8168e0000 	/System/Library/Frameworks/ImageIO.framework/Versions/A/Resources/libRadiance.dylib
0x00007ff8168e9000 	/System/Library/Frameworks/ImageIO.framework/Versions/A/Resources/libJPEG.dylib
0x00007ff81683b000 	/System/Library/Frameworks/ImageIO.framework/Versions/A/Resources/libPng.dylib
0x00007ff81685c000 	/System/Library/Frameworks/ImageIO.framework/Versions/A/Resources/libTIFF.dylib
0x00007ff816948000 	/System/Library/Frameworks/ImageIO.framework/Versions/A/Resources/libGIF.dylib
0x00007ff816178000 	/System/Library/Frameworks/ImageIO.framework/Versions/A/Resources/libJP2.dylib
0x00007ff8158b6000 	/usr/lib/libexpat.1.dylib
0x00007ff81612d000 	/System/Library/PrivateFrameworks/AppleJPEG.framework/Versions/A/AppleJPEG
0x00007ff812a4f000 	/System/Library/PrivateFrameworks/FontServices.framework/libFontParser.dylib
0x00007ff8100a3000 	/System/Library/PrivateFrameworks/RunningBoardServices.framework/Versions/A/RunningBoardServices
0x00007ff8212ab000 	/System/Library/PrivateFrameworks/IOSurfaceAccelerator.framework/Versions/A/IOSurfaceAccelerator
0x00007ff816258000 	/System/Library/PrivateFrameworks/WatchdogClient.framework/Versions/A/WatchdogClient
0x00007ff80ac8b000 	/System/Library/Frameworks/CoreDisplay.framework/Versions/A/CoreDisplay
0x00007ff81294d000 	/System/Library/Frameworks/CoreMedia.framework/Versions/A/CoreMedia
0x00007ff8127e4000 	/System/Library/PrivateFrameworks/IOAccelerator.framework/Versions/A/IOAccelerator
0x00007ff8116ea000 	/System/Library/Frameworks/CoreVideo.framework/Versions/A/CoreVideo
0x00007ff814e47000 	/System/Library/Frameworks/MetalPerformanceShaders.framework/Versions/A/MetalPerformanceShaders
0x00007ff816295000 	/System/Library/Frameworks/VideoToolbox.framework/Versions/A/VideoToolbox
0x00007ff80ffed000 	/System/Library/PrivateFrameworks/BaseBoard.framework/Versions/A/BaseBoard
0x00007ff80fd77000 	/System/Library/PrivateFrameworks/ProtocolBuffer.framework/Versions/A/ProtocolBuffer
0x00007ff8168d9000 	/System/Library/PrivateFrameworks/GPUWrangler.framework/Versions/A/GPUWrangler
0x00007ff8168bd000 	/System/Library/PrivateFrameworks/IOPresentment.framework/Versions/A/IOPresentment
0x00007ff8168e3000 	/System/Library/PrivateFrameworks/DSExternalDisplay.framework/Versions/A/DSExternalDisplay
0x00007ffa227b5000 	/System/Library/Frameworks/OpenGL.framework/Versions/A/Libraries/libCoreFSCache.dylib
0x00007ffb0f2a9000 	/System/Library/PrivateFrameworks/GPUCompiler.framework/Versions/31001/Libraries/libGPUCompilerUtils.dylib
0x00007ff81694d000 	/System/Library/PrivateFrameworks/CMCaptureCore.framework/Versions/A/CMCaptureCore
0x00007ff815e5e000 	/System/Library/PrivateFrameworks/AppServerSupport.framework/Versions/A/AppServerSupport
0x00007ff818119000 	/System/Library/PrivateFrameworks/perfdata.framework/Versions/A/perfdata
0x00007ff80adb7000 	/System/Library/PrivateFrameworks/AudioToolboxCore.framework/Versions/A/AudioToolboxCore
0x00007ff81292b000 	/System/Library/PrivateFrameworks/caulk.framework/Versions/A/caulk
0x00007ff817a2b000 	/usr/lib/libAudioStatistics.dylib
0x00007ff90f333000 	/System/Library/PrivateFrameworks/SystemPolicy.framework/Versions/A/SystemPolicy
0x00007ff817c86000 	/usr/lib/libSMC.dylib
0x00007ff820ba3000 	/System/Library/Frameworks/CoreMIDI.framework/Versions/A/CoreMIDI
0x00007ff81680a000 	/usr/lib/libAudioToolboxUtility.dylib
0x00007ff90b568000 	/System/Library/PrivateFrameworks/OSAServicesClient.framework/Versions/A/OSAServicesClient
0x00007ff818126000 	/usr/lib/libperfcheck.dylib
0x00007ff90fddd000 	/usr/lib/libmis.dylib
0x00007ffa22810000 	/System/Library/Frameworks/OpenGL.framework/Versions/A/Libraries/libGLU.dylib
0x00007ffa227d4000 	/System/Library/Frameworks/OpenGL.framework/Versions/A/Libraries/libGFXShared.dylib
0x00007ffa229dd000 	/System/Library/Frameworks/OpenGL.framework/Versions/A/Libraries/libGL.dylib
0x00007ffa227dd000 	/System/Library/Frameworks/OpenGL.framework/Versions/A/Libraries/libGLImage.dylib
0x00007ffa227d1000 	/System/Library/Frameworks/OpenGL.framework/Versions/A/Libraries/libCVMSPluginSupport.dylib
0x00007ffa227bc000 	/System/Library/Frameworks/OpenGL.framework/Versions/A/Libraries/libCoreVMClient.dylib
0x00007ff813497000 	/System/Library/Frameworks/MetalPerformanceShaders.framework/Versions/A/Frameworks/MPSCore.framework/Versions/A/MPSCore
0x00007ff8147db000 	/System/Library/Frameworks/MetalPerformanceShaders.framework/Versions/A/Frameworks/MPSImage.framework/Versions/A/MPSImage
0x00007ff814281000 	/System/Library/Frameworks/MetalPerformanceShaders.framework/Versions/A/Frameworks/MPSNeuralNetwork.framework/Versions/A/MPSNeuralNetwork
0x00007ff8146f5000 	/System/Library/Frameworks/MetalPerformanceShaders.framework/Versions/A/Frameworks/MPSMatrix.framework/Versions/A/MPSMatrix
0x00007ff8144b0000 	/System/Library/Frameworks/MetalPerformanceShaders.framework/Versions/A/Frameworks/MPSRayIntersector.framework/Versions/A/MPSRayIntersector
0x00007ff81472d000 	/System/Library/Frameworks/MetalPerformanceShaders.framework/Versions/A/Frameworks/MPSNDArray.framework/Versions/A/MPSNDArray
0x00007ffa279d7000 	/System/Library/Frameworks/MetalPerformanceShaders.framework/Versions/A/Frameworks/MPSFunctions.framework/Versions/A/MPSFunctions
0x00007ff80a180000 	/System/Library/PrivateFrameworks/MetalTools.framework/Versions/A/MetalTools
0x00007ff813513000 	/System/Library/PrivateFrameworks/AggregateDictionary.framework/Versions/A/AggregateDictionary
0x00007ff815698000 	/usr/lib/libIOReport.dylib
0x00007ffa23dec000 	/System/Library/Frameworks/OpenCL.framework/Versions/A/OpenCL
0x00007ff8159fc000 	/System/Library/PrivateFrameworks/FaceCore.framework/Versions/A/FaceCore
0x00007ff8159ed000 	/System/Library/PrivateFrameworks/GraphVisualizer.framework/Versions/A/GraphVisualizer
0x00007ffb0f1b4000 	/System/Library/PrivateFrameworks/FontServices.framework/Versions/A/FontServices
0x00007ff815e16000 	/System/Library/PrivateFrameworks/OTSVG.framework/Versions/A/OTSVG
0x00007ff8112d1000 	/System/Library/Frameworks/ApplicationServices.framework/Versions/A/Frameworks/ATS.framework/Versions/A/Resources/libFontRegistry.dylib
0x00007ff815e66000 	/System/Library/PrivateFrameworks/FontServices.framework/libhvf.dylib
0x00007ffb0f1b5000 	/System/Library/PrivateFrameworks/FontServices.framework/libXTFontStaticRegistryData.dylib
0x00007ff815866000 	/System/Library/PrivateFrameworks/AppleVA.framework/Versions/A/AppleVA
0x00007ff817a4b000 	/System/Library/Frameworks/ApplicationServices.framework/Versions/A/Frameworks/ATS.framework/Versions/A/ATS
0x00007ff80f4aa000 	/System/Library/Frameworks/ApplicationServices.framework/Versions/A/Frameworks/HIServices.framework/Versions/A/HIServices
0x00007ff816957000 	/System/Library/Frameworks/ApplicationServices.framework/Versions/A/Frameworks/PrintCore.framework/Versions/A/PrintCore
0x00007ff817dd9000 	/System/Library/Frameworks/ApplicationServices.framework/Versions/A/Frameworks/QD.framework/Versions/A/QD
0x00007ff817dd1000 	/System/Library/Frameworks/ApplicationServices.framework/Versions/A/Frameworks/ColorSyncLegacy.framework/Versions/A/ColorSyncLegacy
0x00007ff817a3b000 	/System/Library/Frameworks/ApplicationServices.framework/Versions/A/Frameworks/SpeechSynthesis.framework/Versions/A/SpeechSynthesis
0x00007ff816918000 	/System/Library/Frameworks/ApplicationServices.framework/Versions/A/Frameworks/ATSUI.framework/Versions/A/ATSUI
0x00007ff817d66000 	/usr/lib/libcups.2.dylib
0x00007ff818135000 	/System/Library/Frameworks/Kerberos.framework/Versions/A/Kerberos
0x00007ff818144000 	/System/Library/Frameworks/GSS.framework/Versions/A/GSS
0x00007ff817ab7000 	/usr/lib/libresolv.9.dylib
0x00007ff815e75000 	/System/Library/PrivateFrameworks/Heimdal.framework/Versions/A/Heimdal
0x00007ff81ed26000 	/System/Library/Frameworks/Kerberos.framework/Versions/A/Libraries/libHeimdalProxy.dylib
0x00007ff810176000 	/System/Library/Frameworks/Network.framework/Versions/A/Network
0x00007ff8158d0000 	/usr/lib/libheimdal-asn1.dylib
0x00007ff81818f000 	/System/Library/PrivateFrameworks/CommonAuth.framework/Versions/A/CommonAuth
0x00007ff8179bd000 	/System/Library/PrivateFrameworks/AudioSession.framework/Versions/A/AudioSession
0x00007ff815960000 	/System/Library/PrivateFrameworks/MediaExperience.framework/Versions/A/MediaExperience
0x00007ff817850000 	/System/Library/PrivateFrameworks/AudioSession.framework/libSessionUtility.dylib
0x00007ff817de5000 	/System/Library/PrivateFrameworks/AudioResourceArbitration.framework/Versions/A/AudioResourceArbitration
0x00007ff81be66000 	/System/Library/PrivateFrameworks/PowerLog.framework/Versions/A/PowerLog
0x00007ff8158d9000 	/System/Library/PrivateFrameworks/IconFoundation.framework/Versions/A/IconFoundation
0x00007ff81ac1c000 	/System/Library/PrivateFrameworks/SpeechRecognitionCore.framework/Versions/A/SpeechRecognitionCore
0x0000000109b8c000 	/Library/Java/JavaVirtualMachines/jdk1.8.0_202.jdk/Contents/Home/jre/lib/server/libjvm.dylib
0x00007ffb22611000 	/usr/lib/libstdc++.6.dylib
0x0000000108c20000 	/Library/Java/JavaVirtualMachines/jdk1.8.0_202.jdk/Contents/Home/jre/lib/libverify.dylib
0x0000000108c75000 	/Library/Java/JavaVirtualMachines/jdk1.8.0_202.jdk/Contents/Home/jre/lib/libjava.dylib
0x0000000108c50000 	/Library/Java/JavaVirtualMachines/jdk1.8.0_202.jdk/Contents/Home/jre/lib/libzip.dylib
0x0000000125ec3000 	/Library/Java/JavaVirtualMachines/jdk1.8.0_202.jdk/Contents/Home/jre/lib/libawt.dylib
0x00000001260e1000 	/Library/Java/JavaVirtualMachines/jdk1.8.0_202.jdk/Contents/Home/jre/lib/libmlib_image.dylib
0x00007ffa27934000 	/System/Library/Frameworks/JavaNativeFoundation.framework/Versions/A/JavaNativeFoundation
0x00007ffa27940000 	/System/Library/Frameworks/JavaRuntimeSupport.framework/Versions/A/JavaRuntimeSupport
0x00007ff90ee57000 	/System/Library/Frameworks/Carbon.framework/Versions/A/Carbon
0x00007ff81d0e0000 	/System/Library/PrivateFrameworks/CoreSymbolication.framework/Versions/A/CoreSymbolication
0x00007ff822642000 	/System/Library/Frameworks/Carbon.framework/Versions/A/Frameworks/CommonPanels.framework/Versions/A/CommonPanels
0x00007ff81e714000 	/System/Library/Frameworks/Carbon.framework/Versions/A/Frameworks/Help.framework/Versions/A/Help
0x00007ff822646000 	/System/Library/Frameworks/Carbon.framework/Versions/A/Frameworks/ImageCapture.framework/Versions/A/ImageCapture
0x00007ff822616000 	/System/Library/Frameworks/Carbon.framework/Versions/A/Frameworks/OpenScripting.framework/Versions/A/OpenScripting
0x00007ff82263e000 	/System/Library/Frameworks/Carbon.framework/Versions/A/Frameworks/Ink.framework/Versions/A/Ink
0x00007ff90ee53000 	/System/Library/Frameworks/Carbon.framework/Versions/A/Frameworks/Print.framework/Versions/A/Print
0x00007ff82263a000 	/System/Library/Frameworks/Carbon.framework/Versions/A/Frameworks/SecurityHI.framework/Versions/A/SecurityHI
0x00007ff81d0a5000 	/System/Library/PrivateFrameworks/DebugSymbols.framework/Versions/A/DebugSymbols
0x0000000126269000 	/Library/Java/JavaVirtualMachines/jdk1.8.0_202.jdk/Contents/Home/jre/lib/libawt_lwawt.dylib
0x0000000125e58000 	/Library/Java/JavaVirtualMachines/jdk1.8.0_202.jdk/Contents/Home/jre/lib/libosxapp.dylib
0x00007ff90e129000 	/System/Library/Frameworks/ExceptionHandling.framework/Versions/A/ExceptionHandling
0x00007ff80c24e000 	/System/Library/PrivateFrameworks/CoreServicesInternal.framework/Versions/A/CoreServicesInternal
0x00007ff81c457000 	/System/Library/Frameworks/FileProvider.framework/Versions/A/FileProvider
0x00007ff80ff5a000 	/System/Library/Frameworks/Accounts.framework/Versions/A/Accounts
0x00007ff81c5d0000 	/System/Library/PrivateFrameworks/GenerationalStorage.framework/Versions/A/GenerationalStorage
0x00007ff81be5b000 	/System/Library/PrivateFrameworks/SymptomDiagnosticReporter.framework/Versions/A/SymptomDiagnosticReporter
0x00007ff80d50d000 	/System/Library/PrivateFrameworks/DesktopServicesPriv.framework/Versions/A/DesktopServicesPriv
0x00007ff80c38d000 	/usr/lib/libsandbox.1.dylib
0x00007ff811769000 	/System/Library/PrivateFrameworks/UserManagement.framework/Versions/A/UserManagement
0x00007ff817dc6000 	/System/Library/PrivateFrameworks/NetAuth.framework/Versions/A/NetAuth
0x00007ff818cd5000 	/System/Library/PrivateFrameworks/Sharing.framework/Versions/A/Sharing
0x00007ff81173c000 	/System/Library/PrivateFrameworks/login.framework/Versions/A/Frameworks/loginsupport.framework/Versions/A/loginsupport
0x00007ff81e243000 	/System/Library/PrivateFrameworks/Apple80211.framework/Versions/A/Apple80211
0x00007ff8148c0000 	/System/Library/PrivateFrameworks/AuthKit.framework/Versions/A/AuthKit
0x00007ff813f15000 	/System/Library/PrivateFrameworks/CoreUtils.framework/Versions/A/CoreUtils
0x00007ff813e3c000 	/System/Library/Frameworks/CoreWLAN.framework/Versions/A/CoreWLAN
0x00007ff818e34000 	/System/Library/Frameworks/IOBluetooth.framework/Versions/A/IOBluetooth
0x00007ff81e2ab000 	/System/Library/PrivateFrameworks/CoreWiFi.framework/Versions/A/CoreWiFi
0x00007ff81cc7a000 	/System/Library/PrivateFrameworks/FrontBoardServices.framework/Versions/A/FrontBoardServices
0x00007ff81cd0b000 	/System/Library/PrivateFrameworks/BoardServices.framework/Versions/A/BoardServices
0x00007ff814124000 	/System/Library/PrivateFrameworks/AssertionServices.framework/Versions/A/AssertionServices
0x00007ff81e42e000 	/System/Library/PrivateFrameworks/BackBoardServices.framework/Versions/A/BackBoardServices
0x00007ff818220000 	/System/Library/PrivateFrameworks/CorePhoneNumbers.framework/Versions/A/CorePhoneNumbers
0x00007ff817ae4000 	/System/Library/PrivateFrameworks/MultiverseSupport.framework/Versions/A/MultiverseSupport
0x00007ff81e6a1000 	/System/Library/PrivateFrameworks/RemoteServiceDiscovery.framework/Versions/A/RemoteServiceDiscovery
0x00007ff81bf78000 	/System/Library/PrivateFrameworks/DiskManagement.framework/Versions/A/DiskManagement
0x00007ff81be8c000 	/System/Library/PrivateFrameworks/AppleIDAuthSupport.framework/Versions/A/AppleIDAuthSupport
0x00007ffb09b4b000 	/System/Library/PrivateFrameworks/AAAFoundation.framework/Versions/A/AAAFoundation
0x00007ff818201000 	/System/Library/PrivateFrameworks/KeychainCircle.framework/Versions/A/KeychainCircle
0x00007ff81e6b1000 	/System/Library/PrivateFrameworks/RemoteXPC.framework/Versions/A/RemoteXPC
0x00007ff81bf44000 	/System/Library/PrivateFrameworks/MediaKit.framework/Versions/A/MediaKit
0x00007ff81be98000 	/System/Library/Frameworks/DiscRecording.framework/Versions/A/DiscRecording
0x00007ff8157de000 	/usr/lib/libCoreStorage.dylib
0x00007ff81e71c000 	/usr/lib/libcsfde.dylib
0x00007ff818f01000 	/System/Library/PrivateFrameworks/ProtectedCloudStorage.framework/Versions/A/ProtectedCloudStorage
0x00007ff81e718000 	/System/Library/PrivateFrameworks/EFILogin.framework/Versions/A/EFILogin
0x00007ff81c5f6000 	/System/Library/PrivateFrameworks/OctagonTrust.framework/Versions/A/OctagonTrust
0x00007ffb0e417000 	/System/Library/PrivateFrameworks/CoreUtilsExtras.framework/Versions/A/CoreUtilsExtras
0x00007ff81bdbf000 	/System/Library/Frameworks/CoreBluetooth.framework/Versions/A/CoreBluetooth
0x00007ff81edab000 	/System/Library/Frameworks/AudioUnit.framework/Versions/A/AudioUnit
0x00007ff8157d6000 	/usr/lib/libMatch.1.dylib
0x00007ff916bc5000 	/System/Library/CoreServices/RawCamera.bundle/Contents/MacOS/RawCamera
0x00007ff81819f000 	/System/Library/PrivateFrameworks/MobileAsset.framework/Versions/A/MobileAsset
0x00007ff81edd2000 	/System/Library/PrivateFrameworks/StreamingZip.framework/Versions/A/StreamingZip
0x00007ffb0b70b000 	/System/Library/PrivateFrameworks/CMPhoto.framework/Versions/A/CMPhoto
0x00007ff81cf7b000 	/System/Library/PrivateFrameworks/AppleVPA.framework/Versions/A/AppleVPA
0x00007ff816b81000 	/System/Library/Frameworks/MediaToolbox.framework/Versions/A/MediaToolbox
0x00007ff81c427000 	/System/Library/PrivateFrameworks/CoreAVCHD.framework/Versions/A/CoreAVCHD
0x00007ff81b2fc000 	/System/Library/Frameworks/MediaAccessibility.framework/Versions/A/MediaAccessibility
0x00007ff81c423000 	/System/Library/PrivateFrameworks/Mangrove.framework/Versions/A/Mangrove
0x00007ff81b307000 	/System/Library/PrivateFrameworks/AlgosScoreFramework.framework/Versions/A/AlgosScoreFramework
0x00007ff81c068000 	/System/Library/PrivateFrameworks/CoreAUC.framework/Versions/A/CoreAUC
0x00007ff9143ef000 	/System/Library/Frameworks/Accelerate.framework/Versions/A/Frameworks/vImage.framework/Versions/A/Libraries/libCGInterfaces.dylib
0x0000000128315000 	/usr/lib/libobjc-trampolines.dylib
0x00007ff8212b3000 	/System/Library/PrivateFrameworks/FamilyControls.framework/Versions/A/FamilyControls
0x00007ff8212d7000 	/System/Library/PrivateFrameworks/CommerceKit.framework/Versions/A/Frameworks/CommerceCore.framework/Versions/A/CommerceCore
0x00007ff81b338000 	/System/Library/PrivateFrameworks/SystemAdministration.framework/Versions/A/SystemAdministration
0x00007ff818ee8000 	/System/Library/PrivateFrameworks/AppContainer.framework/Versions/A/AppContainer
0x00007ff818efd000 	/System/Library/PrivateFrameworks/SecCodeWrapper.framework/Versions/A/SecCodeWrapper
0x00007ff8156a1000 	/System/Library/PrivateFrameworks/CrashReporterSupport.framework/Versions/A/CrashReporterSupport
0x00007ff91bdf3000 	/System/Library/PrivateFrameworks/OSAnalytics.framework/Versions/A/OSAnalytics
0x00007ff926f88000 	/System/Library/PrivateFrameworks/Symbolication.framework/Versions/A/Symbolication
0x00007ff90fdba000 	/System/Library/PrivateFrameworks/MallocStackLogging.framework/Versions/A/MallocStackLogging
0x00007ff815f2c000 	/System/Library/PrivateFrameworks/login.framework/Versions/A/login
0x00007ff81abe8000 	/System/Library/Frameworks/DirectoryService.framework/Versions/A/DirectoryService
0x00007ff81e5ba000 	/System/Library/PrivateFrameworks/DiskImages.framework/Versions/A/DiskImages
0x00007ff8141cc000 	/System/Library/Frameworks/ServiceManagement.framework/Versions/A/ServiceManagement
0x00007ff81e796000 	/System/Library/PrivateFrameworks/LoginUIKit.framework/Versions/A/Frameworks/LoginUICore.framework/Versions/A/LoginUICore
0x00007ff8160d5000 	/usr/lib/libodfde.dylib
0x00007ff81e728000 	/usr/lib/libcurl.4.dylib
0x00007ffb220e0000 	/usr/lib/libcrypto.46.dylib
0x00007ffb225d5000 	/usr/lib/libssl.48.dylib
0x00007ff81e44c000 	/System/Library/Frameworks/LDAP.framework/Versions/A/LDAP
0x00007ff81e484000 	/System/Library/PrivateFrameworks/TrustEvaluationAgent.framework/Versions/A/TrustEvaluationAgent
0x00007ff817ad0000 	/usr/lib/libsasl2.2.dylib
0x00007ff81b32c000 	/System/Library/PrivateFrameworks/CoreDaemon.framework/Versions/B/CoreDaemon
0x00007ff81b327000 	/System/Library/PrivateFrameworks/AppleSRP.framework/Versions/A/AppleSRP
0x00007ff811461000 	/System/Library/PrivateFrameworks/ViewBridge.framework/Versions/A/ViewBridge
0x00007ffb21c74000 	/usr/lib/libRosetta.dylib
0x00007ffb0a20d000 	/System/Library/PrivateFrameworks/AccessibilityBundles.framework/Versions/A/AccessibilityBundles
0x00007ffa229e8000 	/System/Library/Frameworks/OpenGL.framework/Versions/A/Resources/GLEngine.bundle/GLEngine
0x00007ffa2284e000 	/System/Library/Frameworks/OpenGL.framework/Versions/A/Libraries/libGLProgrammability.dylib
0x0000000129d1a000 	/System/Library/Extensions/AppleMetalOpenGLRenderer.bundle/Contents/MacOS/AppleMetalOpenGLRenderer
0x00007ffa22b72000 	/System/Library/Frameworks/OpenGL.framework/Versions/A/Resources/GLRendererFloat.bundle/GLRendererFloat
0x00007ffa2498a000 	/System/Library/Extensions/AGXMetal13_3.bundle/Contents/MacOS/AGXMetal13_3
0x00007ff90fdf8000 	/System/Library/PrivateFrameworks/GPURawCounter.framework/Versions/A/GPURawCounter
0x00007ff90a711000 	/System/Library/PrivateFrameworks/IOGPU.framework/Versions/A/IOGPU
0x000000012a17c000 	/Library/Java/JavaVirtualMachines/jdk1.8.0_202.jdk/Contents/Home/jre/lib/libfontmanager.dylib
0x000000012a7dd000 	/Library/Java/JavaVirtualMachines/jdk1.8.0_202.jdk/Contents/Home/jre/lib/libosxui.dylib
0x000000012adaa000 	/Library/Java/JavaVirtualMachines/jdk1.8.0_202.jdk/Contents/Home/jre/lib/libnet.dylib
0x000000012ade5000 	/Library/Java/JavaVirtualMachines/jdk1.8.0_202.jdk/Contents/Home/jre/lib/libnio.dylib
0x0000000199e7f000 	/private/var/folders/tx/05p5n4rd23xbchspt80kwzyc0000gn/T/jogamp_0000/file_cache/jln3762767021990091550/jln1429831763374539387/libgluegen-rt.jnilib
0x0000000199eae000 	/private/var/folders/tx/05p5n4rd23xbchspt80kwzyc0000gn/T/jogamp_0000/file_cache/jln3762767021990091550/jln1429831763374539387/libnativewindow_awt.jnilib
0x0000000199eba000 	/Library/Java/JavaVirtualMachines/jdk1.8.0_202.jdk/Contents/Home/jre/lib/libjawt.dylib
0x0000000199ef2000 	/private/var/folders/tx/05p5n4rd23xbchspt80kwzyc0000gn/T/jogamp_0000/file_cache/jln3762767021990091550/jln1429831763374539387/libnativewindow_macosx.jnilib
0x000000019d506000 	/private/var/folders/tx/05p5n4rd23xbchspt80kwzyc0000gn/T/jogamp_0000/file_cache/jln3762767021990091550/jln1429831763374539387/libjogl_desktop.jnilib
0x000000019d378000 	/Library/Java/JavaVirtualMachines/jdk1.8.0_202.jdk/Contents/Home/jre/lib/libsunec.dylib
0x00000001a1148000 	/Library/Java/JavaVirtualMachines/jdk1.8.0_202.jdk/Contents/Home/jre/lib/libt2k.dylib

VM Arguments:
jvm_args: -Djava.security.policy=java.policy.applet -Dfile.encoding=UTF-8 
java_command: sun.applet.AppletViewer module5.EarthquakeCityMap1656662887301.html
java_class_path (initial): /Users/hantang/java_workspace/UCSDUnfoldingMaps/build:/Users/hantang/java_workspace/UCSDUnfoldingMaps/lib/core.jar:/Users/hantang/java_workspace/UCSDUnfoldingMaps/lib/gluegen-rt.jar:/Users/hantang/java_workspace/UCSDUnfoldingMaps/lib/jogl-all.jar:/Users/hantang/java_workspace/UCSDUnfoldingMaps/lib/log4j-1.2.15.jar:/Users/hantang/java_workspace/UCSDUnfoldingMaps/lib/sqlite-jdbc-3.7.2.jar:/Users/hantang/java_workspace/UCSDUnfoldingMaps/lib/json4processing.jar:/Users/hantang/java_workspace/UCSDUnfoldingMaps/lib/libTUIO.jar:/Users/hantang/java_workspace/UCSDUnfoldingMaps/lib/unfolding.0.9.7-uscd.jar
Launcher Type: SUN_STANDARD

Environment Variables:
PATH=/usr/bin:/bin:/usr/sbin:/sbin
SHELL=/bin/zsh

Signal Handlers:
SIGSEGV: [libjvm.dylib+0x5b719d], sa_mask[0]=11111111111111111111111111111111, sa_flags=SA_ONSTACK|SA_RESTART|SA_SIGINFO
SIGBUS: [libjvm.dylib+0x5b719d], sa_mask[0]=11111111111111111111111111111111, sa_flags=SA_RESTART|SA_SIGINFO
SIGFPE: [libjvm.dylib+0x48c8fc], sa_mask[0]=11111111111111111111111111111111, sa_flags=SA_RESTART|SA_SIGINFO
SIGPIPE: [libjvm.dylib+0x48c8fc], sa_mask[0]=11111111111111111111111111111111, sa_flags=SA_RESTART|SA_SIGINFO
SIGXFSZ: [libjvm.dylib+0x48c8fc], sa_mask[0]=11111111111111111111111111111111, sa_flags=SA_RESTART|SA_SIGINFO
SIGILL: [libjvm.dylib+0x48c8fc], sa_mask[0]=11111111111111111111111111111111, sa_flags=SA_RESTART|SA_SIGINFO
SIGUSR1: SIG_DFL, sa_mask[0]=00000000000000000000000000000000, sa_flags=none
SIGUSR2: [libjvm.dylib+0x48c41a], sa_mask[0]=00100000000000000000000000000000, sa_flags=SA_RESTART|SA_SIGINFO
SIGHUP: [libjvm.dylib+0x48a9a5], sa_mask[0]=11111111111111111111111111111111, sa_flags=SA_RESTART|SA_SIGINFO
SIGINT: [libjvm.dylib+0x48a9a5], sa_mask[0]=11111111111111111111111111111111, sa_flags=SA_RESTART|SA_SIGINFO
SIGTERM: [libjvm.dylib+0x48a9a5], sa_mask[0]=11111111111111111111111111111111, sa_flags=SA_RESTART|SA_SIGINFO
SIGQUIT: [libjvm.dylib+0x48a9a5], sa_mask[0]=11111111111111111111111111111111, sa_flags=SA_RESTART|SA_SIGINFO


---------------  S Y S T E M  ---------------

OS:Bsduname:Darwin 21.5.0 Darwin Kernel Version 21.5.0: Tue Apr 26 21:08:29 PDT 2022; root:xnu-8020.121.3~4/RELEASE_ARM64_T8101 x86_64
rlimit: STACK 8176k, CORE 0k, NPROC 2666, NOFILE 10240, AS infinity
load average:2.34 2.39 2.41

CPU:total 8 (initial active 8) (1 cores per cpu, 1 threads per core) family 6 model 44 stepping 0, cmov, cx8, fxsr, mmx, sse, sse2, sse3, ssse3, sse4.1, sse4.2, popcnt, aes, clmul, tsc, tscinvbit, tscinv

Memory: 4k page, physical 16777216k(32596k free)

/proc/meminfo:


vm_info: Java HotSpot(TM) 64-Bit Server VM (25.202-b08) for bsd-amd64 JRE (1.8.0_202-b08), built on Dec 15 2018 20:16:16 by "java_re" with gcc 4.2.1 (Based on Apple Inc. build 5658) (LLVM build 2336.11.00)

time: Fri Jul  1 16:08:27 2022
timezone: CST
elapsed time: 20 seconds (0d 0h 0m 20s)

